<?xml version="1.0" encoding="UTF-8" ?>
<!-- This is a WordPress eXtended RSS file generated by WordPress as an export of your site. -->
<!-- It contains information about your site's posts, pages, comments, categories, and other content. -->
<!-- You may use this file to transfer that content from one site to another. -->
<!-- This file is not intended to serve as a complete backup of your site. -->

<!-- To import this information into a WordPress site follow these steps: -->
<!-- 1. Log in to that site as an administrator. -->
<!-- 2. Go to Tools: Import in the WordPress admin panel. -->
<!-- 3. Install the "WordPress" importer from the list. -->
<!-- 4. Activate & Run Importer. -->
<!-- 5. Upload this file using the form provided on that page. -->
<!-- 6. You will first be asked to map the authors in this export file to users -->
<!--    on the site. For each author, you may choose to map to an -->
<!--    existing user on the site or to create a new user. -->
<!-- 7. WordPress will then import each of the posts, pages, comments, categories, etc. -->
<!--    contained in this file into your site. -->

<!-- generator="WordPress/4.9.5" created="2018-05-06 18:12" -->
<rss version="2.0"
	xmlns:excerpt="http://wordpress.org/export/1.2/excerpt/"
	xmlns:content="http://purl.org/rss/1.0/modules/content/"
	xmlns:wfw="http://wellformedweb.org/CommentAPI/"
	xmlns:dc="http://purl.org/dc/elements/1.1/"
	xmlns:wp="http://wordpress.org/export/1.2/"
>

<channel>
	<title>local.wordpress.test</title>
	<link>http://local.wordpress.test</link>
	<description>Just another WordPress site</description>
	<pubDate>Sun, 06 May 2018 18:12:53 +0000</pubDate>
	<language>en-US</language>
	<wp:wxr_version>1.2</wp:wxr_version>
	<wp:base_site_url>http://local.wordpress.test</wp:base_site_url>
	<wp:base_blog_url>http://local.wordpress.test</wp:base_blog_url>

	<wp:author><wp:author_id>1</wp:author_id><wp:author_login><![CDATA[admin]]></wp:author_login><wp:author_email><![CDATA[admin@local.test]]></wp:author_email><wp:author_display_name><![CDATA[admin]]></wp:author_display_name><wp:author_first_name><![CDATA[]]></wp:author_first_name><wp:author_last_name><![CDATA[]]></wp:author_last_name></wp:author>


	<generator>https://wordpress.org/?v=4.9.5</generator>

	<item>
		<title>Simple Liveblog</title>
		<link>http://local.wordpress.test/?p=9</link>
		<pubDate>Sun, 06 May 2018 16:24:30 +0000</pubDate>
		<dc:creator><![CDATA[admin]]></dc:creator>
		<guid isPermaLink="false">http://local.wordpress.test/?p=9</guid>
		<description></description>
		<content:encoded><![CDATA[]]></content:encoded>
		<excerpt:encoded><![CDATA[]]></excerpt:encoded>
		<wp:post_id>9</wp:post_id>
		<wp:post_date><![CDATA[2018-05-06 16:24:30]]></wp:post_date>
		<wp:post_date_gmt><![CDATA[2018-05-06 16:24:30]]></wp:post_date_gmt>
		<wp:comment_status><![CDATA[open]]></wp:comment_status>
		<wp:ping_status><![CDATA[open]]></wp:ping_status>
		<wp:post_name><![CDATA[one-entry]]></wp:post_name>
		<wp:status><![CDATA[publish]]></wp:status>
		<wp:post_parent>0</wp:post_parent>
		<wp:menu_order>0</wp:menu_order>
		<wp:post_type><![CDATA[post]]></wp:post_type>
		<wp:post_password><![CDATA[]]></wp:post_password>
		<wp:is_sticky>0</wp:is_sticky>
		<category domain="category" nicename="uncategorized"><![CDATA[Uncategorized]]></category>
		<wp:postmeta>
			<wp:meta_key><![CDATA[_edit_last]]></wp:meta_key>
			<wp:meta_value><![CDATA[1]]></wp:meta_value>
		</wp:postmeta>
		<wp:postmeta>
			<wp:meta_key><![CDATA[liveblog]]></wp:meta_key>
			<wp:meta_value><![CDATA[enable]]></wp:meta_value>
		</wp:postmeta>
		<wp:comment>
			<wp:comment_id>6</wp:comment_id>
			<wp:comment_author><![CDATA[admin]]></wp:comment_author>
			<wp:comment_author_email><![CDATA[admin@local.test]]></wp:comment_author_email>
			<wp:comment_author_url></wp:comment_author_url>
			<wp:comment_author_IP><![CDATA[]]></wp:comment_author_IP>
			<wp:comment_date><![CDATA[2018-05-06 16:28:45]]></wp:comment_date>
			<wp:comment_date_gmt><![CDATA[2018-05-06 16:28:45]]></wp:comment_date_gmt>
			<wp:comment_content><![CDATA[<p>This is a paragraph.</p><p>This is a paragraph with a <strong>bold</strong> word.</p><p>This is a paragraph with an <em>italic</em> word.</p><p>This is a paragraph with an <u>underlined</u> word.</p><p>This paragraph has a <a href="http://example.com" rel="nofollow">link</a>.</p>]]></wp:comment_content>
			<wp:comment_approved><![CDATA[liveblog]]></wp:comment_approved>
			<wp:comment_type><![CDATA[liveblog]]></wp:comment_type>
			<wp:comment_parent>0</wp:comment_parent>
			<wp:comment_user_id>1</wp:comment_user_id>
			<wp:commentmeta>
				<wp:meta_key><![CDATA[liveblog_hide_authors]]></wp:meta_key>
				<wp:meta_value><![CDATA[]]></wp:meta_value>
			</wp:commentmeta>
		</wp:comment>
		<wp:comment>
			<wp:comment_id>7</wp:comment_id>
			<wp:comment_author><![CDATA[admin]]></wp:comment_author>
			<wp:comment_author_email><![CDATA[admin@local.test]]></wp:comment_author_email>
			<wp:comment_author_url></wp:comment_author_url>
			<wp:comment_author_IP><![CDATA[]]></wp:comment_author_IP>
			<wp:comment_date><![CDATA[2018-05-06 16:29:40]]></wp:comment_date>
			<wp:comment_date_gmt><![CDATA[2018-05-06 16:29:40]]></wp:comment_date_gmt>
			<wp:comment_content><![CDATA[<ol><li>This is a numbered list</li><li>It has many items</li><li>Like this one</li><li>And this one.</li></ol>]]></wp:comment_content>
			<wp:comment_approved><![CDATA[liveblog]]></wp:comment_approved>
			<wp:comment_type><![CDATA[liveblog]]></wp:comment_type>
			<wp:comment_parent>0</wp:comment_parent>
			<wp:comment_user_id>1</wp:comment_user_id>
			<wp:commentmeta>
				<wp:meta_key><![CDATA[liveblog_hide_authors]]></wp:meta_key>
				<wp:meta_value><![CDATA[]]></wp:meta_value>
			</wp:commentmeta>
		</wp:comment>
		<wp:comment>
			<wp:comment_id>8</wp:comment_id>
			<wp:comment_author><![CDATA[admin]]></wp:comment_author>
			<wp:comment_author_email><![CDATA[admin@local.test]]></wp:comment_author_email>
			<wp:comment_author_url></wp:comment_author_url>
			<wp:comment_author_IP><![CDATA[]]></wp:comment_author_IP>
			<wp:comment_date><![CDATA[2018-05-06 16:30:01]]></wp:comment_date>
			<wp:comment_date_gmt><![CDATA[2018-05-06 16:30:01]]></wp:comment_date_gmt>
			<wp:comment_content><![CDATA[<ul><li>This is a bulleted list</li><li>It has many items</li><li>Like this one</li><li>And this one.</li></ul>]]></wp:comment_content>
			<wp:comment_approved><![CDATA[liveblog]]></wp:comment_approved>
			<wp:comment_type><![CDATA[liveblog]]></wp:comment_type>
			<wp:comment_parent>0</wp:comment_parent>
			<wp:comment_user_id>1</wp:comment_user_id>
			<wp:commentmeta>
				<wp:meta_key><![CDATA[liveblog_hide_authors]]></wp:meta_key>
				<wp:meta_value><![CDATA[]]></wp:meta_value>
			</wp:commentmeta>
		</wp:comment>
		<wp:comment>
			<wp:comment_id>9</wp:comment_id>
			<wp:comment_author><![CDATA[admin]]></wp:comment_author>
			<wp:comment_author_email><![CDATA[admin@local.test]]></wp:comment_author_email>
			<wp:comment_author_url></wp:comment_author_url>
			<wp:comment_author_IP><![CDATA[]]></wp:comment_author_IP>
			<wp:comment_date><![CDATA[2018-05-06 16:31:30]]></wp:comment_date>
			<wp:comment_date_gmt><![CDATA[2018-05-06 16:31:30]]></wp:comment_date_gmt>
			<wp:comment_content><![CDATA[<p></p><div><div id="liveblog-codeblock-identifier-HTML"><p>This is a <span>custom</span> code block</p></div></div><p></p>]]></wp:comment_content>
			<wp:comment_approved><![CDATA[liveblog]]></wp:comment_approved>
			<wp:comment_type><![CDATA[liveblog]]></wp:comment_type>
			<wp:comment_parent>0</wp:comment_parent>
			<wp:comment_user_id>1</wp:comment_user_id>
			<wp:commentmeta>
				<wp:meta_key><![CDATA[liveblog_hide_authors]]></wp:meta_key>
				<wp:meta_value><![CDATA[]]></wp:meta_value>
			</wp:commentmeta>
		</wp:comment>
		<wp:comment>
			<wp:comment_id>10</wp:comment_id>
			<wp:comment_author><![CDATA[admin]]></wp:comment_author>
			<wp:comment_author_email><![CDATA[admin@local.test]]></wp:comment_author_email>
			<wp:comment_author_url></wp:comment_author_url>
			<wp:comment_author_IP><![CDATA[]]></wp:comment_author_IP>
			<wp:comment_date><![CDATA[2018-05-06 17:09:41]]></wp:comment_date>
			<wp:comment_date_gmt><![CDATA[2018-05-06 17:09:41]]></wp:comment_date_gmt>
			<wp:comment_content><![CDATA[<p></p><img src="http://local.wordpress.test/wp-content/uploads/2018/05/wpcom-vip-logo-2017.png" /><p></p>]]></wp:comment_content>
			<wp:comment_approved><![CDATA[liveblog]]></wp:comment_approved>
			<wp:comment_type><![CDATA[liveblog]]></wp:comment_type>
			<wp:comment_parent>0</wp:comment_parent>
			<wp:comment_user_id>1</wp:comment_user_id>
			<wp:commentmeta>
				<wp:meta_key><![CDATA[liveblog_hide_authors]]></wp:meta_key>
				<wp:meta_value><![CDATA[]]></wp:meta_value>
			</wp:commentmeta>
		</wp:comment>
	</item>
	<item>
		<title>Pagination test</title>
		<link>http://local.wordpress.test/?p=13</link>
		<pubDate>Sun, 06 May 2018 17:13:42 +0000</pubDate>
		<dc:creator><![CDATA[admin]]></dc:creator>
		<guid isPermaLink="false">http://local.wordpress.test/?p=13</guid>
		<description></description>
		<content:encoded><![CDATA[]]></content:encoded>
		<excerpt:encoded><![CDATA[]]></excerpt:encoded>
		<wp:post_id>13</wp:post_id>
		<wp:post_date><![CDATA[2018-05-06 17:13:42]]></wp:post_date>
		<wp:post_date_gmt><![CDATA[2018-05-06 17:13:42]]></wp:post_date_gmt>
		<wp:comment_status><![CDATA[open]]></wp:comment_status>
		<wp:ping_status><![CDATA[open]]></wp:ping_status>
		<wp:post_name><![CDATA[pagination-test]]></wp:post_name>
		<wp:status><![CDATA[publish]]></wp:status>
		<wp:post_parent>0</wp:post_parent>
		<wp:menu_order>0</wp:menu_order>
		<wp:post_type><![CDATA[post]]></wp:post_type>
		<wp:post_password><![CDATA[]]></wp:post_password>
		<wp:is_sticky>0</wp:is_sticky>
		<category domain="category" nicename="uncategorized"><![CDATA[Uncategorized]]></category>
		<wp:postmeta>
			<wp:meta_key><![CDATA[liveblog]]></wp:meta_key>
			<wp:meta_value><![CDATA[enable]]></wp:meta_value>
		</wp:postmeta>
		<wp:postmeta>
			<wp:meta_key><![CDATA[_edit_last]]></wp:meta_key>
			<wp:meta_value><![CDATA[1]]></wp:meta_value>
		</wp:postmeta>
		<wp:comment>
			<wp:comment_id>11</wp:comment_id>
			<wp:comment_author><![CDATA[admin]]></wp:comment_author>
			<wp:comment_author_email><![CDATA[admin@local.test]]></wp:comment_author_email>
			<wp:comment_author_url></wp:comment_author_url>
			<wp:comment_author_IP><![CDATA[]]></wp:comment_author_IP>
			<wp:comment_date><![CDATA[2018-05-06 17:36:41]]></wp:comment_date>
			<wp:comment_date_gmt><![CDATA[2018-05-06 17:36:41]]></wp:comment_date_gmt>
			<wp:comment_content><![CDATA[<p>Lorem ipsum dolor sit amet, adipiscing elit. Nullam dignissim convallis est. Quisque aliquam. This is emphasized. Donec faucibus. Nunc iaculis suscipit dui. Nam sit amet sem. Aliquam libero nisi, imperdiet at, tincidunt nec, gravida vehicula, nisl. Maecenas ornare tortor. Donec sed tellus eget sapien fringilla nonummy. Mauris a ante. Suspendisse quam sem, consequat at, commodo vitae, feugiat in, nunc. Morbi imperdiet augue quis tellus. Mauris a ante. Suspendisse quam sem, consequat at, commodo vitae, feugiat in, nunc. Morbi imperdiet augue quis tellus. Praesent mattis, massa quis luctus fermentum, turpis mi volutpat justo, eu volutpat enim diam eget metus.</p>]]></wp:comment_content>
			<wp:comment_approved><![CDATA[liveblog]]></wp:comment_approved>
			<wp:comment_type><![CDATA[liveblog]]></wp:comment_type>
			<wp:comment_parent>0</wp:comment_parent>
			<wp:comment_user_id>1</wp:comment_user_id>
			<wp:commentmeta>
				<wp:meta_key><![CDATA[liveblog_hide_authors]]></wp:meta_key>
				<wp:meta_value><![CDATA[]]></wp:meta_value>
			</wp:commentmeta>
		</wp:comment>
		<wp:comment>
			<wp:comment_id>12</wp:comment_id>
			<wp:comment_author><![CDATA[admin]]></wp:comment_author>
			<wp:comment_author_email><![CDATA[admin@local.test]]></wp:comment_author_email>
			<wp:comment_author_url></wp:comment_author_url>
			<wp:comment_author_IP><![CDATA[]]></wp:comment_author_IP>
			<wp:comment_date><![CDATA[2018-05-06 17:36:45]]></wp:comment_date>
			<wp:comment_date_gmt><![CDATA[2018-05-06 17:36:45]]></wp:comment_date_gmt>
			<wp:comment_content><![CDATA[<p>Lorem ipsum dolor sit amet, adipiscing elit. Nullam dignissim convallis est. Quisque aliquam. This is emphasized. Donec faucibus. Nunc iaculis suscipit dui. Nam sit amet sem. Aliquam libero nisi, imperdiet at, tincidunt nec, gravida vehicula, nisl. Maecenas ornare tortor. Donec sed tellus eget sapien fringilla nonummy. Mauris a ante. Suspendisse quam sem, consequat at, commodo vitae, feugiat in, nunc. Morbi imperdiet augue quis tellus. Mauris a ante. Suspendisse quam sem, consequat at, commodo vitae, feugiat in, nunc. Morbi imperdiet augue quis tellus. Praesent mattis, massa quis luctus fermentum, turpis mi volutpat justo, eu volutpat enim diam eget metus.</p>]]></wp:comment_content>
			<wp:comment_approved><![CDATA[liveblog]]></wp:comment_approved>
			<wp:comment_type><![CDATA[liveblog]]></wp:comment_type>
			<wp:comment_parent>0</wp:comment_parent>
			<wp:comment_user_id>1</wp:comment_user_id>
			<wp:commentmeta>
				<wp:meta_key><![CDATA[liveblog_hide_authors]]></wp:meta_key>
				<wp:meta_value><![CDATA[]]></wp:meta_value>
			</wp:commentmeta>
		</wp:comment>
		<wp:comment>
			<wp:comment_id>13</wp:comment_id>
			<wp:comment_author><![CDATA[admin]]></wp:comment_author>
			<wp:comment_author_email><![CDATA[admin@local.test]]></wp:comment_author_email>
			<wp:comment_author_url></wp:comment_author_url>
			<wp:comment_author_IP><![CDATA[]]></wp:comment_author_IP>
			<wp:comment_date><![CDATA[2018-05-06 17:36:48]]></wp:comment_date>
			<wp:comment_date_gmt><![CDATA[2018-05-06 17:36:48]]></wp:comment_date_gmt>
			<wp:comment_content><![CDATA[<p>Lorem ipsum dolor sit amet, adipiscing elit. Nullam dignissim convallis est. Quisque aliquam. This is emphasized. Donec faucibus. Nunc iaculis suscipit dui. Nam sit amet sem. Aliquam libero nisi, imperdiet at, tincidunt nec, gravida vehicula, nisl. Maecenas ornare tortor. Donec sed tellus eget sapien fringilla nonummy. Mauris a ante. Suspendisse quam sem, consequat at, commodo vitae, feugiat in, nunc. Morbi imperdiet augue quis tellus. Mauris a ante. Suspendisse quam sem, consequat at, commodo vitae, feugiat in, nunc. Morbi imperdiet augue quis tellus. Praesent mattis, massa quis luctus fermentum, turpis mi volutpat justo, eu volutpat enim diam eget metus.</p>]]></wp:comment_content>
			<wp:comment_approved><![CDATA[liveblog]]></wp:comment_approved>
			<wp:comment_type><![CDATA[liveblog]]></wp:comment_type>
			<wp:comment_parent>0</wp:comment_parent>
			<wp:comment_user_id>1</wp:comment_user_id>
			<wp:commentmeta>
				<wp:meta_key><![CDATA[liveblog_hide_authors]]></wp:meta_key>
				<wp:meta_value><![CDATA[]]></wp:meta_value>
			</wp:commentmeta>
		</wp:comment>
		<wp:comment>
			<wp:comment_id>14</wp:comment_id>
			<wp:comment_author><![CDATA[admin]]></wp:comment_author>
			<wp:comment_author_email><![CDATA[admin@local.test]]></wp:comment_author_email>
			<wp:comment_author_url></wp:comment_author_url>
			<wp:comment_author_IP><![CDATA[]]></wp:comment_author_IP>
			<wp:comment_date><![CDATA[2018-05-06 17:36:50]]></wp:comment_date>
			<wp:comment_date_gmt><![CDATA[2018-05-06 17:36:50]]></wp:comment_date_gmt>
			<wp:comment_content><![CDATA[<p>Lorem ipsum dolor sit amet, adipiscing elit. Nullam dignissim convallis est. Quisque aliquam. This is emphasized. Donec faucibus. Nunc iaculis suscipit dui. Nam sit amet sem. Aliquam libero nisi, imperdiet at, tincidunt nec, gravida vehicula, nisl. Maecenas ornare tortor. Donec sed tellus eget sapien fringilla nonummy. Mauris a ante. Suspendisse quam sem, consequat at, commodo vitae, feugiat in, nunc. Morbi imperdiet augue quis tellus. Mauris a ante. Suspendisse quam sem, consequat at, commodo vitae, feugiat in, nunc. Morbi imperdiet augue quis tellus. Praesent mattis, massa quis luctus fermentum, turpis mi volutpat justo, eu volutpat enim diam eget metus.</p>]]></wp:comment_content>
			<wp:comment_approved><![CDATA[liveblog]]></wp:comment_approved>
			<wp:comment_type><![CDATA[liveblog]]></wp:comment_type>
			<wp:comment_parent>0</wp:comment_parent>
			<wp:comment_user_id>1</wp:comment_user_id>
			<wp:commentmeta>
				<wp:meta_key><![CDATA[liveblog_hide_authors]]></wp:meta_key>
				<wp:meta_value><![CDATA[]]></wp:meta_value>
			</wp:commentmeta>
		</wp:comment>
		<wp:comment>
			<wp:comment_id>15</wp:comment_id>
			<wp:comment_author><![CDATA[admin]]></wp:comment_author>
			<wp:comment_author_email><![CDATA[admin@local.test]]></wp:comment_author_email>
			<wp:comment_author_url></wp:comment_author_url>
			<wp:comment_author_IP><![CDATA[]]></wp:comment_author_IP>
			<wp:comment_date><![CDATA[2018-05-06 17:36:52]]></wp:comment_date>
			<wp:comment_date_gmt><![CDATA[2018-05-06 17:36:52]]></wp:comment_date_gmt>
			<wp:comment_content><![CDATA[<p>Lorem ipsum dolor sit amet, adipiscing elit. Nullam dignissim convallis est. Quisque aliquam. This is emphasized. Donec faucibus. Nunc iaculis suscipit dui. Nam sit amet sem. Aliquam libero nisi, imperdiet at, tincidunt nec, gravida vehicula, nisl. Maecenas ornare tortor. Donec sed tellus eget sapien fringilla nonummy. Mauris a ante. Suspendisse quam sem, consequat at, commodo vitae, feugiat in, nunc. Morbi imperdiet augue quis tellus. Mauris a ante. Suspendisse quam sem, consequat at, commodo vitae, feugiat in, nunc. Morbi imperdiet augue quis tellus. Praesent mattis, massa quis luctus fermentum, turpis mi volutpat justo, eu volutpat enim diam eget metus.</p>]]></wp:comment_content>
			<wp:comment_approved><![CDATA[liveblog]]></wp:comment_approved>
			<wp:comment_type><![CDATA[liveblog]]></wp:comment_type>
			<wp:comment_parent>0</wp:comment_parent>
			<wp:comment_user_id>1</wp:comment_user_id>
			<wp:commentmeta>
				<wp:meta_key><![CDATA[liveblog_hide_authors]]></wp:meta_key>
				<wp:meta_value><![CDATA[]]></wp:meta_value>
			</wp:commentmeta>
		</wp:comment>
		<wp:comment>
			<wp:comment_id>16</wp:comment_id>
			<wp:comment_author><![CDATA[admin]]></wp:comment_author>
			<wp:comment_author_email><![CDATA[admin@local.test]]></wp:comment_author_email>
			<wp:comment_author_url></wp:comment_author_url>
			<wp:comment_author_IP><![CDATA[]]></wp:comment_author_IP>
			<wp:comment_date><![CDATA[2018-05-06 17:36:55]]></wp:comment_date>
			<wp:comment_date_gmt><![CDATA[2018-05-06 17:36:55]]></wp:comment_date_gmt>
			<wp:comment_content><![CDATA[<p>Lorem ipsum dolor sit amet, adipiscing elit. Nullam dignissim convallis est. Quisque aliquam. This is emphasized. Donec faucibus. Nunc iaculis suscipit dui. Nam sit amet sem. Aliquam libero nisi, imperdiet at, tincidunt nec, gravida vehicula, nisl. Maecenas ornare tortor. Donec sed tellus eget sapien fringilla nonummy. Mauris a ante. Suspendisse quam sem, consequat at, commodo vitae, feugiat in, nunc. Morbi imperdiet augue quis tellus. Mauris a ante. Suspendisse quam sem, consequat at, commodo vitae, feugiat in, nunc. Morbi imperdiet augue quis tellus. Praesent mattis, massa quis luctus fermentum, turpis mi volutpat justo, eu volutpat enim diam eget metus.</p>]]></wp:comment_content>
			<wp:comment_approved><![CDATA[liveblog]]></wp:comment_approved>
			<wp:comment_type><![CDATA[liveblog]]></wp:comment_type>
			<wp:comment_parent>0</wp:comment_parent>
			<wp:comment_user_id>1</wp:comment_user_id>
			<wp:commentmeta>
				<wp:meta_key><![CDATA[liveblog_hide_authors]]></wp:meta_key>
				<wp:meta_value><![CDATA[]]></wp:meta_value>
			</wp:commentmeta>
		</wp:comment>
		<wp:comment>
			<wp:comment_id>17</wp:comment_id>
			<wp:comment_author><![CDATA[admin]]></wp:comment_author>
			<wp:comment_author_email><![CDATA[admin@local.test]]></wp:comment_author_email>
			<wp:comment_author_url></wp:comment_author_url>
			<wp:comment_author_IP><![CDATA[]]></wp:comment_author_IP>
			<wp:comment_date><![CDATA[2018-05-06 17:36:57]]></wp:comment_date>
			<wp:comment_date_gmt><![CDATA[2018-05-06 17:36:57]]></wp:comment_date_gmt>
			<wp:comment_content><![CDATA[<p>Lorem ipsum dolor sit amet, adipiscing elit. Nullam dignissim convallis est. Quisque aliquam. This is emphasized. Donec faucibus. Nunc iaculis suscipit dui. Nam sit amet sem. Aliquam libero nisi, imperdiet at, tincidunt nec, gravida vehicula, nisl. Maecenas ornare tortor. Donec sed tellus eget sapien fringilla nonummy. Mauris a ante. Suspendisse quam sem, consequat at, commodo vitae, feugiat in, nunc. Morbi imperdiet augue quis tellus. Mauris a ante. Suspendisse quam sem, consequat at, commodo vitae, feugiat in, nunc. Morbi imperdiet augue quis tellus. Praesent mattis, massa quis luctus fermentum, turpis mi volutpat justo, eu volutpat enim diam eget metus.</p>]]></wp:comment_content>
			<wp:comment_approved><![CDATA[liveblog]]></wp:comment_approved>
			<wp:comment_type><![CDATA[liveblog]]></wp:comment_type>
			<wp:comment_parent>0</wp:comment_parent>
			<wp:comment_user_id>1</wp:comment_user_id>
			<wp:commentmeta>
				<wp:meta_key><![CDATA[liveblog_hide_authors]]></wp:meta_key>
				<wp:meta_value><![CDATA[]]></wp:meta_value>
			</wp:commentmeta>
		</wp:comment>
		<wp:comment>
			<wp:comment_id>18</wp:comment_id>
			<wp:comment_author><![CDATA[admin]]></wp:comment_author>
			<wp:comment_author_email><![CDATA[admin@local.test]]></wp:comment_author_email>
			<wp:comment_author_url></wp:comment_author_url>
			<wp:comment_author_IP><![CDATA[]]></wp:comment_author_IP>
			<wp:comment_date><![CDATA[2018-05-06 17:36:59]]></wp:comment_date>
			<wp:comment_date_gmt><![CDATA[2018-05-06 17:36:59]]></wp:comment_date_gmt>
			<wp:comment_content><![CDATA[<p>Lorem ipsum dolor sit amet, adipiscing elit. Nullam dignissim convallis est. Quisque aliquam. This is emphasized. Donec faucibus. Nunc iaculis suscipit dui. Nam sit amet sem. Aliquam libero nisi, imperdiet at, tincidunt nec, gravida vehicula, nisl. Maecenas ornare tortor. Donec sed tellus eget sapien fringilla nonummy. Mauris a ante. Suspendisse quam sem, consequat at, commodo vitae, feugiat in, nunc. Morbi imperdiet augue quis tellus. Mauris a ante. Suspendisse quam sem, consequat at, commodo vitae, feugiat in, nunc. Morbi imperdiet augue quis tellus. Praesent mattis, massa quis luctus fermentum, turpis mi volutpat justo, eu volutpat enim diam eget metus.</p>]]></wp:comment_content>
			<wp:comment_approved><![CDATA[liveblog]]></wp:comment_approved>
			<wp:comment_type><![CDATA[liveblog]]></wp:comment_type>
			<wp:comment_parent>0</wp:comment_parent>
			<wp:comment_user_id>1</wp:comment_user_id>
			<wp:commentmeta>
				<wp:meta_key><![CDATA[liveblog_hide_authors]]></wp:meta_key>
				<wp:meta_value><![CDATA[]]></wp:meta_value>
			</wp:commentmeta>
		</wp:comment>
		<wp:comment>
			<wp:comment_id>19</wp:comment_id>
			<wp:comment_author><![CDATA[admin]]></wp:comment_author>
			<wp:comment_author_email><![CDATA[admin@local.test]]></wp:comment_author_email>
			<wp:comment_author_url></wp:comment_author_url>
			<wp:comment_author_IP><![CDATA[]]></wp:comment_author_IP>
			<wp:comment_date><![CDATA[2018-05-06 17:37:01]]></wp:comment_date>
			<wp:comment_date_gmt><![CDATA[2018-05-06 17:37:01]]></wp:comment_date_gmt>
			<wp:comment_content><![CDATA[<p>Lorem ipsum dolor sit amet, adipiscing elit. Nullam dignissim convallis est. Quisque aliquam. This is emphasized. Donec faucibus. Nunc iaculis suscipit dui. Nam sit amet sem. Aliquam libero nisi, imperdiet at, tincidunt nec, gravida vehicula, nisl. Maecenas ornare tortor. Donec sed tellus eget sapien fringilla nonummy. Mauris a ante. Suspendisse quam sem, consequat at, commodo vitae, feugiat in, nunc. Morbi imperdiet augue quis tellus. Mauris a ante. Suspendisse quam sem, consequat at, commodo vitae, feugiat in, nunc. Morbi imperdiet augue quis tellus. Praesent mattis, massa quis luctus fermentum, turpis mi volutpat justo, eu volutpat enim diam eget metus.</p>]]></wp:comment_content>
			<wp:comment_approved><![CDATA[liveblog]]></wp:comment_approved>
			<wp:comment_type><![CDATA[liveblog]]></wp:comment_type>
			<wp:comment_parent>0</wp:comment_parent>
			<wp:comment_user_id>1</wp:comment_user_id>
			<wp:commentmeta>
				<wp:meta_key><![CDATA[liveblog_hide_authors]]></wp:meta_key>
				<wp:meta_value><![CDATA[]]></wp:meta_value>
			</wp:commentmeta>
		</wp:comment>
		<wp:comment>
			<wp:comment_id>20</wp:comment_id>
			<wp:comment_author><![CDATA[admin]]></wp:comment_author>
			<wp:comment_author_email><![CDATA[admin@local.test]]></wp:comment_author_email>
			<wp:comment_author_url></wp:comment_author_url>
			<wp:comment_author_IP><![CDATA[]]></wp:comment_author_IP>
			<wp:comment_date><![CDATA[2018-05-06 17:37:03]]></wp:comment_date>
			<wp:comment_date_gmt><![CDATA[2018-05-06 17:37:03]]></wp:comment_date_gmt>
			<wp:comment_content><![CDATA[<p>Lorem ipsum dolor sit amet, adipiscing elit. Nullam dignissim convallis est. Quisque aliquam. This is emphasized. Donec faucibus. Nunc iaculis suscipit dui. Nam sit amet sem. Aliquam libero nisi, imperdiet at, tincidunt nec, gravida vehicula, nisl. Maecenas ornare tortor. Donec sed tellus eget sapien fringilla nonummy. Mauris a ante. Suspendisse quam sem, consequat at, commodo vitae, feugiat in, nunc. Morbi imperdiet augue quis tellus. Mauris a ante. Suspendisse quam sem, consequat at, commodo vitae, feugiat in, nunc. Morbi imperdiet augue quis tellus. Praesent mattis, massa quis luctus fermentum, turpis mi volutpat justo, eu volutpat enim diam eget metus.</p>]]></wp:comment_content>
			<wp:comment_approved><![CDATA[liveblog]]></wp:comment_approved>
			<wp:comment_type><![CDATA[liveblog]]></wp:comment_type>
			<wp:comment_parent>0</wp:comment_parent>
			<wp:comment_user_id>1</wp:comment_user_id>
			<wp:commentmeta>
				<wp:meta_key><![CDATA[liveblog_hide_authors]]></wp:meta_key>
				<wp:meta_value><![CDATA[]]></wp:meta_value>
			</wp:commentmeta>
		</wp:comment>
		<wp:comment>
			<wp:comment_id>21</wp:comment_id>
			<wp:comment_author><![CDATA[admin]]></wp:comment_author>
			<wp:comment_author_email><![CDATA[admin@local.test]]></wp:comment_author_email>
			<wp:comment_author_url></wp:comment_author_url>
			<wp:comment_author_IP><![CDATA[]]></wp:comment_author_IP>
			<wp:comment_date><![CDATA[2018-05-06 17:37:05]]></wp:comment_date>
			<wp:comment_date_gmt><![CDATA[2018-05-06 17:37:05]]></wp:comment_date_gmt>
			<wp:comment_content><![CDATA[<p>Lorem ipsum dolor sit amet, adipiscing elit. Nullam dignissim convallis est. Quisque aliquam. This is emphasized. Donec faucibus. Nunc iaculis suscipit dui. Nam sit amet sem. Aliquam libero nisi, imperdiet at, tincidunt nec, gravida vehicula, nisl. Maecenas ornare tortor. Donec sed tellus eget sapien fringilla nonummy. Mauris a ante. Suspendisse quam sem, consequat at, commodo vitae, feugiat in, nunc. Morbi imperdiet augue quis tellus. Mauris a ante. Suspendisse quam sem, consequat at, commodo vitae, feugiat in, nunc. Morbi imperdiet augue quis tellus. Praesent mattis, massa quis luctus fermentum, turpis mi volutpat justo, eu volutpat enim diam eget metus.</p>]]></wp:comment_content>
			<wp:comment_approved><![CDATA[liveblog]]></wp:comment_approved>
			<wp:comment_type><![CDATA[liveblog]]></wp:comment_type>
			<wp:comment_parent>0</wp:comment_parent>
			<wp:comment_user_id>1</wp:comment_user_id>
			<wp:commentmeta>
				<wp:meta_key><![CDATA[liveblog_hide_authors]]></wp:meta_key>
				<wp:meta_value><![CDATA[]]></wp:meta_value>
			</wp:commentmeta>
		</wp:comment>
		<wp:comment>
			<wp:comment_id>22</wp:comment_id>
			<wp:comment_author><![CDATA[admin]]></wp:comment_author>
			<wp:comment_author_email><![CDATA[admin@local.test]]></wp:comment_author_email>
			<wp:comment_author_url></wp:comment_author_url>
			<wp:comment_author_IP><![CDATA[]]></wp:comment_author_IP>
			<wp:comment_date><![CDATA[2018-05-06 17:37:07]]></wp:comment_date>
			<wp:comment_date_gmt><![CDATA[2018-05-06 17:37:07]]></wp:comment_date_gmt>
			<wp:comment_content><![CDATA[<p>Lorem ipsum dolor sit amet, adipiscing elit. Nullam dignissim convallis est. Quisque aliquam. This is emphasized. Donec faucibus. Nunc iaculis suscipit dui. Nam sit amet sem. Aliquam libero nisi, imperdiet at, tincidunt nec, gravida vehicula, nisl. Maecenas ornare tortor. Donec sed tellus eget sapien fringilla nonummy. Mauris a ante. Suspendisse quam sem, consequat at, commodo vitae, feugiat in, nunc. Morbi imperdiet augue quis tellus. Mauris a ante. Suspendisse quam sem, consequat at, commodo vitae, feugiat in, nunc. Morbi imperdiet augue quis tellus. Praesent mattis, massa quis luctus fermentum, turpis mi volutpat justo, eu volutpat enim diam eget metus.</p>]]></wp:comment_content>
			<wp:comment_approved><![CDATA[liveblog]]></wp:comment_approved>
			<wp:comment_type><![CDATA[liveblog]]></wp:comment_type>
			<wp:comment_parent>0</wp:comment_parent>
			<wp:comment_user_id>1</wp:comment_user_id>
			<wp:commentmeta>
				<wp:meta_key><![CDATA[liveblog_hide_authors]]></wp:meta_key>
				<wp:meta_value><![CDATA[]]></wp:meta_value>
			</wp:commentmeta>
		</wp:comment>
		<wp:comment>
			<wp:comment_id>23</wp:comment_id>
			<wp:comment_author><![CDATA[admin]]></wp:comment_author>
			<wp:comment_author_email><![CDATA[admin@local.test]]></wp:comment_author_email>
			<wp:comment_author_url></wp:comment_author_url>
			<wp:comment_author_IP><![CDATA[]]></wp:comment_author_IP>
			<wp:comment_date><![CDATA[2018-05-06 17:37:08]]></wp:comment_date>
			<wp:comment_date_gmt><![CDATA[2018-05-06 17:37:08]]></wp:comment_date_gmt>
			<wp:comment_content><![CDATA[<p>Lorem ipsum dolor sit amet, adipiscing elit. Nullam dignissim convallis est. Quisque aliquam. This is emphasized. Donec faucibus. Nunc iaculis suscipit dui. Nam sit amet sem. Aliquam libero nisi, imperdiet at, tincidunt nec, gravida vehicula, nisl. Maecenas ornare tortor. Donec sed tellus eget sapien fringilla nonummy. Mauris a ante. Suspendisse quam sem, consequat at, commodo vitae, feugiat in, nunc. Morbi imperdiet augue quis tellus. Mauris a ante. Suspendisse quam sem, consequat at, commodo vitae, feugiat in, nunc. Morbi imperdiet augue quis tellus. Praesent mattis, massa quis luctus fermentum, turpis mi volutpat justo, eu volutpat enim diam eget metus.</p>]]></wp:comment_content>
			<wp:comment_approved><![CDATA[liveblog]]></wp:comment_approved>
			<wp:comment_type><![CDATA[liveblog]]></wp:comment_type>
			<wp:comment_parent>0</wp:comment_parent>
			<wp:comment_user_id>1</wp:comment_user_id>
			<wp:commentmeta>
				<wp:meta_key><![CDATA[liveblog_hide_authors]]></wp:meta_key>
				<wp:meta_value><![CDATA[]]></wp:meta_value>
			</wp:commentmeta>
		</wp:comment>
		<wp:comment>
			<wp:comment_id>24</wp:comment_id>
			<wp:comment_author><![CDATA[admin]]></wp:comment_author>
			<wp:comment_author_email><![CDATA[admin@local.test]]></wp:comment_author_email>
			<wp:comment_author_url></wp:comment_author_url>
			<wp:comment_author_IP><![CDATA[]]></wp:comment_author_IP>
			<wp:comment_date><![CDATA[2018-05-06 17:37:11]]></wp:comment_date>
			<wp:comment_date_gmt><![CDATA[2018-05-06 17:37:11]]></wp:comment_date_gmt>
			<wp:comment_content><![CDATA[<p>Lorem ipsum dolor sit amet, adipiscing elit. Nullam dignissim convallis est. Quisque aliquam. This is emphasized. Donec faucibus. Nunc iaculis suscipit dui. Nam sit amet sem. Aliquam libero nisi, imperdiet at, tincidunt nec, gravida vehicula, nisl. Maecenas ornare tortor. Donec sed tellus eget sapien fringilla nonummy. Mauris a ante. Suspendisse quam sem, consequat at, commodo vitae, feugiat in, nunc. Morbi imperdiet augue quis tellus. Mauris a ante. Suspendisse quam sem, consequat at, commodo vitae, feugiat in, nunc. Morbi imperdiet augue quis tellus. Praesent mattis, massa quis luctus fermentum, turpis mi volutpat justo, eu volutpat enim diam eget metus.</p>]]></wp:comment_content>
			<wp:comment_approved><![CDATA[liveblog]]></wp:comment_approved>
			<wp:comment_type><![CDATA[liveblog]]></wp:comment_type>
			<wp:comment_parent>0</wp:comment_parent>
			<wp:comment_user_id>1</wp:comment_user_id>
			<wp:commentmeta>
				<wp:meta_key><![CDATA[liveblog_hide_authors]]></wp:meta_key>
				<wp:meta_value><![CDATA[]]></wp:meta_value>
			</wp:commentmeta>
		</wp:comment>
		<wp:comment>
			<wp:comment_id>25</wp:comment_id>
			<wp:comment_author><![CDATA[admin]]></wp:comment_author>
			<wp:comment_author_email><![CDATA[admin@local.test]]></wp:comment_author_email>
			<wp:comment_author_url></wp:comment_author_url>
			<wp:comment_author_IP><![CDATA[]]></wp:comment_author_IP>
			<wp:comment_date><![CDATA[2018-05-06 17:37:13]]></wp:comment_date>
			<wp:comment_date_gmt><![CDATA[2018-05-06 17:37:13]]></wp:comment_date_gmt>
			<wp:comment_content><![CDATA[<p>Lorem ipsum dolor sit amet, adipiscing elit. Nullam dignissim convallis est. Quisque aliquam. This is emphasized. Donec faucibus. Nunc iaculis suscipit dui. Nam sit amet sem. Aliquam libero nisi, imperdiet at, tincidunt nec, gravida vehicula, nisl. Maecenas ornare tortor. Donec sed tellus eget sapien fringilla nonummy. Mauris a ante. Suspendisse quam sem, consequat at, commodo vitae, feugiat in, nunc. Morbi imperdiet augue quis tellus. Mauris a ante. Suspendisse quam sem, consequat at, commodo vitae, feugiat in, nunc. Morbi imperdiet augue quis tellus. Praesent mattis, massa quis luctus fermentum, turpis mi volutpat justo, eu volutpat enim diam eget metus.</p>]]></wp:comment_content>
			<wp:comment_approved><![CDATA[liveblog]]></wp:comment_approved>
			<wp:comment_type><![CDATA[liveblog]]></wp:comment_type>
			<wp:comment_parent>0</wp:comment_parent>
			<wp:comment_user_id>1</wp:comment_user_id>
			<wp:commentmeta>
				<wp:meta_key><![CDATA[liveblog_hide_authors]]></wp:meta_key>
				<wp:meta_value><![CDATA[]]></wp:meta_value>
			</wp:commentmeta>
		</wp:comment>
		<wp:comment>
			<wp:comment_id>26</wp:comment_id>
			<wp:comment_author><![CDATA[admin]]></wp:comment_author>
			<wp:comment_author_email><![CDATA[admin@local.test]]></wp:comment_author_email>
			<wp:comment_author_url></wp:comment_author_url>
			<wp:comment_author_IP><![CDATA[]]></wp:comment_author_IP>
			<wp:comment_date><![CDATA[2018-05-06 17:37:15]]></wp:comment_date>
			<wp:comment_date_gmt><![CDATA[2018-05-06 17:37:15]]></wp:comment_date_gmt>
			<wp:comment_content><![CDATA[<p>Lorem ipsum dolor sit amet, adipiscing elit. Nullam dignissim convallis est. Quisque aliquam. This is emphasized. Donec faucibus. Nunc iaculis suscipit dui. Nam sit amet sem. Aliquam libero nisi, imperdiet at, tincidunt nec, gravida vehicula, nisl. Maecenas ornare tortor. Donec sed tellus eget sapien fringilla nonummy. Mauris a ante. Suspendisse quam sem, consequat at, commodo vitae, feugiat in, nunc. Morbi imperdiet augue quis tellus. Mauris a ante. Suspendisse quam sem, consequat at, commodo vitae, feugiat in, nunc. Morbi imperdiet augue quis tellus. Praesent mattis, massa quis luctus fermentum, turpis mi volutpat justo, eu volutpat enim diam eget metus.</p>]]></wp:comment_content>
			<wp:comment_approved><![CDATA[liveblog]]></wp:comment_approved>
			<wp:comment_type><![CDATA[liveblog]]></wp:comment_type>
			<wp:comment_parent>0</wp:comment_parent>
			<wp:comment_user_id>1</wp:comment_user_id>
			<wp:commentmeta>
				<wp:meta_key><![CDATA[liveblog_hide_authors]]></wp:meta_key>
				<wp:meta_value><![CDATA[]]></wp:meta_value>
			</wp:commentmeta>
		</wp:comment>
		<wp:comment>
			<wp:comment_id>27</wp:comment_id>
			<wp:comment_author><![CDATA[admin]]></wp:comment_author>
			<wp:comment_author_email><![CDATA[admin@local.test]]></wp:comment_author_email>
			<wp:comment_author_url></wp:comment_author_url>
			<wp:comment_author_IP><![CDATA[]]></wp:comment_author_IP>
			<wp:comment_date><![CDATA[2018-05-06 17:37:17]]></wp:comment_date>
			<wp:comment_date_gmt><![CDATA[2018-05-06 17:37:17]]></wp:comment_date_gmt>
			<wp:comment_content><![CDATA[<p>Lorem ipsum dolor sit amet, adipiscing elit. Nullam dignissim convallis est. Quisque aliquam. This is emphasized. Donec faucibus. Nunc iaculis suscipit dui. Nam sit amet sem. Aliquam libero nisi, imperdiet at, tincidunt nec, gravida vehicula, nisl. Maecenas ornare tortor. Donec sed tellus eget sapien fringilla nonummy. Mauris a ante. Suspendisse quam sem, consequat at, commodo vitae, feugiat in, nunc. Morbi imperdiet augue quis tellus. Mauris a ante. Suspendisse quam sem, consequat at, commodo vitae, feugiat in, nunc. Morbi imperdiet augue quis tellus. Praesent mattis, massa quis luctus fermentum, turpis mi volutpat justo, eu volutpat enim diam eget metus.</p>]]></wp:comment_content>
			<wp:comment_approved><![CDATA[liveblog]]></wp:comment_approved>
			<wp:comment_type><![CDATA[liveblog]]></wp:comment_type>
			<wp:comment_parent>0</wp:comment_parent>
			<wp:comment_user_id>1</wp:comment_user_id>
			<wp:commentmeta>
				<wp:meta_key><![CDATA[liveblog_hide_authors]]></wp:meta_key>
				<wp:meta_value><![CDATA[]]></wp:meta_value>
			</wp:commentmeta>
		</wp:comment>
		<wp:comment>
			<wp:comment_id>28</wp:comment_id>
			<wp:comment_author><![CDATA[admin]]></wp:comment_author>
			<wp:comment_author_email><![CDATA[admin@local.test]]></wp:comment_author_email>
			<wp:comment_author_url></wp:comment_author_url>
			<wp:comment_author_IP><![CDATA[]]></wp:comment_author_IP>
			<wp:comment_date><![CDATA[2018-05-06 17:37:19]]></wp:comment_date>
			<wp:comment_date_gmt><![CDATA[2018-05-06 17:37:19]]></wp:comment_date_gmt>
			<wp:comment_content><![CDATA[<p>Lorem ipsum dolor sit amet, adipiscing elit. Nullam dignissim convallis est. Quisque aliquam. This is emphasized. Donec faucibus. Nunc iaculis suscipit dui. Nam sit amet sem. Aliquam libero nisi, imperdiet at, tincidunt nec, gravida vehicula, nisl. Maecenas ornare tortor. Donec sed tellus eget sapien fringilla nonummy. Mauris a ante. Suspendisse quam sem, consequat at, commodo vitae, feugiat in, nunc. Morbi imperdiet augue quis tellus. Mauris a ante. Suspendisse quam sem, consequat at, commodo vitae, feugiat in, nunc. Morbi imperdiet augue quis tellus. Praesent mattis, massa quis luctus fermentum, turpis mi volutpat justo, eu volutpat enim diam eget metus.</p>]]></wp:comment_content>
			<wp:comment_approved><![CDATA[liveblog]]></wp:comment_approved>
			<wp:comment_type><![CDATA[liveblog]]></wp:comment_type>
			<wp:comment_parent>0</wp:comment_parent>
			<wp:comment_user_id>1</wp:comment_user_id>
			<wp:commentmeta>
				<wp:meta_key><![CDATA[liveblog_hide_authors]]></wp:meta_key>
				<wp:meta_value><![CDATA[]]></wp:meta_value>
			</wp:commentmeta>
		</wp:comment>
		<wp:comment>
			<wp:comment_id>29</wp:comment_id>
			<wp:comment_author><![CDATA[admin]]></wp:comment_author>
			<wp:comment_author_email><![CDATA[admin@local.test]]></wp:comment_author_email>
			<wp:comment_author_url></wp:comment_author_url>
			<wp:comment_author_IP><![CDATA[]]></wp:comment_author_IP>
			<wp:comment_date><![CDATA[2018-05-06 17:37:20]]></wp:comment_date>
			<wp:comment_date_gmt><![CDATA[2018-05-06 17:37:20]]></wp:comment_date_gmt>
			<wp:comment_content><![CDATA[<p>Lorem ipsum dolor sit amet, adipiscing elit. Nullam dignissim convallis est. Quisque aliquam. This is emphasized. Donec faucibus. Nunc iaculis suscipit dui. Nam sit amet sem. Aliquam libero nisi, imperdiet at, tincidunt nec, gravida vehicula, nisl. Maecenas ornare tortor. Donec sed tellus eget sapien fringilla nonummy. Mauris a ante. Suspendisse quam sem, consequat at, commodo vitae, feugiat in, nunc. Morbi imperdiet augue quis tellus. Mauris a ante. Suspendisse quam sem, consequat at, commodo vitae, feugiat in, nunc. Morbi imperdiet augue quis tellus. Praesent mattis, massa quis luctus fermentum, turpis mi volutpat justo, eu volutpat enim diam eget metus.</p>]]></wp:comment_content>
			<wp:comment_approved><![CDATA[liveblog]]></wp:comment_approved>
			<wp:comment_type><![CDATA[liveblog]]></wp:comment_type>
			<wp:comment_parent>0</wp:comment_parent>
			<wp:comment_user_id>1</wp:comment_user_id>
			<wp:commentmeta>
				<wp:meta_key><![CDATA[liveblog_hide_authors]]></wp:meta_key>
				<wp:meta_value><![CDATA[]]></wp:meta_value>
			</wp:commentmeta>
		</wp:comment>
		<wp:comment>
			<wp:comment_id>30</wp:comment_id>
			<wp:comment_author><![CDATA[admin]]></wp:comment_author>
			<wp:comment_author_email><![CDATA[admin@local.test]]></wp:comment_author_email>
			<wp:comment_author_url></wp:comment_author_url>
			<wp:comment_author_IP><![CDATA[]]></wp:comment_author_IP>
			<wp:comment_date><![CDATA[2018-05-06 17:37:23]]></wp:comment_date>
			<wp:comment_date_gmt><![CDATA[2018-05-06 17:37:23]]></wp:comment_date_gmt>
			<wp:comment_content><![CDATA[<p>Lorem ipsum dolor sit amet, adipiscing elit. Nullam dignissim convallis est. Quisque aliquam. This is emphasized. Donec faucibus. Nunc iaculis suscipit dui. Nam sit amet sem. Aliquam libero nisi, imperdiet at, tincidunt nec, gravida vehicula, nisl. Maecenas ornare tortor. Donec sed tellus eget sapien fringilla nonummy. Mauris a ante. Suspendisse quam sem, consequat at, commodo vitae, feugiat in, nunc. Morbi imperdiet augue quis tellus. Mauris a ante. Suspendisse quam sem, consequat at, commodo vitae, feugiat in, nunc. Morbi imperdiet augue quis tellus. Praesent mattis, massa quis luctus fermentum, turpis mi volutpat justo, eu volutpat enim diam eget metus.</p>]]></wp:comment_content>
			<wp:comment_approved><![CDATA[liveblog]]></wp:comment_approved>
			<wp:comment_type><![CDATA[liveblog]]></wp:comment_type>
			<wp:comment_parent>0</wp:comment_parent>
			<wp:comment_user_id>1</wp:comment_user_id>
			<wp:commentmeta>
				<wp:meta_key><![CDATA[liveblog_hide_authors]]></wp:meta_key>
				<wp:meta_value><![CDATA[]]></wp:meta_value>
			</wp:commentmeta>
		</wp:comment>
		<wp:comment>
			<wp:comment_id>31</wp:comment_id>
			<wp:comment_author><![CDATA[admin]]></wp:comment_author>
			<wp:comment_author_email><![CDATA[admin@local.test]]></wp:comment_author_email>
			<wp:comment_author_url></wp:comment_author_url>
			<wp:comment_author_IP><![CDATA[]]></wp:comment_author_IP>
			<wp:comment_date><![CDATA[2018-05-06 17:37:24]]></wp:comment_date>
			<wp:comment_date_gmt><![CDATA[2018-05-06 17:37:24]]></wp:comment_date_gmt>
			<wp:comment_content><![CDATA[<p>Lorem ipsum dolor sit amet, adipiscing elit. Nullam dignissim convallis est. Quisque aliquam. This is emphasized. Donec faucibus. Nunc iaculis suscipit dui. Nam sit amet sem. Aliquam libero nisi, imperdiet at, tincidunt nec, gravida vehicula, nisl. Maecenas ornare tortor. Donec sed tellus eget sapien fringilla nonummy. Mauris a ante. Suspendisse quam sem, consequat at, commodo vitae, feugiat in, nunc. Morbi imperdiet augue quis tellus. Mauris a ante. Suspendisse quam sem, consequat at, commodo vitae, feugiat in, nunc. Morbi imperdiet augue quis tellus. Praesent mattis, massa quis luctus fermentum, turpis mi volutpat justo, eu volutpat enim diam eget metus.</p>]]></wp:comment_content>
			<wp:comment_approved><![CDATA[liveblog]]></wp:comment_approved>
			<wp:comment_type><![CDATA[liveblog]]></wp:comment_type>
			<wp:comment_parent>0</wp:comment_parent>
			<wp:comment_user_id>1</wp:comment_user_id>
			<wp:commentmeta>
				<wp:meta_key><![CDATA[liveblog_hide_authors]]></wp:meta_key>
				<wp:meta_value><![CDATA[]]></wp:meta_value>
			</wp:commentmeta>
		</wp:comment>
		<wp:comment>
			<wp:comment_id>32</wp:comment_id>
			<wp:comment_author><![CDATA[admin]]></wp:comment_author>
			<wp:comment_author_email><![CDATA[admin@local.test]]></wp:comment_author_email>
			<wp:comment_author_url></wp:comment_author_url>
			<wp:comment_author_IP><![CDATA[]]></wp:comment_author_IP>
			<wp:comment_date><![CDATA[2018-05-06 17:37:26]]></wp:comment_date>
			<wp:comment_date_gmt><![CDATA[2018-05-06 17:37:26]]></wp:comment_date_gmt>
			<wp:comment_content><![CDATA[<p>Lorem ipsum dolor sit amet, adipiscing elit. Nullam dignissim convallis est. Quisque aliquam. This is emphasized. Donec faucibus. Nunc iaculis suscipit dui. Nam sit amet sem. Aliquam libero nisi, imperdiet at, tincidunt nec, gravida vehicula, nisl. Maecenas ornare tortor. Donec sed tellus eget sapien fringilla nonummy. Mauris a ante. Suspendisse quam sem, consequat at, commodo vitae, feugiat in, nunc. Morbi imperdiet augue quis tellus. Mauris a ante. Suspendisse quam sem, consequat at, commodo vitae, feugiat in, nunc. Morbi imperdiet augue quis tellus. Praesent mattis, massa quis luctus fermentum, turpis mi volutpat justo, eu volutpat enim diam eget metus.</p>]]></wp:comment_content>
			<wp:comment_approved><![CDATA[liveblog]]></wp:comment_approved>
			<wp:comment_type><![CDATA[liveblog]]></wp:comment_type>
			<wp:comment_parent>0</wp:comment_parent>
			<wp:comment_user_id>1</wp:comment_user_id>
			<wp:commentmeta>
				<wp:meta_key><![CDATA[liveblog_hide_authors]]></wp:meta_key>
				<wp:meta_value><![CDATA[]]></wp:meta_value>
			</wp:commentmeta>
		</wp:comment>
		<wp:comment>
			<wp:comment_id>33</wp:comment_id>
			<wp:comment_author><![CDATA[admin]]></wp:comment_author>
			<wp:comment_author_email><![CDATA[admin@local.test]]></wp:comment_author_email>
			<wp:comment_author_url></wp:comment_author_url>
			<wp:comment_author_IP><![CDATA[]]></wp:comment_author_IP>
			<wp:comment_date><![CDATA[2018-05-06 17:37:28]]></wp:comment_date>
			<wp:comment_date_gmt><![CDATA[2018-05-06 17:37:28]]></wp:comment_date_gmt>
			<wp:comment_content><![CDATA[<p>Lorem ipsum dolor sit amet, adipiscing elit. Nullam dignissim convallis est. Quisque aliquam. This is emphasized. Donec faucibus. Nunc iaculis suscipit dui. Nam sit amet sem. Aliquam libero nisi, imperdiet at, tincidunt nec, gravida vehicula, nisl. Maecenas ornare tortor. Donec sed tellus eget sapien fringilla nonummy. Mauris a ante. Suspendisse quam sem, consequat at, commodo vitae, feugiat in, nunc. Morbi imperdiet augue quis tellus. Mauris a ante. Suspendisse quam sem, consequat at, commodo vitae, feugiat in, nunc. Morbi imperdiet augue quis tellus. Praesent mattis, massa quis luctus fermentum, turpis mi volutpat justo, eu volutpat enim diam eget metus.</p>]]></wp:comment_content>
			<wp:comment_approved><![CDATA[liveblog]]></wp:comment_approved>
			<wp:comment_type><![CDATA[liveblog]]></wp:comment_type>
			<wp:comment_parent>0</wp:comment_parent>
			<wp:comment_user_id>1</wp:comment_user_id>
			<wp:commentmeta>
				<wp:meta_key><![CDATA[liveblog_hide_authors]]></wp:meta_key>
				<wp:meta_value><![CDATA[]]></wp:meta_value>
			</wp:commentmeta>
		</wp:comment>
		<wp:comment>
			<wp:comment_id>34</wp:comment_id>
			<wp:comment_author><![CDATA[admin]]></wp:comment_author>
			<wp:comment_author_email><![CDATA[admin@local.test]]></wp:comment_author_email>
			<wp:comment_author_url></wp:comment_author_url>
			<wp:comment_author_IP><![CDATA[]]></wp:comment_author_IP>
			<wp:comment_date><![CDATA[2018-05-06 17:37:30]]></wp:comment_date>
			<wp:comment_date_gmt><![CDATA[2018-05-06 17:37:30]]></wp:comment_date_gmt>
			<wp:comment_content><![CDATA[<p>Lorem ipsum dolor sit amet, adipiscing elit. Nullam dignissim convallis est. Quisque aliquam. This is emphasized. Donec faucibus. Nunc iaculis suscipit dui. Nam sit amet sem. Aliquam libero nisi, imperdiet at, tincidunt nec, gravida vehicula, nisl. Maecenas ornare tortor. Donec sed tellus eget sapien fringilla nonummy. Mauris a ante. Suspendisse quam sem, consequat at, commodo vitae, feugiat in, nunc. Morbi imperdiet augue quis tellus. Mauris a ante. Suspendisse quam sem, consequat at, commodo vitae, feugiat in, nunc. Morbi imperdiet augue quis tellus. Praesent mattis, massa quis luctus fermentum, turpis mi volutpat justo, eu volutpat enim diam eget metus.</p>]]></wp:comment_content>
			<wp:comment_approved><![CDATA[liveblog]]></wp:comment_approved>
			<wp:comment_type><![CDATA[liveblog]]></wp:comment_type>
			<wp:comment_parent>0</wp:comment_parent>
			<wp:comment_user_id>1</wp:comment_user_id>
			<wp:commentmeta>
				<wp:meta_key><![CDATA[liveblog_hide_authors]]></wp:meta_key>
				<wp:meta_value><![CDATA[]]></wp:meta_value>
			</wp:commentmeta>
		</wp:comment>
		<wp:comment>
			<wp:comment_id>35</wp:comment_id>
			<wp:comment_author><![CDATA[admin]]></wp:comment_author>
			<wp:comment_author_email><![CDATA[admin@local.test]]></wp:comment_author_email>
			<wp:comment_author_url></wp:comment_author_url>
			<wp:comment_author_IP><![CDATA[]]></wp:comment_author_IP>
			<wp:comment_date><![CDATA[2018-05-06 17:37:33]]></wp:comment_date>
			<wp:comment_date_gmt><![CDATA[2018-05-06 17:37:33]]></wp:comment_date_gmt>
			<wp:comment_content><![CDATA[<p>Lorem ipsum dolor sit amet, adipiscing elit. Nullam dignissim convallis est. Quisque aliquam. This is emphasized. Donec faucibus. Nunc iaculis suscipit dui. Nam sit amet sem. Aliquam libero nisi, imperdiet at, tincidunt nec, gravida vehicula, nisl. Maecenas ornare tortor. Donec sed tellus eget sapien fringilla nonummy. Mauris a ante. Suspendisse quam sem, consequat at, commodo vitae, feugiat in, nunc. Morbi imperdiet augue quis tellus. Mauris a ante. Suspendisse quam sem, consequat at, commodo vitae, feugiat in, nunc. Morbi imperdiet augue quis tellus. Praesent mattis, massa quis luctus fermentum, turpis mi volutpat justo, eu volutpat enim diam eget metus.</p>]]></wp:comment_content>
			<wp:comment_approved><![CDATA[liveblog]]></wp:comment_approved>
			<wp:comment_type><![CDATA[liveblog]]></wp:comment_type>
			<wp:comment_parent>0</wp:comment_parent>
			<wp:comment_user_id>1</wp:comment_user_id>
			<wp:commentmeta>
				<wp:meta_key><![CDATA[liveblog_hide_authors]]></wp:meta_key>
				<wp:meta_value><![CDATA[]]></wp:meta_value>
			</wp:commentmeta>
		</wp:comment>
		<wp:comment>
			<wp:comment_id>36</wp:comment_id>
			<wp:comment_author><![CDATA[admin]]></wp:comment_author>
			<wp:comment_author_email><![CDATA[admin@local.test]]></wp:comment_author_email>
			<wp:comment_author_url></wp:comment_author_url>
			<wp:comment_author_IP><![CDATA[]]></wp:comment_author_IP>
			<wp:comment_date><![CDATA[2018-05-06 17:37:35]]></wp:comment_date>
			<wp:comment_date_gmt><![CDATA[2018-05-06 17:37:35]]></wp:comment_date_gmt>
			<wp:comment_content><![CDATA[<p>Lorem ipsum dolor sit amet, adipiscing elit. Nullam dignissim convallis est. Quisque aliquam. This is emphasized. Donec faucibus. Nunc iaculis suscipit dui. Nam sit amet sem. Aliquam libero nisi, imperdiet at, tincidunt nec, gravida vehicula, nisl. Maecenas ornare tortor. Donec sed tellus eget sapien fringilla nonummy. Mauris a ante. Suspendisse quam sem, consequat at, commodo vitae, feugiat in, nunc. Morbi imperdiet augue quis tellus. Mauris a ante. Suspendisse quam sem, consequat at, commodo vitae, feugiat in, nunc. Morbi imperdiet augue quis tellus. Praesent mattis, massa quis luctus fermentum, turpis mi volutpat justo, eu volutpat enim diam eget metus.</p>]]></wp:comment_content>
			<wp:comment_approved><![CDATA[liveblog]]></wp:comment_approved>
			<wp:comment_type><![CDATA[liveblog]]></wp:comment_type>
			<wp:comment_parent>0</wp:comment_parent>
			<wp:comment_user_id>1</wp:comment_user_id>
			<wp:commentmeta>
				<wp:meta_key><![CDATA[liveblog_hide_authors]]></wp:meta_key>
				<wp:meta_value><![CDATA[]]></wp:meta_value>
			</wp:commentmeta>
		</wp:comment>
		<wp:comment>
			<wp:comment_id>37</wp:comment_id>
			<wp:comment_author><![CDATA[admin]]></wp:comment_author>
			<wp:comment_author_email><![CDATA[admin@local.test]]></wp:comment_author_email>
			<wp:comment_author_url></wp:comment_author_url>
			<wp:comment_author_IP><![CDATA[]]></wp:comment_author_IP>
			<wp:comment_date><![CDATA[2018-05-06 17:37:43]]></wp:comment_date>
			<wp:comment_date_gmt><![CDATA[2018-05-06 17:37:43]]></wp:comment_date_gmt>
			<wp:comment_content><![CDATA[<p>Lorem ipsum dolor sit amet, adipiscing elit. Nullam dignissim convallis est. Quisque aliquam. This is emphasized. Donec faucibus. Nunc iaculis suscipit dui. Nam sit amet sem. Aliquam libero nisi, imperdiet at, tincidunt nec, gravida vehicula, nisl. Maecenas ornare tortor. Donec sed tellus eget sapien fringilla nonummy. Mauris a ante. Suspendisse quam sem, consequat at, commodo vitae, feugiat in, nunc. Morbi imperdiet augue quis tellus. Mauris a ante. Suspendisse quam sem, consequat at, commodo vitae, feugiat in, nunc. Morbi imperdiet augue quis tellus. Praesent mattis, massa quis luctus fermentum, turpis mi volutpat justo, eu volutpat enim diam eget metus.</p>]]></wp:comment_content>
			<wp:comment_approved><![CDATA[liveblog]]></wp:comment_approved>
			<wp:comment_type><![CDATA[liveblog]]></wp:comment_type>
			<wp:comment_parent>0</wp:comment_parent>
			<wp:comment_user_id>1</wp:comment_user_id>
			<wp:commentmeta>
				<wp:meta_key><![CDATA[liveblog_hide_authors]]></wp:meta_key>
				<wp:meta_value><![CDATA[]]></wp:meta_value>
			</wp:commentmeta>
		</wp:comment>
		<wp:comment>
			<wp:comment_id>38</wp:comment_id>
			<wp:comment_author><![CDATA[admin]]></wp:comment_author>
			<wp:comment_author_email><![CDATA[admin@local.test]]></wp:comment_author_email>
			<wp:comment_author_url></wp:comment_author_url>
			<wp:comment_author_IP><![CDATA[]]></wp:comment_author_IP>
			<wp:comment_date><![CDATA[2018-05-06 17:37:46]]></wp:comment_date>
			<wp:comment_date_gmt><![CDATA[2018-05-06 17:37:46]]></wp:comment_date_gmt>
			<wp:comment_content><![CDATA[<p>Lorem ipsum dolor sit amet, adipiscing elit. Nullam dignissim convallis est. Quisque aliquam. This is emphasized. Donec faucibus. Nunc iaculis suscipit dui. Nam sit amet sem. Aliquam libero nisi, imperdiet at, tincidunt nec, gravida vehicula, nisl. Maecenas ornare tortor. Donec sed tellus eget sapien fringilla nonummy. Mauris a ante. Suspendisse quam sem, consequat at, commodo vitae, feugiat in, nunc. Morbi imperdiet augue quis tellus. Mauris a ante. Suspendisse quam sem, consequat at, commodo vitae, feugiat in, nunc. Morbi imperdiet augue quis tellus. Praesent mattis, massa quis luctus fermentum, turpis mi volutpat justo, eu volutpat enim diam eget metus.</p>]]></wp:comment_content>
			<wp:comment_approved><![CDATA[liveblog]]></wp:comment_approved>
			<wp:comment_type><![CDATA[liveblog]]></wp:comment_type>
			<wp:comment_parent>0</wp:comment_parent>
			<wp:comment_user_id>1</wp:comment_user_id>
			<wp:commentmeta>
				<wp:meta_key><![CDATA[liveblog_hide_authors]]></wp:meta_key>
				<wp:meta_value><![CDATA[]]></wp:meta_value>
			</wp:commentmeta>
		</wp:comment>
		<wp:comment>
			<wp:comment_id>39</wp:comment_id>
			<wp:comment_author><![CDATA[admin]]></wp:comment_author>
			<wp:comment_author_email><![CDATA[admin@local.test]]></wp:comment_author_email>
			<wp:comment_author_url></wp:comment_author_url>
			<wp:comment_author_IP><![CDATA[]]></wp:comment_author_IP>
			<wp:comment_date><![CDATA[2018-05-06 17:37:48]]></wp:comment_date>
			<wp:comment_date_gmt><![CDATA[2018-05-06 17:37:48]]></wp:comment_date_gmt>
			<wp:comment_content><![CDATA[<p>Lorem ipsum dolor sit amet, adipiscing elit. Nullam dignissim convallis est. Quisque aliquam. This is emphasized. Donec faucibus. Nunc iaculis suscipit dui. Nam sit amet sem. Aliquam libero nisi, imperdiet at, tincidunt nec, gravida vehicula, nisl. Maecenas ornare tortor. Donec sed tellus eget sapien fringilla nonummy. Mauris a ante. Suspendisse quam sem, consequat at, commodo vitae, feugiat in, nunc. Morbi imperdiet augue quis tellus. Mauris a ante. Suspendisse quam sem, consequat at, commodo vitae, feugiat in, nunc. Morbi imperdiet augue quis tellus. Praesent mattis, massa quis luctus fermentum, turpis mi volutpat justo, eu volutpat enim diam eget metus.</p>]]></wp:comment_content>
			<wp:comment_approved><![CDATA[liveblog]]></wp:comment_approved>
			<wp:comment_type><![CDATA[liveblog]]></wp:comment_type>
			<wp:comment_parent>0</wp:comment_parent>
			<wp:comment_user_id>1</wp:comment_user_id>
			<wp:commentmeta>
				<wp:meta_key><![CDATA[liveblog_hide_authors]]></wp:meta_key>
				<wp:meta_value><![CDATA[]]></wp:meta_value>
			</wp:commentmeta>
		</wp:comment>
		<wp:comment>
			<wp:comment_id>40</wp:comment_id>
			<wp:comment_author><![CDATA[admin]]></wp:comment_author>
			<wp:comment_author_email><![CDATA[admin@local.test]]></wp:comment_author_email>
			<wp:comment_author_url></wp:comment_author_url>
			<wp:comment_author_IP><![CDATA[]]></wp:comment_author_IP>
			<wp:comment_date><![CDATA[2018-05-06 17:37:50]]></wp:comment_date>
			<wp:comment_date_gmt><![CDATA[2018-05-06 17:37:50]]></wp:comment_date_gmt>
			<wp:comment_content><![CDATA[<p>Lorem ipsum dolor sit amet, adipiscing elit. Nullam dignissim convallis est. Quisque aliquam. This is emphasized. Donec faucibus. Nunc iaculis suscipit dui. Nam sit amet sem. Aliquam libero nisi, imperdiet at, tincidunt nec, gravida vehicula, nisl. Maecenas ornare tortor. Donec sed tellus eget sapien fringilla nonummy. Mauris a ante. Suspendisse quam sem, consequat at, commodo vitae, feugiat in, nunc. Morbi imperdiet augue quis tellus. Mauris a ante. Suspendisse quam sem, consequat at, commodo vitae, feugiat in, nunc. Morbi imperdiet augue quis tellus. Praesent mattis, massa quis luctus fermentum, turpis mi volutpat justo, eu volutpat enim diam eget metus.</p>]]></wp:comment_content>
			<wp:comment_approved><![CDATA[liveblog]]></wp:comment_approved>
			<wp:comment_type><![CDATA[liveblog]]></wp:comment_type>
			<wp:comment_parent>0</wp:comment_parent>
			<wp:comment_user_id>1</wp:comment_user_id>
			<wp:commentmeta>
				<wp:meta_key><![CDATA[liveblog_hide_authors]]></wp:meta_key>
				<wp:meta_value><![CDATA[]]></wp:meta_value>
			</wp:commentmeta>
		</wp:comment>
		<wp:comment>
			<wp:comment_id>41</wp:comment_id>
			<wp:comment_author><![CDATA[admin]]></wp:comment_author>
			<wp:comment_author_email><![CDATA[admin@local.test]]></wp:comment_author_email>
			<wp:comment_author_url></wp:comment_author_url>
			<wp:comment_author_IP><![CDATA[]]></wp:comment_author_IP>
			<wp:comment_date><![CDATA[2018-05-06 17:37:55]]></wp:comment_date>
			<wp:comment_date_gmt><![CDATA[2018-05-06 17:37:55]]></wp:comment_date_gmt>
			<wp:comment_content><![CDATA[<p>Lorem ipsum dolor sit amet, adipiscing elit. Nullam dignissim convallis est. Quisque aliquam. This is emphasized. Donec faucibus. Nunc iaculis suscipit dui. Nam sit amet sem. Aliquam libero nisi, imperdiet at, tincidunt nec, gravida vehicula, nisl. Maecenas ornare tortor. Donec sed tellus eget sapien fringilla nonummy. Mauris a ante. Suspendisse quam sem, consequat at, commodo vitae, feugiat in, nunc. Morbi imperdiet augue quis tellus. Mauris a ante. Suspendisse quam sem, consequat at, commodo vitae, feugiat in, nunc. Morbi imperdiet augue quis tellus. Praesent mattis, massa quis luctus fermentum, turpis mi volutpat justo, eu volutpat enim diam eget metus.</p>]]></wp:comment_content>
			<wp:comment_approved><![CDATA[liveblog]]></wp:comment_approved>
			<wp:comment_type><![CDATA[liveblog]]></wp:comment_type>
			<wp:comment_parent>0</wp:comment_parent>
			<wp:comment_user_id>1</wp:comment_user_id>
			<wp:commentmeta>
				<wp:meta_key><![CDATA[liveblog_hide_authors]]></wp:meta_key>
				<wp:meta_value><![CDATA[]]></wp:meta_value>
			</wp:commentmeta>
		</wp:comment>
		<wp:comment>
			<wp:comment_id>42</wp:comment_id>
			<wp:comment_author><![CDATA[admin]]></wp:comment_author>
			<wp:comment_author_email><![CDATA[admin@local.test]]></wp:comment_author_email>
			<wp:comment_author_url></wp:comment_author_url>
			<wp:comment_author_IP><![CDATA[]]></wp:comment_author_IP>
			<wp:comment_date><![CDATA[2018-05-06 17:38:01]]></wp:comment_date>
			<wp:comment_date_gmt><![CDATA[2018-05-06 17:38:01]]></wp:comment_date_gmt>
			<wp:comment_content><![CDATA[<p>Lorem ipsum dolor sit amet, adipiscing elit. Nullam dignissim convallis est. Quisque aliquam. This is emphasized. Donec faucibus. Nunc iaculis suscipit dui. Nam sit amet sem. Aliquam libero nisi, imperdiet at, tincidunt nec, gravida vehicula, nisl. Maecenas ornare tortor. Donec sed tellus eget sapien fringilla nonummy. Mauris a ante. Suspendisse quam sem, consequat at, commodo vitae, feugiat in, nunc. Morbi imperdiet augue quis tellus. Mauris a ante. Suspendisse quam sem, consequat at, commodo vitae, feugiat in, nunc. Morbi imperdiet augue quis tellus. Praesent mattis, massa quis luctus fermentum, turpis mi volutpat justo, eu volutpat enim diam eget metus.</p>]]></wp:comment_content>
			<wp:comment_approved><![CDATA[liveblog]]></wp:comment_approved>
			<wp:comment_type><![CDATA[liveblog]]></wp:comment_type>
			<wp:comment_parent>0</wp:comment_parent>
			<wp:comment_user_id>1</wp:comment_user_id>
			<wp:commentmeta>
				<wp:meta_key><![CDATA[liveblog_hide_authors]]></wp:meta_key>
				<wp:meta_value><![CDATA[]]></wp:meta_value>
			</wp:commentmeta>
		</wp:comment>
		<wp:comment>
			<wp:comment_id>43</wp:comment_id>
			<wp:comment_author><![CDATA[admin]]></wp:comment_author>
			<wp:comment_author_email><![CDATA[admin@local.test]]></wp:comment_author_email>
			<wp:comment_author_url></wp:comment_author_url>
			<wp:comment_author_IP><![CDATA[]]></wp:comment_author_IP>
			<wp:comment_date><![CDATA[2018-05-06 17:38:04]]></wp:comment_date>
			<wp:comment_date_gmt><![CDATA[2018-05-06 17:38:04]]></wp:comment_date_gmt>
			<wp:comment_content><![CDATA[<p>Lorem ipsum dolor sit amet, adipiscing elit. Nullam dignissim convallis est. Quisque aliquam. This is emphasized. Donec faucibus. Nunc iaculis suscipit dui. Nam sit amet sem. Aliquam libero nisi, imperdiet at, tincidunt nec, gravida vehicula, nisl. Maecenas ornare tortor. Donec sed tellus eget sapien fringilla nonummy. Mauris a ante. Suspendisse quam sem, consequat at, commodo vitae, feugiat in, nunc. Morbi imperdiet augue quis tellus. Mauris a ante. Suspendisse quam sem, consequat at, commodo vitae, feugiat in, nunc. Morbi imperdiet augue quis tellus. Praesent mattis, massa quis luctus fermentum, turpis mi volutpat justo, eu volutpat enim diam eget metus.</p>]]></wp:comment_content>
			<wp:comment_approved><![CDATA[liveblog]]></wp:comment_approved>
			<wp:comment_type><![CDATA[liveblog]]></wp:comment_type>
			<wp:comment_parent>0</wp:comment_parent>
			<wp:comment_user_id>1</wp:comment_user_id>
			<wp:commentmeta>
				<wp:meta_key><![CDATA[liveblog_hide_authors]]></wp:meta_key>
				<wp:meta_value><![CDATA[]]></wp:meta_value>
			</wp:commentmeta>
		</wp:comment>
		<wp:comment>
			<wp:comment_id>44</wp:comment_id>
			<wp:comment_author><![CDATA[admin]]></wp:comment_author>
			<wp:comment_author_email><![CDATA[admin@local.test]]></wp:comment_author_email>
			<wp:comment_author_url></wp:comment_author_url>
			<wp:comment_author_IP><![CDATA[]]></wp:comment_author_IP>
			<wp:comment_date><![CDATA[2018-05-06 17:38:06]]></wp:comment_date>
			<wp:comment_date_gmt><![CDATA[2018-05-06 17:38:06]]></wp:comment_date_gmt>
			<wp:comment_content><![CDATA[<p>Lorem ipsum dolor sit amet, adipiscing elit. Nullam dignissim convallis est. Quisque aliquam. This is emphasized. Donec faucibus. Nunc iaculis suscipit dui. Nam sit amet sem. Aliquam libero nisi, imperdiet at, tincidunt nec, gravida vehicula, nisl. Maecenas ornare tortor. Donec sed tellus eget sapien fringilla nonummy. Mauris a ante. Suspendisse quam sem, consequat at, commodo vitae, feugiat in, nunc. Morbi imperdiet augue quis tellus. Mauris a ante. Suspendisse quam sem, consequat at, commodo vitae, feugiat in, nunc. Morbi imperdiet augue quis tellus. Praesent mattis, massa quis luctus fermentum, turpis mi volutpat justo, eu volutpat enim diam eget metus.</p>]]></wp:comment_content>
			<wp:comment_approved><![CDATA[liveblog]]></wp:comment_approved>
			<wp:comment_type><![CDATA[liveblog]]></wp:comment_type>
			<wp:comment_parent>0</wp:comment_parent>
			<wp:comment_user_id>1</wp:comment_user_id>
			<wp:commentmeta>
				<wp:meta_key><![CDATA[liveblog_hide_authors]]></wp:meta_key>
				<wp:meta_value><![CDATA[]]></wp:meta_value>
			</wp:commentmeta>
		</wp:comment>
		<wp:comment>
			<wp:comment_id>45</wp:comment_id>
			<wp:comment_author><![CDATA[admin]]></wp:comment_author>
			<wp:comment_author_email><![CDATA[admin@local.test]]></wp:comment_author_email>
			<wp:comment_author_url></wp:comment_author_url>
			<wp:comment_author_IP><![CDATA[]]></wp:comment_author_IP>
			<wp:comment_date><![CDATA[2018-05-06 17:38:09]]></wp:comment_date>
			<wp:comment_date_gmt><![CDATA[2018-05-06 17:38:09]]></wp:comment_date_gmt>
			<wp:comment_content><![CDATA[<p>Lorem ipsum dolor sit amet, adipiscing elit. Nullam dignissim convallis est. Quisque aliquam. This is emphasized. Donec faucibus. Nunc iaculis suscipit dui. Nam sit amet sem. Aliquam libero nisi, imperdiet at, tincidunt nec, gravida vehicula, nisl. Maecenas ornare tortor. Donec sed tellus eget sapien fringilla nonummy. Mauris a ante. Suspendisse quam sem, consequat at, commodo vitae, feugiat in, nunc. Morbi imperdiet augue quis tellus. Mauris a ante. Suspendisse quam sem, consequat at, commodo vitae, feugiat in, nunc. Morbi imperdiet augue quis tellus. Praesent mattis, massa quis luctus fermentum, turpis mi volutpat justo, eu volutpat enim diam eget metus.</p>]]></wp:comment_content>
			<wp:comment_approved><![CDATA[liveblog]]></wp:comment_approved>
			<wp:comment_type><![CDATA[liveblog]]></wp:comment_type>
			<wp:comment_parent>0</wp:comment_parent>
			<wp:comment_user_id>1</wp:comment_user_id>
			<wp:commentmeta>
				<wp:meta_key><![CDATA[liveblog_hide_authors]]></wp:meta_key>
				<wp:meta_value><![CDATA[]]></wp:meta_value>
			</wp:commentmeta>
		</wp:comment>
		<wp:comment>
			<wp:comment_id>46</wp:comment_id>
			<wp:comment_author><![CDATA[admin]]></wp:comment_author>
			<wp:comment_author_email><![CDATA[admin@local.test]]></wp:comment_author_email>
			<wp:comment_author_url></wp:comment_author_url>
			<wp:comment_author_IP><![CDATA[]]></wp:comment_author_IP>
			<wp:comment_date><![CDATA[2018-05-06 17:38:11]]></wp:comment_date>
			<wp:comment_date_gmt><![CDATA[2018-05-06 17:38:11]]></wp:comment_date_gmt>
			<wp:comment_content><![CDATA[<p>Lorem ipsum dolor sit amet, adipiscing elit. Nullam dignissim convallis est. Quisque aliquam. This is emphasized. Donec faucibus. Nunc iaculis suscipit dui. Nam sit amet sem. Aliquam libero nisi, imperdiet at, tincidunt nec, gravida vehicula, nisl. Maecenas ornare tortor. Donec sed tellus eget sapien fringilla nonummy. Mauris a ante. Suspendisse quam sem, consequat at, commodo vitae, feugiat in, nunc. Morbi imperdiet augue quis tellus. Mauris a ante. Suspendisse quam sem, consequat at, commodo vitae, feugiat in, nunc. Morbi imperdiet augue quis tellus. Praesent mattis, massa quis luctus fermentum, turpis mi volutpat justo, eu volutpat enim diam eget metus.</p>]]></wp:comment_content>
			<wp:comment_approved><![CDATA[liveblog]]></wp:comment_approved>
			<wp:comment_type><![CDATA[liveblog]]></wp:comment_type>
			<wp:comment_parent>0</wp:comment_parent>
			<wp:comment_user_id>1</wp:comment_user_id>
			<wp:commentmeta>
				<wp:meta_key><![CDATA[liveblog_hide_authors]]></wp:meta_key>
				<wp:meta_value><![CDATA[]]></wp:meta_value>
			</wp:commentmeta>
		</wp:comment>
		<wp:comment>
			<wp:comment_id>47</wp:comment_id>
			<wp:comment_author><![CDATA[admin]]></wp:comment_author>
			<wp:comment_author_email><![CDATA[admin@local.test]]></wp:comment_author_email>
			<wp:comment_author_url></wp:comment_author_url>
			<wp:comment_author_IP><![CDATA[]]></wp:comment_author_IP>
			<wp:comment_date><![CDATA[2018-05-06 17:38:13]]></wp:comment_date>
			<wp:comment_date_gmt><![CDATA[2018-05-06 17:38:13]]></wp:comment_date_gmt>
			<wp:comment_content><![CDATA[<p>Lorem ipsum dolor sit amet, adipiscing elit. Nullam dignissim convallis est. Quisque aliquam. This is emphasized. Donec faucibus. Nunc iaculis suscipit dui. Nam sit amet sem. Aliquam libero nisi, imperdiet at, tincidunt nec, gravida vehicula, nisl. Maecenas ornare tortor. Donec sed tellus eget sapien fringilla nonummy. Mauris a ante. Suspendisse quam sem, consequat at, commodo vitae, feugiat in, nunc. Morbi imperdiet augue quis tellus. Mauris a ante. Suspendisse quam sem, consequat at, commodo vitae, feugiat in, nunc. Morbi imperdiet augue quis tellus. Praesent mattis, massa quis luctus fermentum, turpis mi volutpat justo, eu volutpat enim diam eget metus.</p>]]></wp:comment_content>
			<wp:comment_approved><![CDATA[liveblog]]></wp:comment_approved>
			<wp:comment_type><![CDATA[liveblog]]></wp:comment_type>
			<wp:comment_parent>0</wp:comment_parent>
			<wp:comment_user_id>1</wp:comment_user_id>
			<wp:commentmeta>
				<wp:meta_key><![CDATA[liveblog_hide_authors]]></wp:meta_key>
				<wp:meta_value><![CDATA[]]></wp:meta_value>
			</wp:commentmeta>
		</wp:comment>
		<wp:comment>
			<wp:comment_id>48</wp:comment_id>
			<wp:comment_author><![CDATA[admin]]></wp:comment_author>
			<wp:comment_author_email><![CDATA[admin@local.test]]></wp:comment_author_email>
			<wp:comment_author_url></wp:comment_author_url>
			<wp:comment_author_IP><![CDATA[]]></wp:comment_author_IP>
			<wp:comment_date><![CDATA[2018-05-06 17:38:15]]></wp:comment_date>
			<wp:comment_date_gmt><![CDATA[2018-05-06 17:38:15]]></wp:comment_date_gmt>
			<wp:comment_content><![CDATA[<p>Lorem ipsum dolor sit amet, adipiscing elit. Nullam dignissim convallis est. Quisque aliquam. This is emphasized. Donec faucibus. Nunc iaculis suscipit dui. Nam sit amet sem. Aliquam libero nisi, imperdiet at, tincidunt nec, gravida vehicula, nisl. Maecenas ornare tortor. Donec sed tellus eget sapien fringilla nonummy. Mauris a ante. Suspendisse quam sem, consequat at, commodo vitae, feugiat in, nunc. Morbi imperdiet augue quis tellus. Mauris a ante. Suspendisse quam sem, consequat at, commodo vitae, feugiat in, nunc. Morbi imperdiet augue quis tellus. Praesent mattis, massa quis luctus fermentum, turpis mi volutpat justo, eu volutpat enim diam eget metus.</p>]]></wp:comment_content>
			<wp:comment_approved><![CDATA[liveblog]]></wp:comment_approved>
			<wp:comment_type><![CDATA[liveblog]]></wp:comment_type>
			<wp:comment_parent>0</wp:comment_parent>
			<wp:comment_user_id>1</wp:comment_user_id>
			<wp:commentmeta>
				<wp:meta_key><![CDATA[liveblog_hide_authors]]></wp:meta_key>
				<wp:meta_value><![CDATA[]]></wp:meta_value>
			</wp:commentmeta>
		</wp:comment>
		<wp:comment>
			<wp:comment_id>49</wp:comment_id>
			<wp:comment_author><![CDATA[admin]]></wp:comment_author>
			<wp:comment_author_email><![CDATA[admin@local.test]]></wp:comment_author_email>
			<wp:comment_author_url></wp:comment_author_url>
			<wp:comment_author_IP><![CDATA[]]></wp:comment_author_IP>
			<wp:comment_date><![CDATA[2018-05-06 17:38:17]]></wp:comment_date>
			<wp:comment_date_gmt><![CDATA[2018-05-06 17:38:17]]></wp:comment_date_gmt>
			<wp:comment_content><![CDATA[<p>Lorem ipsum dolor sit amet, adipiscing elit. Nullam dignissim convallis est. Quisque aliquam. This is emphasized. Donec faucibus. Nunc iaculis suscipit dui. Nam sit amet sem. Aliquam libero nisi, imperdiet at, tincidunt nec, gravida vehicula, nisl. Maecenas ornare tortor. Donec sed tellus eget sapien fringilla nonummy. Mauris a ante. Suspendisse quam sem, consequat at, commodo vitae, feugiat in, nunc. Morbi imperdiet augue quis tellus. Mauris a ante. Suspendisse quam sem, consequat at, commodo vitae, feugiat in, nunc. Morbi imperdiet augue quis tellus. Praesent mattis, massa quis luctus fermentum, turpis mi volutpat justo, eu volutpat enim diam eget metus.</p>]]></wp:comment_content>
			<wp:comment_approved><![CDATA[liveblog]]></wp:comment_approved>
			<wp:comment_type><![CDATA[liveblog]]></wp:comment_type>
			<wp:comment_parent>0</wp:comment_parent>
			<wp:comment_user_id>1</wp:comment_user_id>
			<wp:commentmeta>
				<wp:meta_key><![CDATA[liveblog_hide_authors]]></wp:meta_key>
				<wp:meta_value><![CDATA[]]></wp:meta_value>
			</wp:commentmeta>
		</wp:comment>
		<wp:comment>
			<wp:comment_id>50</wp:comment_id>
			<wp:comment_author><![CDATA[admin]]></wp:comment_author>
			<wp:comment_author_email><![CDATA[admin@local.test]]></wp:comment_author_email>
			<wp:comment_author_url></wp:comment_author_url>
			<wp:comment_author_IP><![CDATA[]]></wp:comment_author_IP>
			<wp:comment_date><![CDATA[2018-05-06 17:38:20]]></wp:comment_date>
			<wp:comment_date_gmt><![CDATA[2018-05-06 17:38:20]]></wp:comment_date_gmt>
			<wp:comment_content><![CDATA[<p>Lorem ipsum dolor sit amet, adipiscing elit. Nullam dignissim convallis est. Quisque aliquam. This is emphasized. Donec faucibus. Nunc iaculis suscipit dui. Nam sit amet sem. Aliquam libero nisi, imperdiet at, tincidunt nec, gravida vehicula, nisl. Maecenas ornare tortor. Donec sed tellus eget sapien fringilla nonummy. Mauris a ante. Suspendisse quam sem, consequat at, commodo vitae, feugiat in, nunc. Morbi imperdiet augue quis tellus. Mauris a ante. Suspendisse quam sem, consequat at, commodo vitae, feugiat in, nunc. Morbi imperdiet augue quis tellus. Praesent mattis, massa quis luctus fermentum, turpis mi volutpat justo, eu volutpat enim diam eget metus.</p>]]></wp:comment_content>
			<wp:comment_approved><![CDATA[liveblog]]></wp:comment_approved>
			<wp:comment_type><![CDATA[liveblog]]></wp:comment_type>
			<wp:comment_parent>0</wp:comment_parent>
			<wp:comment_user_id>1</wp:comment_user_id>
			<wp:commentmeta>
				<wp:meta_key><![CDATA[liveblog_hide_authors]]></wp:meta_key>
				<wp:meta_value><![CDATA[]]></wp:meta_value>
			</wp:commentmeta>
		</wp:comment>
		<wp:comment>
			<wp:comment_id>51</wp:comment_id>
			<wp:comment_author><![CDATA[admin]]></wp:comment_author>
			<wp:comment_author_email><![CDATA[admin@local.test]]></wp:comment_author_email>
			<wp:comment_author_url></wp:comment_author_url>
			<wp:comment_author_IP><![CDATA[]]></wp:comment_author_IP>
			<wp:comment_date><![CDATA[2018-05-06 17:38:22]]></wp:comment_date>
			<wp:comment_date_gmt><![CDATA[2018-05-06 17:38:22]]></wp:comment_date_gmt>
			<wp:comment_content><![CDATA[<p>Lorem ipsum dolor sit amet, adipiscing elit. Nullam dignissim convallis est. Quisque aliquam. This is emphasized. Donec faucibus. Nunc iaculis suscipit dui. Nam sit amet sem. Aliquam libero nisi, imperdiet at, tincidunt nec, gravida vehicula, nisl. Maecenas ornare tortor. Donec sed tellus eget sapien fringilla nonummy. Mauris a ante. Suspendisse quam sem, consequat at, commodo vitae, feugiat in, nunc. Morbi imperdiet augue quis tellus. Mauris a ante. Suspendisse quam sem, consequat at, commodo vitae, feugiat in, nunc. Morbi imperdiet augue quis tellus. Praesent mattis, massa quis luctus fermentum, turpis mi volutpat justo, eu volutpat enim diam eget metus.</p>]]></wp:comment_content>
			<wp:comment_approved><![CDATA[liveblog]]></wp:comment_approved>
			<wp:comment_type><![CDATA[liveblog]]></wp:comment_type>
			<wp:comment_parent>0</wp:comment_parent>
			<wp:comment_user_id>1</wp:comment_user_id>
			<wp:commentmeta>
				<wp:meta_key><![CDATA[liveblog_hide_authors]]></wp:meta_key>
				<wp:meta_value><![CDATA[]]></wp:meta_value>
			</wp:commentmeta>
		</wp:comment>
		<wp:comment>
			<wp:comment_id>52</wp:comment_id>
			<wp:comment_author><![CDATA[admin]]></wp:comment_author>
			<wp:comment_author_email><![CDATA[admin@local.test]]></wp:comment_author_email>
			<wp:comment_author_url></wp:comment_author_url>
			<wp:comment_author_IP><![CDATA[]]></wp:comment_author_IP>
			<wp:comment_date><![CDATA[2018-05-06 17:38:25]]></wp:comment_date>
			<wp:comment_date_gmt><![CDATA[2018-05-06 17:38:25]]></wp:comment_date_gmt>
			<wp:comment_content><![CDATA[<p>Lorem ipsum dolor sit amet, adipiscing elit. Nullam dignissim convallis est. Quisque aliquam. This is emphasized. Donec faucibus. Nunc iaculis suscipit dui. Nam sit amet sem. Aliquam libero nisi, imperdiet at, tincidunt nec, gravida vehicula, nisl. Maecenas ornare tortor. Donec sed tellus eget sapien fringilla nonummy. Mauris a ante. Suspendisse quam sem, consequat at, commodo vitae, feugiat in, nunc. Morbi imperdiet augue quis tellus. Mauris a ante. Suspendisse quam sem, consequat at, commodo vitae, feugiat in, nunc. Morbi imperdiet augue quis tellus. Praesent mattis, massa quis luctus fermentum, turpis mi volutpat justo, eu volutpat enim diam eget metus.</p>]]></wp:comment_content>
			<wp:comment_approved><![CDATA[liveblog]]></wp:comment_approved>
			<wp:comment_type><![CDATA[liveblog]]></wp:comment_type>
			<wp:comment_parent>0</wp:comment_parent>
			<wp:comment_user_id>1</wp:comment_user_id>
			<wp:commentmeta>
				<wp:meta_key><![CDATA[liveblog_hide_authors]]></wp:meta_key>
				<wp:meta_value><![CDATA[]]></wp:meta_value>
			</wp:commentmeta>
		</wp:comment>
		<wp:comment>
			<wp:comment_id>53</wp:comment_id>
			<wp:comment_author><![CDATA[admin]]></wp:comment_author>
			<wp:comment_author_email><![CDATA[admin@local.test]]></wp:comment_author_email>
			<wp:comment_author_url></wp:comment_author_url>
			<wp:comment_author_IP><![CDATA[]]></wp:comment_author_IP>
			<wp:comment_date><![CDATA[2018-05-06 17:38:26]]></wp:comment_date>
			<wp:comment_date_gmt><![CDATA[2018-05-06 17:38:26]]></wp:comment_date_gmt>
			<wp:comment_content><![CDATA[<p>Lorem ipsum dolor sit amet, adipiscing elit. Nullam dignissim convallis est. Quisque aliquam. This is emphasized. Donec faucibus. Nunc iaculis suscipit dui. Nam sit amet sem. Aliquam libero nisi, imperdiet at, tincidunt nec, gravida vehicula, nisl. Maecenas ornare tortor. Donec sed tellus eget sapien fringilla nonummy. Mauris a ante. Suspendisse quam sem, consequat at, commodo vitae, feugiat in, nunc. Morbi imperdiet augue quis tellus. Mauris a ante. Suspendisse quam sem, consequat at, commodo vitae, feugiat in, nunc. Morbi imperdiet augue quis tellus. Praesent mattis, massa quis luctus fermentum, turpis mi volutpat justo, eu volutpat enim diam eget metus.</p>]]></wp:comment_content>
			<wp:comment_approved><![CDATA[liveblog]]></wp:comment_approved>
			<wp:comment_type><![CDATA[liveblog]]></wp:comment_type>
			<wp:comment_parent>0</wp:comment_parent>
			<wp:comment_user_id>1</wp:comment_user_id>
			<wp:commentmeta>
				<wp:meta_key><![CDATA[liveblog_hide_authors]]></wp:meta_key>
				<wp:meta_value><![CDATA[]]></wp:meta_value>
			</wp:commentmeta>
		</wp:comment>
		<wp:comment>
			<wp:comment_id>54</wp:comment_id>
			<wp:comment_author><![CDATA[admin]]></wp:comment_author>
			<wp:comment_author_email><![CDATA[admin@local.test]]></wp:comment_author_email>
			<wp:comment_author_url></wp:comment_author_url>
			<wp:comment_author_IP><![CDATA[]]></wp:comment_author_IP>
			<wp:comment_date><![CDATA[2018-05-06 17:38:28]]></wp:comment_date>
			<wp:comment_date_gmt><![CDATA[2018-05-06 17:38:28]]></wp:comment_date_gmt>
			<wp:comment_content><![CDATA[<p>Lorem ipsum dolor sit amet, adipiscing elit. Nullam dignissim convallis est. Quisque aliquam. This is emphasized. Donec faucibus. Nunc iaculis suscipit dui. Nam sit amet sem. Aliquam libero nisi, imperdiet at, tincidunt nec, gravida vehicula, nisl. Maecenas ornare tortor. Donec sed tellus eget sapien fringilla nonummy. Mauris a ante. Suspendisse quam sem, consequat at, commodo vitae, feugiat in, nunc. Morbi imperdiet augue quis tellus. Mauris a ante. Suspendisse quam sem, consequat at, commodo vitae, feugiat in, nunc. Morbi imperdiet augue quis tellus. Praesent mattis, massa quis luctus fermentum, turpis mi volutpat justo, eu volutpat enim diam eget metus.</p>]]></wp:comment_content>
			<wp:comment_approved><![CDATA[liveblog]]></wp:comment_approved>
			<wp:comment_type><![CDATA[liveblog]]></wp:comment_type>
			<wp:comment_parent>0</wp:comment_parent>
			<wp:comment_user_id>1</wp:comment_user_id>
			<wp:commentmeta>
				<wp:meta_key><![CDATA[liveblog_hide_authors]]></wp:meta_key>
				<wp:meta_value><![CDATA[]]></wp:meta_value>
			</wp:commentmeta>
		</wp:comment>
		<wp:comment>
			<wp:comment_id>55</wp:comment_id>
			<wp:comment_author><![CDATA[admin]]></wp:comment_author>
			<wp:comment_author_email><![CDATA[admin@local.test]]></wp:comment_author_email>
			<wp:comment_author_url></wp:comment_author_url>
			<wp:comment_author_IP><![CDATA[]]></wp:comment_author_IP>
			<wp:comment_date><![CDATA[2018-05-06 17:38:31]]></wp:comment_date>
			<wp:comment_date_gmt><![CDATA[2018-05-06 17:38:31]]></wp:comment_date_gmt>
			<wp:comment_content><![CDATA[<p>Lorem ipsum dolor sit amet, adipiscing elit. Nullam dignissim convallis est. Quisque aliquam. This is emphasized. Donec faucibus. Nunc iaculis suscipit dui. Nam sit amet sem. Aliquam libero nisi, imperdiet at, tincidunt nec, gravida vehicula, nisl. Maecenas ornare tortor. Donec sed tellus eget sapien fringilla nonummy. Mauris a ante. Suspendisse quam sem, consequat at, commodo vitae, feugiat in, nunc. Morbi imperdiet augue quis tellus. Mauris a ante. Suspendisse quam sem, consequat at, commodo vitae, feugiat in, nunc. Morbi imperdiet augue quis tellus. Praesent mattis, massa quis luctus fermentum, turpis mi volutpat justo, eu volutpat enim diam eget metus.</p>]]></wp:comment_content>
			<wp:comment_approved><![CDATA[liveblog]]></wp:comment_approved>
			<wp:comment_type><![CDATA[liveblog]]></wp:comment_type>
			<wp:comment_parent>0</wp:comment_parent>
			<wp:comment_user_id>1</wp:comment_user_id>
			<wp:commentmeta>
				<wp:meta_key><![CDATA[liveblog_hide_authors]]></wp:meta_key>
				<wp:meta_value><![CDATA[]]></wp:meta_value>
			</wp:commentmeta>
		</wp:comment>
		<wp:comment>
			<wp:comment_id>56</wp:comment_id>
			<wp:comment_author><![CDATA[admin]]></wp:comment_author>
			<wp:comment_author_email><![CDATA[admin@local.test]]></wp:comment_author_email>
			<wp:comment_author_url></wp:comment_author_url>
			<wp:comment_author_IP><![CDATA[]]></wp:comment_author_IP>
			<wp:comment_date><![CDATA[2018-05-06 17:38:33]]></wp:comment_date>
			<wp:comment_date_gmt><![CDATA[2018-05-06 17:38:33]]></wp:comment_date_gmt>
			<wp:comment_content><![CDATA[<p>Lorem ipsum dolor sit amet, adipiscing elit. Nullam dignissim convallis est. Quisque aliquam. This is emphasized. Donec faucibus. Nunc iaculis suscipit dui. Nam sit amet sem. Aliquam libero nisi, imperdiet at, tincidunt nec, gravida vehicula, nisl. Maecenas ornare tortor. Donec sed tellus eget sapien fringilla nonummy. Mauris a ante. Suspendisse quam sem, consequat at, commodo vitae, feugiat in, nunc. Morbi imperdiet augue quis tellus. Mauris a ante. Suspendisse quam sem, consequat at, commodo vitae, feugiat in, nunc. Morbi imperdiet augue quis tellus. Praesent mattis, massa quis luctus fermentum, turpis mi volutpat justo, eu volutpat enim diam eget metus.</p>]]></wp:comment_content>
			<wp:comment_approved><![CDATA[liveblog]]></wp:comment_approved>
			<wp:comment_type><![CDATA[liveblog]]></wp:comment_type>
			<wp:comment_parent>0</wp:comment_parent>
			<wp:comment_user_id>1</wp:comment_user_id>
			<wp:commentmeta>
				<wp:meta_key><![CDATA[liveblog_hide_authors]]></wp:meta_key>
				<wp:meta_value><![CDATA[]]></wp:meta_value>
			</wp:commentmeta>
		</wp:comment>
		<wp:comment>
			<wp:comment_id>57</wp:comment_id>
			<wp:comment_author><![CDATA[admin]]></wp:comment_author>
			<wp:comment_author_email><![CDATA[admin@local.test]]></wp:comment_author_email>
			<wp:comment_author_url></wp:comment_author_url>
			<wp:comment_author_IP><![CDATA[]]></wp:comment_author_IP>
			<wp:comment_date><![CDATA[2018-05-06 17:38:35]]></wp:comment_date>
			<wp:comment_date_gmt><![CDATA[2018-05-06 17:38:35]]></wp:comment_date_gmt>
			<wp:comment_content><![CDATA[<p>Lorem ipsum dolor sit amet, adipiscing elit. Nullam dignissim convallis est. Quisque aliquam. This is emphasized. Donec faucibus. Nunc iaculis suscipit dui. Nam sit amet sem. Aliquam libero nisi, imperdiet at, tincidunt nec, gravida vehicula, nisl. Maecenas ornare tortor. Donec sed tellus eget sapien fringilla nonummy. Mauris a ante. Suspendisse quam sem, consequat at, commodo vitae, feugiat in, nunc. Morbi imperdiet augue quis tellus. Mauris a ante. Suspendisse quam sem, consequat at, commodo vitae, feugiat in, nunc. Morbi imperdiet augue quis tellus. Praesent mattis, massa quis luctus fermentum, turpis mi volutpat justo, eu volutpat enim diam eget metus.</p>]]></wp:comment_content>
			<wp:comment_approved><![CDATA[liveblog]]></wp:comment_approved>
			<wp:comment_type><![CDATA[liveblog]]></wp:comment_type>
			<wp:comment_parent>0</wp:comment_parent>
			<wp:comment_user_id>1</wp:comment_user_id>
			<wp:commentmeta>
				<wp:meta_key><![CDATA[liveblog_hide_authors]]></wp:meta_key>
				<wp:meta_value><![CDATA[]]></wp:meta_value>
			</wp:commentmeta>
		</wp:comment>
		<wp:comment>
			<wp:comment_id>58</wp:comment_id>
			<wp:comment_author><![CDATA[admin]]></wp:comment_author>
			<wp:comment_author_email><![CDATA[admin@local.test]]></wp:comment_author_email>
			<wp:comment_author_url></wp:comment_author_url>
			<wp:comment_author_IP><![CDATA[]]></wp:comment_author_IP>
			<wp:comment_date><![CDATA[2018-05-06 17:38:36]]></wp:comment_date>
			<wp:comment_date_gmt><![CDATA[2018-05-06 17:38:36]]></wp:comment_date_gmt>
			<wp:comment_content><![CDATA[<p>Lorem ipsum dolor sit amet, adipiscing elit. Nullam dignissim convallis est. Quisque aliquam. This is emphasized. Donec faucibus. Nunc iaculis suscipit dui. Nam sit amet sem. Aliquam libero nisi, imperdiet at, tincidunt nec, gravida vehicula, nisl. Maecenas ornare tortor. Donec sed tellus eget sapien fringilla nonummy. Mauris a ante. Suspendisse quam sem, consequat at, commodo vitae, feugiat in, nunc. Morbi imperdiet augue quis tellus. Mauris a ante. Suspendisse quam sem, consequat at, commodo vitae, feugiat in, nunc. Morbi imperdiet augue quis tellus. Praesent mattis, massa quis luctus fermentum, turpis mi volutpat justo, eu volutpat enim diam eget metus.</p>]]></wp:comment_content>
			<wp:comment_approved><![CDATA[liveblog]]></wp:comment_approved>
			<wp:comment_type><![CDATA[liveblog]]></wp:comment_type>
			<wp:comment_parent>0</wp:comment_parent>
			<wp:comment_user_id>1</wp:comment_user_id>
			<wp:commentmeta>
				<wp:meta_key><![CDATA[liveblog_hide_authors]]></wp:meta_key>
				<wp:meta_value><![CDATA[]]></wp:meta_value>
			</wp:commentmeta>
		</wp:comment>
		<wp:comment>
			<wp:comment_id>59</wp:comment_id>
			<wp:comment_author><![CDATA[admin]]></wp:comment_author>
			<wp:comment_author_email><![CDATA[admin@local.test]]></wp:comment_author_email>
			<wp:comment_author_url></wp:comment_author_url>
			<wp:comment_author_IP><![CDATA[]]></wp:comment_author_IP>
			<wp:comment_date><![CDATA[2018-05-06 17:38:38]]></wp:comment_date>
			<wp:comment_date_gmt><![CDATA[2018-05-06 17:38:38]]></wp:comment_date_gmt>
			<wp:comment_content><![CDATA[<p>Lorem ipsum dolor sit amet, adipiscing elit. Nullam dignissim convallis est. Quisque aliquam. This is emphasized. Donec faucibus. Nunc iaculis suscipit dui. Nam sit amet sem. Aliquam libero nisi, imperdiet at, tincidunt nec, gravida vehicula, nisl. Maecenas ornare tortor. Donec sed tellus eget sapien fringilla nonummy. Mauris a ante. Suspendisse quam sem, consequat at, commodo vitae, feugiat in, nunc. Morbi imperdiet augue quis tellus. Mauris a ante. Suspendisse quam sem, consequat at, commodo vitae, feugiat in, nunc. Morbi imperdiet augue quis tellus. Praesent mattis, massa quis luctus fermentum, turpis mi volutpat justo, eu volutpat enim diam eget metus.</p>]]></wp:comment_content>
			<wp:comment_approved><![CDATA[liveblog]]></wp:comment_approved>
			<wp:comment_type><![CDATA[liveblog]]></wp:comment_type>
			<wp:comment_parent>0</wp:comment_parent>
			<wp:comment_user_id>1</wp:comment_user_id>
			<wp:commentmeta>
				<wp:meta_key><![CDATA[liveblog_hide_authors]]></wp:meta_key>
				<wp:meta_value><![CDATA[]]></wp:meta_value>
			</wp:commentmeta>
		</wp:comment>
	</item>
	<item>
		<title>Length test</title>
		<link>http://local.wordpress.test/?p=15</link>
		<pubDate>Sun, 06 May 2018 18:00:06 +0000</pubDate>
		<dc:creator><![CDATA[admin]]></dc:creator>
		<guid isPermaLink="false">http://local.wordpress.test/?p=15</guid>
		<description></description>
		<content:encoded><![CDATA[]]></content:encoded>
		<excerpt:encoded><![CDATA[]]></excerpt:encoded>
		<wp:post_id>15</wp:post_id>
		<wp:post_date><![CDATA[2018-05-06 18:00:06]]></wp:post_date>
		<wp:post_date_gmt><![CDATA[2018-05-06 18:00:06]]></wp:post_date_gmt>
		<wp:comment_status><![CDATA[open]]></wp:comment_status>
		<wp:ping_status><![CDATA[open]]></wp:ping_status>
		<wp:post_name><![CDATA[long-entries]]></wp:post_name>
		<wp:status><![CDATA[publish]]></wp:status>
		<wp:post_parent>0</wp:post_parent>
		<wp:menu_order>0</wp:menu_order>
		<wp:post_type><![CDATA[post]]></wp:post_type>
		<wp:post_password><![CDATA[]]></wp:post_password>
		<wp:is_sticky>0</wp:is_sticky>
		<category domain="category" nicename="uncategorized"><![CDATA[Uncategorized]]></category>
		<wp:postmeta>
			<wp:meta_key><![CDATA[_edit_last]]></wp:meta_key>
			<wp:meta_value><![CDATA[1]]></wp:meta_value>
		</wp:postmeta>
		<wp:postmeta>
			<wp:meta_key><![CDATA[liveblog]]></wp:meta_key>
			<wp:meta_value><![CDATA[enable]]></wp:meta_value>
		</wp:postmeta>
		<wp:comment>
			<wp:comment_id>60</wp:comment_id>
			<wp:comment_author><![CDATA[admin]]></wp:comment_author>
			<wp:comment_author_email><![CDATA[admin@local.test]]></wp:comment_author_email>
			<wp:comment_author_url></wp:comment_author_url>
			<wp:comment_author_IP><![CDATA[]]></wp:comment_author_IP>
			<wp:comment_date><![CDATA[2018-05-06 18:02:03]]></wp:comment_date>
			<wp:comment_date_gmt><![CDATA[2018-05-06 18:02:03]]></wp:comment_date_gmt>
			<wp:comment_content><![CDATA[<p>Lorem ipsum dolor sit amet, adipiscing elit. Nullam dignissim convallis est. Quisque aliquam. This is emphasized. Donec faucibus. Nunc iaculis suscipit dui. Nam sit amet sem. Aliquam libero nisi, imperdiet at, tincidunt nec, gravida vehicula, nisl. Maecenas ornare tortor. Donec sed tellus eget sapien fringilla nonummy. Mauris a ante. Suspendisse quam sem, consequat at, commodo vitae, feugiat in, nunc. Morbi imperdiet augue quis tellus. Mauris a ante. Suspendisse quam sem, consequat at, commodo vitae, feugiat in, nunc. Morbi imperdiet augue quis tellus. Praesent mattis, massa quis luctus fermentum, turpis mi volutpat justo, eu volutpat enim diam eget metus.</p><p>Lorem ipsum dolor sit amet, adipiscing elit. Nullam dignissim convallis est. Quisque aliquam. This is emphasized. Donec faucibus. Nunc iaculis suscipit dui. Nam sit amet sem. Aliquam libero nisi, imperdiet at, tincidunt nec, gravida vehicula, nisl. Maecenas ornare tortor. Donec sed tellus eget sapien fringilla nonummy. Mauris a ante. Suspendisse quam sem, consequat at, commodo vitae, feugiat in, nunc. Morbi imperdiet augue quis tellus. Mauris a ante. Suspendisse quam sem, consequat at, commodo vitae, feugiat in, nunc. Morbi imperdiet augue quis tellus. Praesent mattis, massa quis luctus fermentum, turpis mi volutpat justo, eu volutpat enim diam eget metus.</p><p>Lorem ipsum dolor sit amet, adipiscing elit. Nullam dignissim convallis est. Quisque aliquam. This is emphasized. Donec faucibus. Nunc iaculis suscipit dui. Nam sit amet sem. Aliquam libero nisi, imperdiet at, tincidunt nec, gravida vehicula, nisl. Maecenas ornare tortor. Donec sed tellus eget sapien fringilla nonummy. Mauris a ante. Suspendisse quam sem, consequat at, commodo vitae, feugiat in, nunc. Morbi imperdiet augue quis tellus. Mauris a ante. Suspendisse quam sem, consequat at, commodo vitae, feugiat in, nunc. Morbi imperdiet augue quis tellus. Praesent mattis, massa quis luctus fermentum, turpis mi volutpat justo, eu volutpat enim diam eget metus.</p><p>Lorem ipsum dolor sit amet, adipiscing elit. Nullam dignissim convallis est. Quisque aliquam. This is emphasized. Donec faucibus. Nunc iaculis suscipit dui. Nam sit amet sem. Aliquam libero nisi, imperdiet at, tincidunt nec, gravida vehicula, nisl. Maecenas ornare tortor. Donec sed tellus eget sapien fringilla nonummy. Mauris a ante. Suspendisse quam sem, consequat at, commodo vitae, feugiat in, nunc. Morbi imperdiet augue quis tellus. Mauris a ante. Suspendisse quam sem, consequat at, commodo vitae, feugiat in, nunc. Morbi imperdiet augue quis tellus. Praesent mattis, massa quis luctus fermentum, turpis mi volutpat justo, eu volutpat enim diam eget metus.</p><p>Lorem ipsum dolor sit amet, adipiscing elit. Nullam dignissim convallis est. Quisque aliquam. This is emphasized. Donec faucibus. Nunc iaculis suscipit dui. Nam sit amet sem. Aliquam libero nisi, imperdiet at, tincidunt nec, gravida vehicula, nisl. Maecenas ornare tortor. Donec sed tellus eget sapien fringilla nonummy. Mauris a ante. Suspendisse quam sem, consequat at, commodo vitae, feugiat in, nunc. Morbi imperdiet augue quis tellus. Mauris a ante. Suspendisse quam sem, consequat at, commodo vitae, feugiat in, nunc. Morbi imperdiet augue quis tellus. Praesent mattis, massa quis luctus fermentum, turpis mi volutpat justo, eu volutpat enim diam eget metus.</p><p>Lorem ipsum dolor sit amet, adipiscing elit. Nullam dignissim convallis est. Quisque aliquam. This is emphasized. Donec faucibus. Nunc iaculis suscipit dui. Nam sit amet sem. Aliquam libero nisi, imperdiet at, tincidunt nec, gravida vehicula, nisl. Maecenas ornare tortor. Donec sed tellus eget sapien fringilla nonummy. Mauris a ante. Suspendisse quam sem, consequat at, commodo vitae, feugiat in, nunc. Morbi imperdiet augue quis tellus. Mauris a ante. Suspendisse quam sem, consequat at, commodo vitae, feugiat in, nunc. Morbi imperdiet augue quis tellus. Praesent mattis, massa quis luctus fermentum, turpis mi volutpat justo, eu volutpat enim diam eget metus.</p><p>Lorem ipsum dolor sit amet, adipiscing elit. Nullam dignissim convallis est. Quisque aliquam. This is emphasized. Donec faucibus. Nunc iaculis suscipit dui. Nam sit amet sem. Aliquam libero nisi, imperdiet at, tincidunt nec, gravida vehicula, nisl. Maecenas ornare tortor. Donec sed tellus eget sapien fringilla nonummy. Mauris a ante. Suspendisse quam sem, consequat at, commodo vitae, feugiat in, nunc. Morbi imperdiet augue quis tellus. Mauris a ante. Suspendisse quam sem, consequat at, commodo vitae, feugiat in, nunc. Morbi imperdiet augue quis tellus. Praesent mattis, massa quis luctus fermentum, turpis mi volutpat justo, eu volutpat enim diam eget metus.</p><p>Lorem ipsum dolor sit amet, adipiscing elit. Nullam dignissim convallis est. Quisque aliquam. This is emphasized. Donec faucibus. Nunc iaculis suscipit dui. Nam sit amet sem. Aliquam libero nisi, imperdiet at, tincidunt nec, gravida vehicula, nisl. Maecenas ornare tortor. Donec sed tellus eget sapien fringilla nonummy. Mauris a ante. Suspendisse quam sem, consequat at, commodo vitae, feugiat in, nunc. Morbi imperdiet augue quis tellus. Mauris a ante. Suspendisse quam sem, consequat at, commodo vitae, feugiat in, nunc. Morbi imperdiet augue quis tellus. Praesent mattis, massa quis luctus fermentum, turpis mi volutpat justo, eu volutpat enim diam eget metus.</p><p>Lorem ipsum dolor sit amet, adipiscing elit. Nullam dignissim convallis est. Quisque aliquam. This is emphasized. Donec faucibus. Nunc iaculis suscipit dui. Nam sit amet sem. Aliquam libero nisi, imperdiet at, tincidunt nec, gravida vehicula, nisl. Maecenas ornare tortor. Donec sed tellus eget sapien fringilla nonummy. Mauris a ante. Suspendisse quam sem, consequat at, commodo vitae, feugiat in, nunc. Morbi imperdiet augue quis tellus. Mauris a ante. Suspendisse quam sem, consequat at, commodo vitae, feugiat in, nunc. Morbi imperdiet augue quis tellus. Praesent mattis, massa quis luctus fermentum, turpis mi volutpat justo, eu volutpat enim diam eget metus.</p><p>Lorem ipsum dolor sit amet, adipiscing elit. Nullam dignissim convallis est. Quisque aliquam. This is emphasized. Donec faucibus. Nunc iaculis suscipit dui. Nam sit amet sem. Aliquam libero nisi, imperdiet at, tincidunt nec, gravida vehicula, nisl. Maecenas ornare tortor. Donec sed tellus eget sapien fringilla nonummy. Mauris a ante. Suspendisse quam sem, consequat at, commodo vitae, feugiat in, nunc. Morbi imperdiet augue quis tellus. Mauris a ante. Suspendisse quam sem, consequat at, commodo vitae, feugiat in, nunc. Morbi imperdiet augue quis tellus. Praesent mattis, massa quis luctus fermentum, turpis mi volutpat justo, eu volutpat enim diam eget metus.</p><p>Lorem ipsum dolor sit amet, adipiscing elit. Nullam dignissim convallis est. Quisque aliquam. This is emphasized. Donec faucibus. Nunc iaculis suscipit dui. Nam sit amet sem. Aliquam libero nisi, imperdiet at, tincidunt nec, gravida vehicula, nisl. Maecenas ornare tortor. Donec sed tellus eget sapien fringilla nonummy. Mauris a ante. Suspendisse quam sem, consequat at, commodo vitae, feugiat in, nunc. Morbi imperdiet augue quis tellus. Mauris a ante. Suspendisse quam sem, consequat at, commodo vitae, feugiat in, nunc. Morbi imperdiet augue quis tellus. Praesent mattis, massa quis luctus fermentum, turpis mi volutpat justo, eu volutpat enim diam eget metus.</p><p>Lorem ipsum dolor sit amet, adipiscing elit. Nullam dignissim convallis est. Quisque aliquam. This is emphasized. Donec faucibus. Nunc iaculis suscipit dui. Nam sit amet sem. Aliquam libero nisi, imperdiet at, tincidunt nec, gravida vehicula, nisl. Maecenas ornare tortor. Donec sed tellus eget sapien fringilla nonummy. Mauris a ante. Suspendisse quam sem, consequat at, commodo vitae, feugiat in, nunc. Morbi imperdiet augue quis tellus. Mauris a ante. Suspendisse quam sem, consequat at, commodo vitae, feugiat in, nunc. Morbi imperdiet augue quis tellus. Praesent mattis, massa quis luctus fermentum, turpis mi volutpat justo, eu volutpat enim diam eget metus.</p><p>Lorem ipsum dolor sit amet, adipiscing elit. Nullam dignissim convallis est. Quisque aliquam. This is emphasized. Donec faucibus. Nunc iaculis suscipit dui. Nam sit amet sem. Aliquam libero nisi, imperdiet at, tincidunt nec, gravida vehicula, nisl. Maecenas ornare tortor. Donec sed tellus eget sapien fringilla nonummy. Mauris a ante. Suspendisse quam sem, consequat at, commodo vitae, feugiat in, nunc. Morbi imperdiet augue quis tellus. Mauris a ante. Suspendisse quam sem, consequat at, commodo vitae, feugiat in, nunc. Morbi imperdiet augue quis tellus. Praesent mattis, massa quis luctus fermentum, turpis mi volutpat justo, eu volutpat enim diam eget metus.</p><p>Lorem ipsum dolor sit amet, adipiscing elit. Nullam dignissim convallis est. Quisque aliquam. This is emphasized. Donec faucibus. Nunc iaculis suscipit dui. Nam sit amet sem. Aliquam libero nisi, imperdiet at, tincidunt nec, gravida vehicula, nisl. Maecenas ornare tortor. Donec sed tellus eget sapien fringilla nonummy. Mauris a ante. Suspendisse quam sem, consequat at, commodo vitae, feugiat in, nunc. Morbi imperdiet augue quis tellus. Mauris a ante. Suspendisse quam sem, consequat at, commodo vitae, feugiat in, nunc. Morbi imperdiet augue quis tellus. Praesent mattis, massa quis luctus fermentum, turpis mi volutpat justo, eu volutpat enim diam eget metus.</p><p>Lorem ipsum dolor sit amet, adipiscing elit. Nullam dignissim convallis est. Quisque aliquam. This is emphasized. Donec faucibus. Nunc iaculis suscipit dui. Nam sit amet sem. Aliquam libero nisi, imperdiet at, tincidunt nec, gravida vehicula, nisl. Maecenas ornare tortor. Donec sed tellus eget sapien fringilla nonummy. Mauris a ante. Suspendisse quam sem, consequat at, commodo vitae, feugiat in, nunc. Morbi imperdiet augue quis tellus. Mauris a ante. Suspendisse quam sem, consequat at, commodo vitae, feugiat in, nunc. Morbi imperdiet augue quis tellus. Praesent mattis, massa quis luctus fermentum, turpis mi volutpat justo, eu volutpat enim diam eget metus.</p><p>Lorem ipsum dolor sit amet, adipiscing elit. Nullam dignissim convallis est. Quisque aliquam. This is emphasized. Donec faucibus. Nunc iaculis suscipit dui. Nam sit amet sem. Aliquam libero nisi, imperdiet at, tincidunt nec, gravida vehicula, nisl. Maecenas ornare tortor. Donec sed tellus eget sapien fringilla nonummy. Mauris a ante. Suspendisse quam sem, consequat at, commodo vitae, feugiat in, nunc. Morbi imperdiet augue quis tellus. Mauris a ante. Suspendisse quam sem, consequat at, commodo vitae, feugiat in, nunc. Morbi imperdiet augue quis tellus. Praesent mattis, massa quis luctus fermentum, turpis mi volutpat justo, eu volutpat enim diam eget metus.</p><p>Lorem ipsum dolor sit amet, adipiscing elit. Nullam dignissim convallis est. Quisque aliquam. This is emphasized. Donec faucibus. Nunc iaculis suscipit dui. Nam sit amet sem. Aliquam libero nisi, imperdiet at, tincidunt nec, gravida vehicula, nisl. Maecenas ornare tortor. Donec sed tellus eget sapien fringilla nonummy. Mauris a ante. Suspendisse quam sem, consequat at, commodo vitae, feugiat in, nunc. Morbi imperdiet augue quis tellus. Mauris a ante. Suspendisse quam sem, consequat at, commodo vitae, feugiat in, nunc. Morbi imperdiet augue quis tellus. Praesent mattis, massa quis luctus fermentum, turpis mi volutpat justo, eu volutpat enim diam eget metus.</p><p>Lorem ipsum dolor sit amet, adipiscing elit. Nullam dignissim convallis est. Quisque aliquam. This is emphasized. Donec faucibus. Nunc iaculis suscipit dui. Nam sit amet sem. Aliquam libero nisi, imperdiet at, tincidunt nec, gravida vehicula, nisl. Maecenas ornare tortor. Donec sed tellus eget sapien fringilla nonummy. Mauris a ante. Suspendisse quam sem, consequat at, commodo vitae, feugiat in, nunc. Morbi imperdiet augue quis tellus. Mauris a ante. Suspendisse quam sem, consequat at, commodo vitae, feugiat in, nunc. Morbi imperdiet augue quis tellus. Praesent mattis, massa quis luctus fermentum, turpis mi volutpat justo, eu volutpat enim diam eget metus.</p><p>Lorem ipsum dolor sit amet, adipiscing elit. Nullam dignissim convallis est. Quisque aliquam. This is emphasized. Donec faucibus. Nunc iaculis suscipit dui. Nam sit amet sem. Aliquam libero nisi, imperdiet at, tincidunt nec, gravida vehicula, nisl. Maecenas ornare tortor. Donec sed tellus eget sapien fringilla nonummy. Mauris a ante. Suspendisse quam sem, consequat at, commodo vitae, feugiat in, nunc. Morbi imperdiet augue quis tellus. Mauris a ante. Suspendisse quam sem, consequat at, commodo vitae, feugiat in, nunc. Morbi imperdiet augue quis tellus. Praesent mattis, massa quis luctus fermentum, turpis mi volutpat justo, eu volutpat enim diam eget metus.</p><p>Lorem ipsum dolor sit amet, adipiscing elit. Nullam dignissim convallis est. Quisque aliquam. This is emphasized. Donec faucibus. Nunc iaculis suscipit dui. Nam sit amet sem. Aliquam libero nisi, imperdiet at, tincidunt nec, gravida vehicula, nisl. Maecenas ornare tortor. Donec sed tellus eget sapien fringilla nonummy. Mauris a ante. Suspendisse quam sem, consequat at, commodo vitae, feugiat in, nunc. Morbi imperdiet augue quis tellus. Mauris a ante. Suspendisse quam sem, consequat at, commodo vitae, feugiat in, nunc. Morbi imperdiet augue quis tellus. Praesent mattis, massa quis luctus fermentum, turpis mi volutpat justo, eu volutpat enim diam eget metus.</p><p>Lorem ipsum dolor sit amet, adipiscing elit. Nullam dignissim convallis est. Quisque aliquam. This is emphasized. Donec faucibus. Nunc iaculis suscipit dui. Nam sit amet sem. Aliquam libero nisi, imperdiet at, tincidunt nec, gravida vehicula, nisl. Maecenas ornare tortor. Donec sed tellus eget sapien fringilla nonummy. Mauris a ante. Suspendisse quam sem, consequat at, commodo vitae, feugiat in, nunc. Morbi imperdiet augue quis tellus. Mauris a ante. Suspendisse quam sem, consequat at, commodo vitae, feugiat in, nunc. Morbi imperdiet augue quis tellus. Praesent mattis, massa quis luctus fermentum, turpis mi volutpat justo, eu volutpat enim diam eget metus.</p><p>Lorem ipsum dolor sit amet, adipiscing elit. Nullam dignissim convallis est. Quisque aliquam. This is emphasized. Donec faucibus. Nunc iaculis suscipit dui. Nam sit amet sem. Aliquam libero nisi, imperdiet at, tincidunt nec, gravida vehicula, nisl. Maecenas ornare tortor. Donec sed tellus eget sapien fringilla nonummy. Mauris a ante. Suspendisse quam sem, consequat at, commodo vitae, feugiat in, nunc. Morbi imperdiet augue quis tellus. Mauris a ante. Suspendisse quam sem, consequat at, commodo vitae, feugiat in, nunc. Morbi imperdiet augue quis tellus. Praesent mattis, massa quis luctus fermentum, turpis mi volutpat justo, eu volutpat enim diam eget metus.</p><p>Lorem ipsum dolor sit amet, adipiscing elit. Nullam dignissim convallis est. Quisque aliquam. This is emphasized. Donec faucibus. Nunc iaculis suscipit dui. Nam sit amet sem. Aliquam libero nisi, imperdiet at, tincidunt nec, gravida vehicula, nisl. Maecenas ornare tortor. Donec sed tellus eget sapien fringilla nonummy. Mauris a ante. Suspendisse quam sem, consequat at, commodo vitae, feugiat in, nunc. Morbi imperdiet augue quis tellus. Mauris a ante. Suspendisse quam sem, consequat at, commodo vitae, feugiat in, nunc. Morbi imperdiet augue quis tellus. Praesent mattis, massa quis luctus fermentum, turpis mi volutpat justo, eu volutpat enim diam eget metus.</p>]]></wp:comment_content>
			<wp:comment_approved><![CDATA[liveblog]]></wp:comment_approved>
			<wp:comment_type><![CDATA[liveblog]]></wp:comment_type>
			<wp:comment_parent>0</wp:comment_parent>
			<wp:comment_user_id>1</wp:comment_user_id>
			<wp:commentmeta>
				<wp:meta_key><![CDATA[liveblog_hide_authors]]></wp:meta_key>
				<wp:meta_value><![CDATA[]]></wp:meta_value>
			</wp:commentmeta>
		</wp:comment>
		<wp:comment>
			<wp:comment_id>61</wp:comment_id>
			<wp:comment_author><![CDATA[admin]]></wp:comment_author>
			<wp:comment_author_email><![CDATA[admin@local.test]]></wp:comment_author_email>
			<wp:comment_author_url></wp:comment_author_url>
			<wp:comment_author_IP><![CDATA[]]></wp:comment_author_IP>
			<wp:comment_date><![CDATA[2018-05-06 18:05:12]]></wp:comment_date>
			<wp:comment_date_gmt><![CDATA[2018-05-06 18:05:12]]></wp:comment_date_gmt>
			<wp:comment_content><![CDATA[<p>Lorem ipsum dolor sit amet, adipiscing elit.</p><p>Nullam dignissim convallis est. Quisque aliquam. </p><p>Donec faucibus.</p><p>Nunc iaculis suscipit dui.</p><p>Nam sit amet sem.</p><p>Aliquam libero nisi, imperdiet at, tincidunt nec, gravida vehicula, nisl.</p><p>Maecenas ornare tortor.</p><p>Donec sed tellus eget sapien fringilla nonummy.</p><p>Mauris a ante.</p><p>Suspendisse quam sem, consequat at, commodo vitae, feugiat in, nunc.</p><p>Morbi imperdiet augue quis tellus.</p><p>Mauris a ante.</p><p>Suspendisse quam sem, consequat at, commodo vitae, feugiat in, nunc.</p><p>Morbi imperdiet augue quis tellus.</p><p>Praesent mattis, massa quis luctus fermentum, turpis mi volutpat justo, eu volutpat enim diam eget metus.</p><p>Lorem ipsum dolor sit amet, adipiscing elit.</p><p>Nullam dignissim convallis est. Quisque aliquam. </p><p>Donec faucibus.</p><p>Nunc iaculis suscipit dui.</p><p>Nam sit amet sem.</p><p>Aliquam libero nisi, imperdiet at, tincidunt nec, gravida vehicula, nisl.</p><p>Maecenas ornare tortor.</p><p>Donec sed tellus eget sapien fringilla nonummy.</p><p>Mauris a ante.</p><p>Suspendisse quam sem, consequat at, commodo vitae, feugiat in, nunc.</p><p>Morbi imperdiet augue quis tellus.</p><p>Mauris a ante.</p><p>Suspendisse quam sem, consequat at, commodo vitae, feugiat in, nunc.</p><p>Morbi imperdiet augue quis tellus.</p><p>Praesent mattis, massa quis luctus fermentum, turpis mi volutpat justo, eu volutpat enim diam eget metus.</p><p>Lorem ipsum dolor sit amet, adipiscing elit.</p><p>Nullam dignissim convallis est. Quisque aliquam. </p><p>Donec faucibus.</p><p>Nunc iaculis suscipit dui.</p><p>Nam sit amet sem.</p><p>Aliquam libero nisi, imperdiet at, tincidunt nec, gravida vehicula, nisl.</p><p>Maecenas ornare tortor.</p><p>Donec sed tellus eget sapien fringilla nonummy.</p><p>Mauris a ante.</p><p>Suspendisse quam sem, consequat at, commodo vitae, feugiat in, nunc.</p><p>Morbi imperdiet augue quis tellus.</p><p>Mauris a ante.</p><p>Suspendisse quam sem, consequat at, commodo vitae, feugiat in, nunc.</p><p>Morbi imperdiet augue quis tellus.</p><p>Praesent mattis, massa quis luctus fermentum, turpis mi volutpat justo, eu volutpat enim diam eget metus.</p><p>Lorem ipsum dolor sit amet, adipiscing elit.</p><p>Nullam dignissim convallis est. Quisque aliquam. </p><p>Donec faucibus.</p><p>Nunc iaculis suscipit dui.</p><p>Nam sit amet sem.</p><p>Aliquam libero nisi, imperdiet at, tincidunt nec, gravida vehicula, nisl.</p><p>Maecenas ornare tortor.</p><p>Donec sed tellus eget sapien fringilla nonummy.</p><p>Mauris a ante.</p><p>Suspendisse quam sem, consequat at, commodo vitae, feugiat in, nunc.</p><p>Morbi imperdiet augue quis tellus.</p><p>Mauris a ante.</p><p>Suspendisse quam sem, consequat at, commodo vitae, feugiat in, nunc.</p><p>Morbi imperdiet augue quis tellus.</p><p>Praesent mattis, massa quis luctus fermentum, turpis mi volutpat justo, eu volutpat enim diam eget metus.</p><p>Lorem ipsum dolor sit amet, adipiscing elit.</p><p>Nullam dignissim convallis est. Quisque aliquam. </p><p>Donec faucibus.</p><p>Nunc iaculis suscipit dui.</p><p>Nam sit amet sem.</p><p>Aliquam libero nisi, imperdiet at, tincidunt nec, gravida vehicula, nisl.</p><p>Maecenas ornare tortor.</p><p>Donec sed tellus eget sapien fringilla nonummy.</p><p>Mauris a ante.</p><p>Suspendisse quam sem, consequat at, commodo vitae, feugiat in, nunc.</p><p>Morbi imperdiet augue quis tellus.</p><p>Mauris a ante.</p><p>Suspendisse quam sem, consequat at, commodo vitae, feugiat in, nunc.</p><p>Morbi imperdiet augue quis tellus.</p><p>Praesent mattis, massa quis luctus fermentum, turpis mi volutpat justo, eu volutpat enim diam eget metus.</p><p>Lorem ipsum dolor sit amet, adipiscing elit.</p><p>Nullam dignissim convallis est. Quisque aliquam. </p><p>Donec faucibus.</p><p>Nunc iaculis suscipit dui.</p><p>Nam sit amet sem.</p><p>Aliquam libero nisi, imperdiet at, tincidunt nec, gravida vehicula, nisl.</p><p>Maecenas ornare tortor.</p><p>Donec sed tellus eget sapien fringilla nonummy.</p><p>Mauris a ante.</p><p>Suspendisse quam sem, consequat at, commodo vitae, feugiat in, nunc.</p><p>Morbi imperdiet augue quis tellus.</p><p>Mauris a ante.</p><p>Suspendisse quam sem, consequat at, commodo vitae, feugiat in, nunc.</p><p>Morbi imperdiet augue quis tellus.</p><p>Praesent mattis, massa quis luctus fermentum, turpis mi volutpat justo, eu volutpat enim diam eget metus.</p><p>Lorem ipsum dolor sit amet, adipiscing elit.</p><p>Nullam dignissim convallis est. Quisque aliquam. </p><p>Donec faucibus.</p><p>Nunc iaculis suscipit dui.</p><p>Nam sit amet sem.</p><p>Aliquam libero nisi, imperdiet at, tincidunt nec, gravida vehicula, nisl.</p><p>Maecenas ornare tortor.</p><p>Donec sed tellus eget sapien fringilla nonummy.</p><p>Mauris a ante.</p><p>Suspendisse quam sem, consequat at, commodo vitae, feugiat in, nunc.</p><p>Morbi imperdiet augue quis tellus.</p><p>Mauris a ante.</p><p>Suspendisse quam sem, consequat at, commodo vitae, feugiat in, nunc.</p><p>Morbi imperdiet augue quis tellus.</p><p>Praesent mattis, massa quis luctus fermentum, turpis mi volutpat justo, eu volutpat enim diam eget metus.</p><p>Lorem ipsum dolor sit amet, adipiscing elit.</p><p>Nullam dignissim convallis est. Quisque aliquam. </p><p>Donec faucibus.</p><p>Nunc iaculis suscipit dui.</p><p>Nam sit amet sem.</p><p>Aliquam libero nisi, imperdiet at, tincidunt nec, gravida vehicula, nisl.</p><p>Maecenas ornare tortor.</p><p>Donec sed tellus eget sapien fringilla nonummy.</p><p>Mauris a ante.</p><p>Suspendisse quam sem, consequat at, commodo vitae, feugiat in, nunc.</p><p>Morbi imperdiet augue quis tellus.</p><p>Mauris a ante.</p><p>Suspendisse quam sem, consequat at, commodo vitae, feugiat in, nunc.</p><p>Morbi imperdiet augue quis tellus.</p><p>Praesent mattis, massa quis luctus fermentum, turpis mi volutpat justo, eu volutpat enim diam eget metus.</p><p>Lorem ipsum dolor sit amet, adipiscing elit.</p><p>Nullam dignissim convallis est. Quisque aliquam. </p><p>Donec faucibus.</p><p>Nunc iaculis suscipit dui.</p><p>Nam sit amet sem.</p><p>Aliquam libero nisi, imperdiet at, tincidunt nec, gravida vehicula, nisl.</p><p>Maecenas ornare tortor.</p><p>Donec sed tellus eget sapien fringilla nonummy.</p><p>Mauris a ante.</p><p>Suspendisse quam sem, consequat at, commodo vitae, feugiat in, nunc.</p><p>Morbi imperdiet augue quis tellus.</p><p>Mauris a ante.</p><p>Suspendisse quam sem, consequat at, commodo vitae, feugiat in, nunc.</p><p>Morbi imperdiet augue quis tellus.</p><p>Praesent mattis, massa quis luctus fermentum, turpis mi volutpat justo, eu volutpat enim diam eget metus.</p><p>Lorem ipsum dolor sit amet, adipiscing elit.</p><p>Nullam dignissim convallis est. Quisque aliquam. </p><p>Donec faucibus.</p><p>Nunc iaculis suscipit dui.</p><p>Nam sit amet sem.</p><p>Aliquam libero nisi, imperdiet at, tincidunt nec, gravida vehicula, nisl.</p><p>Maecenas ornare tortor.</p><p>Donec sed tellus eget sapien fringilla nonummy.</p><p>Mauris a ante.</p><p>Suspendisse quam sem, consequat at, commodo vitae, feugiat in, nunc.</p><p>Morbi imperdiet augue quis tellus.</p><p>Mauris a ante.</p><p>Suspendisse quam sem, consequat at, commodo vitae, feugiat in, nunc.</p><p>Morbi imperdiet augue quis tellus.</p><p>Praesent mattis, massa quis luctus fermentum, turpis mi volutpat justo, eu volutpat enim diam eget metus.</p><p>Lorem ipsum dolor sit amet, adipiscing elit.</p><p>Nullam dignissim convallis est. Quisque aliquam. </p><p>Donec faucibus.</p><p>Nunc iaculis suscipit dui.</p><p>Nam sit amet sem.</p><p>Aliquam libero nisi, imperdiet at, tincidunt nec, gravida vehicula, nisl.</p><p>Maecenas ornare tortor.</p><p>Donec sed tellus eget sapien fringilla nonummy.</p><p>Mauris a ante.</p><p>Suspendisse quam sem, consequat at, commodo vitae, feugiat in, nunc.</p><p>Morbi imperdiet augue quis tellus.</p><p>Mauris a ante.</p><p>Suspendisse quam sem, consequat at, commodo vitae, feugiat in, nunc.</p><p>Morbi imperdiet augue quis tellus.</p><p>Praesent mattis, massa quis luctus fermentum, turpis mi volutpat justo, eu volutpat enim diam eget metus.</p><p>Lorem ipsum dolor sit amet, adipiscing elit.</p><p>Nullam dignissim convallis est. Quisque aliquam. </p><p>Donec faucibus.</p><p>Nunc iaculis suscipit dui.</p><p>Nam sit amet sem.</p><p>Aliquam libero nisi, imperdiet at, tincidunt nec, gravida vehicula, nisl.</p><p>Maecenas ornare tortor.</p><p>Donec sed tellus eget sapien fringilla nonummy.</p><p>Mauris a ante.</p><p>Suspendisse quam sem, consequat at, commodo vitae, feugiat in, nunc.</p><p>Morbi imperdiet augue quis tellus.</p><p>Mauris a ante.</p><p>Suspendisse quam sem, consequat at, commodo vitae, feugiat in, nunc.</p><p>Morbi imperdiet augue quis tellus.</p><p>Praesent mattis, massa quis luctus fermentum, turpis mi volutpat justo, eu volutpat enim diam eget metus.</p><p>Lorem ipsum dolor sit amet, adipiscing elit.</p><p>Nullam dignissim convallis est. Quisque aliquam. </p><p>Donec faucibus.</p><p>Nunc iaculis suscipit dui.</p><p>Nam sit amet sem.</p><p>Aliquam libero nisi, imperdiet at, tincidunt nec, gravida vehicula, nisl.</p><p>Maecenas ornare tortor.</p><p>Donec sed tellus eget sapien fringilla nonummy.</p><p>Mauris a ante.</p><p>Suspendisse quam sem, consequat at, commodo vitae, feugiat in, nunc.</p><p>Morbi imperdiet augue quis tellus.</p><p>Mauris a ante.</p><p>Suspendisse quam sem, consequat at, commodo vitae, feugiat in, nunc.</p><p>Morbi imperdiet augue quis tellus.</p><p>Praesent mattis, massa quis luctus fermentum, turpis mi volutpat justo, eu volutpat enim diam eget metus.</p><p>Lorem ipsum dolor sit amet, adipiscing elit.</p><p>Nullam dignissim convallis est. Quisque aliquam. </p><p>Donec faucibus.</p><p>Nunc iaculis suscipit dui.</p><p>Nam sit amet sem.</p><p>Aliquam libero nisi, imperdiet at, tincidunt nec, gravida vehicula, nisl.</p><p>Maecenas ornare tortor.</p><p>Donec sed tellus eget sapien fringilla nonummy.</p><p>Mauris a ante.</p><p>Suspendisse quam sem, consequat at, commodo vitae, feugiat in, nunc.</p><p>Morbi imperdiet augue quis tellus.</p><p>Mauris a ante.</p><p>Suspendisse quam sem, consequat at, commodo vitae, feugiat in, nunc.</p><p>Morbi imperdiet augue quis tellus.</p><p>Praesent mattis, massa quis luctus fermentum, turpis mi volutpat justo, eu volutpat enim diam eget metus.</p><p>Lorem ipsum dolor sit amet, adipiscing elit.</p><p>Nullam dignissim convallis est. Quisque aliquam. </p><p>Donec faucibus.</p><p>Nunc iaculis suscipit dui.</p><p>Nam sit amet sem.</p><p>Aliquam libero nisi, imperdiet at, tincidunt nec, gravida vehicula, nisl.</p><p>Maecenas ornare tortor.</p><p>Donec sed tellus eget sapien fringilla nonummy.</p><p>Mauris a ante.</p><p>Suspendisse quam sem, consequat at, commodo vitae, feugiat in, nunc.</p><p>Morbi imperdiet augue quis tellus.</p><p>Mauris a ante.</p><p>Suspendisse quam sem, consequat at, commodo vitae, feugiat in, nunc.</p><p>Morbi imperdiet augue quis tellus.</p><p>Praesent mattis, massa quis luctus fermentum, turpis mi volutpat justo, eu volutpat enim diam eget metus.</p><p>Lorem ipsum dolor sit amet, adipiscing elit.</p><p>Nullam dignissim convallis est. Quisque aliquam. </p><p>Donec faucibus.</p><p>Nunc iaculis suscipit dui.</p><p>Nam sit amet sem.</p><p>Aliquam libero nisi, imperdiet at, tincidunt nec, gravida vehicula, nisl.</p><p>Maecenas ornare tortor.</p><p>Donec sed tellus eget sapien fringilla nonummy.</p><p>Mauris a ante.</p><p>Suspendisse quam sem, consequat at, commodo vitae, feugiat in, nunc.</p><p>Morbi imperdiet augue quis tellus.</p><p>Mauris a ante.</p><p>Suspendisse quam sem, consequat at, commodo vitae, feugiat in, nunc.</p><p>Morbi imperdiet augue quis tellus.</p><p>Praesent mattis, massa quis luctus fermentum, turpis mi volutpat justo, eu volutpat enim diam eget metus.</p><p>Lorem ipsum dolor sit amet, adipiscing elit.</p><p>Nullam dignissim convallis est. Quisque aliquam. </p><p>Donec faucibus.</p><p>Nunc iaculis suscipit dui.</p><p>Nam sit amet sem.</p><p>Aliquam libero nisi, imperdiet at, tincidunt nec, gravida vehicula, nisl.</p><p>Maecenas ornare tortor.</p><p>Donec sed tellus eget sapien fringilla nonummy.</p><p>Mauris a ante.</p><p>Suspendisse quam sem, consequat at, commodo vitae, feugiat in, nunc.</p><p>Morbi imperdiet augue quis tellus.</p><p>Mauris a ante.</p><p>Suspendisse quam sem, consequat at, commodo vitae, feugiat in, nunc.</p><p>Morbi imperdiet augue quis tellus.</p><p>Praesent mattis, massa quis luctus fermentum, turpis mi volutpat justo, eu volutpat enim diam eget metus.</p><p>Lorem ipsum dolor sit amet, adipiscing elit.</p><p>Nullam dignissim convallis est. Quisque aliquam. </p><p>Donec faucibus.</p><p>Nunc iaculis suscipit dui.</p><p>Nam sit amet sem.</p><p>Aliquam libero nisi, imperdiet at, tincidunt nec, gravida vehicula, nisl.</p><p>Maecenas ornare tortor.</p><p>Donec sed tellus eget sapien fringilla nonummy.</p><p>Mauris a ante.</p><p>Suspendisse quam sem, consequat at, commodo vitae, feugiat in, nunc.</p><p>Morbi imperdiet augue quis tellus.</p><p>Mauris a ante.</p><p>Suspendisse quam sem, consequat at, commodo vitae, feugiat in, nunc.</p><p>Morbi imperdiet augue quis tellus.</p><p>Praesent mattis, massa quis luctus fermentum, turpis mi volutpat justo, eu volutpat enim diam eget metus.</p><p>Lorem ipsum dolor sit amet, adipiscing elit.</p><p>Nullam dignissim convallis est. Quisque aliquam. </p><p>Donec faucibus.</p><p>Nunc iaculis suscipit dui.</p><p>Nam sit amet sem.</p><p>Aliquam libero nisi, imperdiet at, tincidunt nec, gravida vehicula, nisl.</p><p>Maecenas ornare tortor.</p><p>Donec sed tellus eget sapien fringilla nonummy.</p><p>Mauris a ante.</p><p>Suspendisse quam sem, consequat at, commodo vitae, feugiat in, nunc.</p><p>Morbi imperdiet augue quis tellus.</p><p>Mauris a ante.</p><p>Suspendisse quam sem, consequat at, commodo vitae, feugiat in, nunc.</p><p>Morbi imperdiet augue quis tellus.</p><p>Praesent mattis, massa quis luctus fermentum, turpis mi volutpat justo, eu volutpat enim diam eget metus.</p><p>Lorem ipsum dolor sit amet, adipiscing elit.</p><p>Nullam dignissim convallis est. Quisque aliquam. </p><p>Donec faucibus.</p><p>Nunc iaculis suscipit dui.</p><p>Nam sit amet sem.</p><p>Aliquam libero nisi, imperdiet at, tincidunt nec, gravida vehicula, nisl.</p><p>Maecenas ornare tortor.</p><p>Donec sed tellus eget sapien fringilla nonummy.</p><p>Mauris a ante.</p><p>Suspendisse quam sem, consequat at, commodo vitae, feugiat in, nunc.</p><p>Morbi imperdiet augue quis tellus.</p><p>Mauris a ante.</p><p>Suspendisse quam sem, consequat at, commodo vitae, feugiat in, nunc.</p><p>Morbi imperdiet augue quis tellus.</p><p>Praesent mattis, massa quis luctus fermentum, turpis mi volutpat justo, eu volutpat enim diam eget metus.</p><p>Lorem ipsum dolor sit amet, adipiscing elit.</p><p>Nullam dignissim convallis est. Quisque aliquam. </p><p>Donec faucibus.</p><p>Nunc iaculis suscipit dui.</p><p>Nam sit amet sem.</p><p>Aliquam libero nisi, imperdiet at, tincidunt nec, gravida vehicula, nisl.</p><p>Maecenas ornare tortor.</p><p>Donec sed tellus eget sapien fringilla nonummy.</p><p>Mauris a ante.</p><p>Suspendisse quam sem, consequat at, commodo vitae, feugiat in, nunc.</p><p>Morbi imperdiet augue quis tellus.</p><p>Mauris a ante.</p><p>Suspendisse quam sem, consequat at, commodo vitae, feugiat in, nunc.</p><p>Morbi imperdiet augue quis tellus.</p><p>Praesent mattis, massa quis luctus fermentum, turpis mi volutpat justo, eu volutpat enim diam eget metus.</p><p>Lorem ipsum dolor sit amet, adipiscing elit.</p><p>Nullam dignissim convallis est. Quisque aliquam. </p><p>Donec faucibus.</p><p>Nunc iaculis suscipit dui.</p><p>Nam sit amet sem.</p><p>Aliquam libero nisi, imperdiet at, tincidunt nec, gravida vehicula, nisl.</p><p>Maecenas ornare tortor.</p><p>Donec sed tellus eget sapien fringilla nonummy.</p><p>Mauris a ante.</p><p>Suspendisse quam sem, consequat at, commodo vitae, feugiat in, nunc.</p><p>Morbi imperdiet augue quis tellus.</p><p>Mauris a ante.</p><p>Suspendisse quam sem, consequat at, commodo vitae, feugiat in, nunc.</p><p>Morbi imperdiet augue quis tellus.</p><p>Praesent mattis, massa quis luctus fermentum, turpis mi volutpat justo, eu volutpat enim diam eget metus.</p><p>Lorem ipsum dolor sit amet, adipiscing elit.</p><p>Nullam dignissim convallis est. Quisque aliquam. </p><p>Donec faucibus.</p><p>Nunc iaculis suscipit dui.</p><p>Nam sit amet sem.</p><p>Aliquam libero nisi, imperdiet at, tincidunt nec, gravida vehicula, nisl.</p><p>Maecenas ornare tortor.</p><p>Donec sed tellus eget sapien fringilla nonummy.</p><p>Mauris a ante.</p><p>Suspendisse quam sem, consequat at, commodo vitae, feugiat in, nunc.</p><p>Morbi imperdiet augue quis tellus.</p><p>Mauris a ante.</p><p>Suspendisse quam sem, consequat at, commodo vitae, feugiat in, nunc.</p><p>Morbi imperdiet augue quis tellus.</p><p>Praesent mattis, massa quis luctus fermentum, turpis mi volutpat justo, eu volutpat enim diam eget metus.</p><p>Lorem ipsum dolor sit amet, adipiscing elit.</p><p>Nullam dignissim convallis est. Quisque aliquam. </p><p>Donec faucibus.</p><p>Nunc iaculis suscipit dui.</p><p>Nam sit amet sem.</p><p>Aliquam libero nisi, imperdiet at, tincidunt nec, gravida vehicula, nisl.</p><p>Maecenas ornare tortor.</p><p>Donec sed tellus eget sapien fringilla nonummy.</p><p>Mauris a ante.</p><p>Suspendisse quam sem, consequat at, commodo vitae, feugiat in, nunc.</p><p>Morbi imperdiet augue quis tellus.</p><p>Mauris a ante.</p><p>Suspendisse quam sem, consequat at, commodo vitae, feugiat in, nunc.</p><p>Morbi imperdiet augue quis tellus.</p><p>Praesent mattis, massa quis luctus fermentum, turpis mi volutpat justo, eu volutpat enim diam eget metus.</p><p>Lorem ipsum dolor sit amet, adipiscing elit.</p><p>Nullam dignissim convallis est. Quisque aliquam. </p><p>Donec faucibus.</p><p>Nunc iaculis suscipit dui.</p><p>Nam sit amet sem.</p><p>Aliquam libero nisi, imperdiet at, tincidunt nec, gravida vehicula, nisl.</p><p>Maecenas ornare tortor.</p><p>Donec sed tellus eget sapien fringilla nonummy.</p><p>Mauris a ante.</p><p>Suspendisse quam sem, consequat at, commodo vitae, feugiat in, nunc.</p><p>Morbi imperdiet augue quis tellus.</p><p>Mauris a ante.</p><p>Suspendisse quam sem, consequat at, commodo vitae, feugiat in, nunc.</p><p>Morbi imperdiet augue quis tellus.</p><p>Praesent mattis, massa quis luctus fermentum, turpis mi volutpat justo, eu volutpat enim diam eget metus.</p><p>Lorem ipsum dolor sit amet, adipiscing elit.</p><p>Nullam dignissim convallis est. Quisque aliquam. </p><p>Donec faucibus.</p><p>Nunc iaculis suscipit dui.</p><p>Nam sit amet sem.</p><p>Aliquam libero nisi, imperdiet at, tincidunt nec, gravida vehicula, nisl.</p><p>Maecenas ornare tortor.</p><p>Donec sed tellus eget sapien fringilla nonummy.</p><p>Mauris a ante.</p><p>Suspendisse quam sem, consequat at, commodo vitae, feugiat in, nunc.</p><p>Morbi imperdiet augue quis tellus.</p><p>Mauris a ante.</p><p>Suspendisse quam sem, consequat at, commodo vitae, feugiat in, nunc.</p><p>Morbi imperdiet augue quis tellus.</p><p>Praesent mattis, massa quis luctus fermentum, turpis mi volutpat justo, eu volutpat enim diam eget metus.</p><p>Lorem ipsum dolor sit amet, adipiscing elit.</p><p>Nullam dignissim convallis est. Quisque aliquam. </p><p>Donec faucibus.</p><p>Nunc iaculis suscipit dui.</p><p>Nam sit amet sem.</p><p>Aliquam libero nisi, imperdiet at, tincidunt nec, gravida vehicula, nisl.</p><p>Maecenas ornare tortor.</p><p>Donec sed tellus eget sapien fringilla nonummy.</p><p>Mauris a ante.</p><p>Suspendisse quam sem, consequat at, commodo vitae, feugiat in, nunc.</p><p>Morbi imperdiet augue quis tellus.</p><p>Mauris a ante.</p><p>Suspendisse quam sem, consequat at, commodo vitae, feugiat in, nunc.</p><p>Morbi imperdiet augue quis tellus.</p><p>Praesent mattis, massa quis luctus fermentum, turpis mi volutpat justo, eu volutpat enim diam eget metus.</p><p>Lorem ipsum dolor sit amet, adipiscing elit.</p><p>Nullam dignissim convallis est. Quisque aliquam. </p><p>Donec faucibus.</p><p>Nunc iaculis suscipit dui.</p><p>Nam sit amet sem.</p><p>Aliquam libero nisi, imperdiet at, tincidunt nec, gravida vehicula, nisl.</p><p>Maecenas ornare tortor.</p><p>Donec sed tellus eget sapien fringilla nonummy.</p><p>Mauris a ante.</p><p>Suspendisse quam sem, consequat at, commodo vitae, feugiat in, nunc.</p><p>Morbi imperdiet augue quis tellus.</p><p>Mauris a ante.</p><p>Suspendisse quam sem, consequat at, commodo vitae, feugiat in, nunc.</p><p>Morbi imperdiet augue quis tellus.</p><p>Praesent mattis, massa quis luctus fermentum, turpis mi volutpat justo, eu volutpat enim diam eget metus.</p><p>Lorem ipsum dolor sit amet, adipiscing elit.</p><p>Nullam dignissim convallis est. Quisque aliquam. </p><p>Donec faucibus.</p><p>Nunc iaculis suscipit dui.</p><p>Nam sit amet sem.</p><p>Aliquam libero nisi, imperdiet at, tincidunt nec, gravida vehicula, nisl.</p><p>Maecenas ornare tortor.</p><p>Donec sed tellus eget sapien fringilla nonummy.</p><p>Mauris a ante.</p><p>Suspendisse quam sem, consequat at, commodo vitae, feugiat in, nunc.</p><p>Morbi imperdiet augue quis tellus.</p><p>Mauris a ante.</p><p>Suspendisse quam sem, consequat at, commodo vitae, feugiat in, nunc.</p><p>Morbi imperdiet augue quis tellus.</p><p>Praesent mattis, massa quis luctus fermentum, turpis mi volutpat justo, eu volutpat enim diam eget metus.</p><p>Lorem ipsum dolor sit amet, adipiscing elit.</p><p>Nullam dignissim convallis est. Quisque aliquam. </p><p>Donec faucibus.</p><p>Nunc iaculis suscipit dui.</p><p>Nam sit amet sem.</p><p>Aliquam libero nisi, imperdiet at, tincidunt nec, gravida vehicula, nisl.</p><p>Maecenas ornare tortor.</p><p>Donec sed tellus eget sapien fringilla nonummy.</p><p>Mauris a ante.</p><p>Suspendisse quam sem, consequat at, commodo vitae, feugiat in, nunc.</p><p>Morbi imperdiet augue quis tellus.</p><p>Mauris a ante.</p><p>Suspendisse quam sem, consequat at, commodo vitae, feugiat in, nunc.</p><p>Morbi imperdiet augue quis tellus.</p><p>Praesent mattis, massa quis luctus fermentum, turpis mi volutpat justo, eu volutpat enim diam eget metus.</p><p>Lorem ipsum dolor sit amet, adipiscing elit.</p><p>Nullam dignissim convallis est. Quisque aliquam. </p><p>Donec faucibus.</p><p>Nunc iaculis suscipit dui.</p><p>Nam sit amet sem.</p><p>Aliquam libero nisi, imperdiet at, tincidunt nec, gravida vehicula, nisl.</p><p>Maecenas ornare tortor.</p><p>Donec sed tellus eget sapien fringilla nonummy.</p><p>Mauris a ante.</p><p>Suspendisse quam sem, consequat at, commodo vitae, feugiat in, nunc.</p><p>Morbi imperdiet augue quis tellus.</p><p>Mauris a ante.</p><p>Suspendisse quam sem, consequat at, commodo vitae, feugiat in, nunc.</p><p>Morbi imperdiet augue quis tellus.</p><p>Praesent mattis, massa quis luctus fermentum, turpis mi volutpat justo, eu volutpat enim diam eget metus.</p><p>Lorem ipsum dolor sit amet, adipiscing elit.</p><p>Nullam dignissim convallis est. Quisque aliquam. </p><p>Donec faucibus.</p><p>Nunc iaculis suscipit dui.</p><p>Nam sit amet sem.</p><p>Aliquam libero nisi, imperdiet at, tincidunt nec, gravida vehicula, nisl.</p><p>Maecenas ornare tortor.</p><p>Donec sed tellus eget sapien fringilla nonummy.</p><p>Mauris a ante.</p><p>Suspendisse quam sem, consequat at, commodo vitae, feugiat in, nunc.</p><p>Morbi imperdiet augue quis tellus.</p><p>Mauris a ante.</p><p>Suspendisse quam sem, consequat at, commodo vitae, feugiat in, nunc.</p><p>Morbi imperdiet augue quis tellus.</p><p>Praesent mattis, massa quis luctus fermentum, turpis mi volutpat justo, eu volutpat enim diam eget metus.</p><p>Lorem ipsum dolor sit amet, adipiscing elit.</p><p>Nullam dignissim convallis est. Quisque aliquam. </p><p>Donec faucibus.</p><p>Nunc iaculis suscipit dui.</p><p>Nam sit amet sem.</p><p>Aliquam libero nisi, imperdiet at, tincidunt nec, gravida vehicula, nisl.</p><p>Maecenas ornare tortor.</p><p>Donec sed tellus eget sapien fringilla nonummy.</p><p>Mauris a ante.</p><p>Suspendisse quam sem, consequat at, commodo vitae, feugiat in, nunc.</p><p>Morbi imperdiet augue quis tellus.</p><p>Mauris a ante.</p><p>Suspendisse quam sem, consequat at, commodo vitae, feugiat in, nunc.</p><p>Morbi imperdiet augue quis tellus.</p><p>Praesent mattis, massa quis luctus fermentum, turpis mi volutpat justo, eu volutpat enim diam eget metus.</p><p>Lorem ipsum dolor sit amet, adipiscing elit.</p><p>Nullam dignissim convallis est. Quisque aliquam. </p><p>Donec faucibus.</p><p>Nunc iaculis suscipit dui.</p><p>Nam sit amet sem.</p><p>Aliquam libero nisi, imperdiet at, tincidunt nec, gravida vehicula, nisl.</p><p>Maecenas ornare tortor.</p><p>Donec sed tellus eget sapien fringilla nonummy.</p><p>Mauris a ante.</p><p>Suspendisse quam sem, consequat at, commodo vitae, feugiat in, nunc.</p><p>Morbi imperdiet augue quis tellus.</p><p>Mauris a ante.</p><p>Suspendisse quam sem, consequat at, commodo vitae, feugiat in, nunc.</p><p>Morbi imperdiet augue quis tellus.</p><p>Praesent mattis, massa quis luctus fermentum, turpis mi volutpat justo, eu volutpat enim diam eget metus.</p><p>Lorem ipsum dolor sit amet, adipiscing elit.</p><p>Nullam dignissim convallis est. Quisque aliquam. </p><p>Donec faucibus.</p><p>Nunc iaculis suscipit dui.</p><p>Nam sit amet sem.</p><p>Aliquam libero nisi, imperdiet at, tincidunt nec, gravida vehicula, nisl.</p><p>Maecenas ornare tortor.</p><p>Donec sed tellus eget sapien fringilla nonummy.</p><p>Mauris a ante.</p><p>Suspendisse quam sem, consequat at, commodo vitae, feugiat in, nunc.</p><p>Morbi imperdiet augue quis tellus.</p><p>Mauris a ante.</p><p>Suspendisse quam sem, consequat at, commodo vitae, feugiat in, nunc.</p><p>Morbi imperdiet augue quis tellus.</p><p>Praesent mattis, massa quis luctus fermentum, turpis mi volutpat justo, eu volutpat enim diam eget metus.</p><p>Lorem ipsum dolor sit amet, adipiscing elit.</p><p>Nullam dignissim convallis est. Quisque aliquam. </p><p>Donec faucibus.</p><p>Nunc iaculis suscipit dui.</p><p>Nam sit amet sem.</p><p>Aliquam libero nisi, imperdiet at, tincidunt nec, gravida vehicula, nisl.</p><p>Maecenas ornare tortor.</p><p>Donec sed tellus eget sapien fringilla nonummy.</p><p>Mauris a ante.</p><p>Suspendisse quam sem, consequat at, commodo vitae, feugiat in, nunc.</p><p>Morbi imperdiet augue quis tellus.</p><p>Mauris a ante.</p><p>Suspendisse quam sem, consequat at, commodo vitae, feugiat in, nunc.</p><p>Morbi imperdiet augue quis tellus.</p><p>Praesent mattis, massa quis luctus fermentum, turpis mi volutpat justo, eu volutpat enim diam eget metus.</p><p>Lorem ipsum dolor sit amet, adipiscing elit.</p><p>Nullam dignissim convallis est. Quisque aliquam. </p><p>Donec faucibus.</p><p>Nunc iaculis suscipit dui.</p><p>Nam sit amet sem.</p><p>Aliquam libero nisi, imperdiet at, tincidunt nec, gravida vehicula, nisl.</p><p>Maecenas ornare tortor.</p><p>Donec sed tellus eget sapien fringilla nonummy.</p><p>Mauris a ante.</p><p>Suspendisse quam sem, consequat at, commodo vitae, feugiat in, nunc.</p><p>Morbi imperdiet augue quis tellus.</p><p>Mauris a ante.</p><p>Suspendisse quam sem, consequat at, commodo vitae, feugiat in, nunc.</p><p>Morbi imperdiet augue quis tellus.</p><p>Praesent mattis, massa quis luctus fermentum, turpis mi volutpat justo, eu volutpat enim diam eget metus.</p><p>Lorem ipsum dolor sit amet, adipiscing elit.</p><p>Nullam dignissim convallis est. Quisque aliquam. </p><p>Donec faucibus.</p><p>Nunc iaculis suscipit dui.</p><p>Nam sit amet sem.</p><p>Aliquam libero nisi, imperdiet at, tincidunt nec, gravida vehicula, nisl.</p><p>Maecenas ornare tortor.</p><p>Donec sed tellus eget sapien fringilla nonummy.</p><p>Mauris a ante.</p><p>Suspendisse quam sem, consequat at, commodo vitae, feugiat in, nunc.</p><p>Morbi imperdiet augue quis tellus.</p><p>Mauris a ante.</p><p>Suspendisse quam sem, consequat at, commodo vitae, feugiat in, nunc.</p><p>Morbi imperdiet augue quis tellus.</p><p>Praesent mattis, massa quis luctus fermentum, turpis mi volutpat justo, eu volutpat enim diam eget metus.</p>]]></wp:comment_content>
			<wp:comment_approved><![CDATA[liveblog]]></wp:comment_approved>
			<wp:comment_type><![CDATA[liveblog]]></wp:comment_type>
			<wp:comment_parent>0</wp:comment_parent>
			<wp:comment_user_id>1</wp:comment_user_id>
			<wp:commentmeta>
				<wp:meta_key><![CDATA[liveblog_hide_authors]]></wp:meta_key>
				<wp:meta_value><![CDATA[]]></wp:meta_value>
			</wp:commentmeta>
		</wp:comment>
		<wp:comment>
			<wp:comment_id>62</wp:comment_id>
			<wp:comment_author><![CDATA[admin]]></wp:comment_author>
			<wp:comment_author_email><![CDATA[admin@local.test]]></wp:comment_author_email>
			<wp:comment_author_url></wp:comment_author_url>
			<wp:comment_author_IP><![CDATA[]]></wp:comment_author_IP>
			<wp:comment_date><![CDATA[2018-05-06 18:05:55]]></wp:comment_date>
			<wp:comment_date_gmt><![CDATA[2018-05-06 18:05:55]]></wp:comment_date_gmt>
			<wp:comment_content><![CDATA[<p>Lorem ipsum dolor sit amet, adipiscing elit. Nullam dignissim convallis est. Quisque aliquam. This is emphasized. Donec faucibus. Nunc iaculis suscipit dui. Nam sit amet sem. Aliquam libero nisi, imperdiet at, tincidunt nec, gravida vehicula, nisl. Maecenas ornare tortor. Donec sed tellus eget sapien fringilla nonummy. Mauris a ante. Suspendisse quam sem, consequat at, commodo vitae, feugiat in, nunc. Morbi imperdiet augue quis tellus. Mauris a ante. Suspendisse quam sem, consequat at, commodo vitae, feugiat in, nunc. Morbi imperdiet augue quis tellus. Praesent mattis, massa quis luctus fermentum, turpis mi volutpat justo, eu volutpat enim diam eget metus.</p><p>Lorem ipsum dolor sit amet, adipiscing elit. Nullam dignissim convallis est. Quisque aliquam. This is emphasized. Donec faucibus. Nunc iaculis suscipit dui. Nam sit amet sem. Aliquam libero nisi, imperdiet at, tincidunt nec, gravida vehicula, nisl. Maecenas ornare tortor. Donec sed tellus eget sapien fringilla nonummy. Mauris a ante. Suspendisse quam sem, consequat at, commodo vitae, feugiat in, nunc. Morbi imperdiet augue quis tellus. Mauris a ante. Suspendisse quam sem, consequat at, commodo vitae, feugiat in, nunc. Morbi imperdiet augue quis tellus. Praesent mattis, massa quis luctus fermentum, turpis mi volutpat justo, eu volutpat enim diam eget metus.</p><p>Lorem ipsum dolor sit amet, adipiscing elit. Nullam dignissim convallis est. Quisque aliquam. This is emphasized. Donec faucibus. Nunc iaculis suscipit dui. Nam sit amet sem. Aliquam libero nisi, imperdiet at, tincidunt nec, gravida vehicula, nisl. Maecenas ornare tortor. Donec sed tellus eget sapien fringilla nonummy. Mauris a ante. Suspendisse quam sem, consequat at, commodo vitae, feugiat in, nunc. Morbi imperdiet augue quis tellus. Mauris a ante. Suspendisse quam sem, consequat at, commodo vitae, feugiat in, nunc. Morbi imperdiet augue quis tellus. Praesent mattis, massa quis luctus fermentum, turpis mi volutpat justo, eu volutpat enim diam eget metus.</p><p>Lorem ipsum dolor sit amet, adipiscing elit. Nullam dignissim convallis est. Quisque aliquam. This is emphasized. Donec faucibus. Nunc iaculis suscipit dui. Nam sit amet sem. Aliquam libero nisi, imperdiet at, tincidunt nec, gravida vehicula, nisl. Maecenas ornare tortor. Donec sed tellus eget sapien fringilla nonummy. Mauris a ante. Suspendisse quam sem, consequat at, commodo vitae, feugiat in, nunc. Morbi imperdiet augue quis tellus. Mauris a ante. Suspendisse quam sem, consequat at, commodo vitae, feugiat in, nunc. Morbi imperdiet augue quis tellus. Praesent mattis, massa quis luctus fermentum, turpis mi volutpat justo, eu volutpat enim diam eget metus.</p><p>Lorem ipsum dolor sit amet, adipiscing elit. Nullam dignissim convallis est. Quisque aliquam. This is emphasized. Donec faucibus. Nunc iaculis suscipit dui. Nam sit amet sem. Aliquam libero nisi, imperdiet at, tincidunt nec, gravida vehicula, nisl. Maecenas ornare tortor. Donec sed tellus eget sapien fringilla nonummy. Mauris a ante. Suspendisse quam sem, consequat at, commodo vitae, feugiat in, nunc. Morbi imperdiet augue quis tellus. Mauris a ante. Suspendisse quam sem, consequat at, commodo vitae, feugiat in, nunc. Morbi imperdiet augue quis tellus. Praesent mattis, massa quis luctus fermentum, turpis mi volutpat justo, eu volutpat enim diam eget metus.</p><p>Lorem ipsum dolor sit amet, adipiscing elit. Nullam dignissim convallis est. Quisque aliquam. This is emphasized. Donec faucibus. Nunc iaculis suscipit dui. Nam sit amet sem. Aliquam libero nisi, imperdiet at, tincidunt nec, gravida vehicula, nisl. Maecenas ornare tortor. Donec sed tellus eget sapien fringilla nonummy. Mauris a ante. Suspendisse quam sem, consequat at, commodo vitae, feugiat in, nunc. Morbi imperdiet augue quis tellus. Mauris a ante. Suspendisse quam sem, consequat at, commodo vitae, feugiat in, nunc. Morbi imperdiet augue quis tellus. Praesent mattis, massa quis luctus fermentum, turpis mi volutpat justo, eu volutpat enim diam eget metus.</p><p>Lorem ipsum dolor sit amet, adipiscing elit. Nullam dignissim convallis est. Quisque aliquam. This is emphasized. Donec faucibus. Nunc iaculis suscipit dui. Nam sit amet sem. Aliquam libero nisi, imperdiet at, tincidunt nec, gravida vehicula, nisl. Maecenas ornare tortor. Donec sed tellus eget sapien fringilla nonummy. Mauris a ante. Suspendisse quam sem, consequat at, commodo vitae, feugiat in, nunc. Morbi imperdiet augue quis tellus. Mauris a ante. Suspendisse quam sem, consequat at, commodo vitae, feugiat in, nunc. Morbi imperdiet augue quis tellus. Praesent mattis, massa quis luctus fermentum, turpis mi volutpat justo, eu volutpat enim diam eget metus.</p><p>Lorem ipsum dolor sit amet, adipiscing elit. Nullam dignissim convallis est. Quisque aliquam. This is emphasized. Donec faucibus. Nunc iaculis suscipit dui. Nam sit amet sem. Aliquam libero nisi, imperdiet at, tincidunt nec, gravida vehicula, nisl. Maecenas ornare tortor. Donec sed tellus eget sapien fringilla nonummy. Mauris a ante. Suspendisse quam sem, consequat at, commodo vitae, feugiat in, nunc. Morbi imperdiet augue quis tellus. Mauris a ante. Suspendisse quam sem, consequat at, commodo vitae, feugiat in, nunc. Morbi imperdiet augue quis tellus. Praesent mattis, massa quis luctus fermentum, turpis mi volutpat justo, eu volutpat enim diam eget metus.</p><p>Lorem ipsum dolor sit amet, adipiscing elit. Nullam dignissim convallis est. Quisque aliquam. This is emphasized. Donec faucibus. Nunc iaculis suscipit dui. Nam sit amet sem. Aliquam libero nisi, imperdiet at, tincidunt nec, gravida vehicula, nisl. Maecenas ornare tortor. Donec sed tellus eget sapien fringilla nonummy. Mauris a ante. Suspendisse quam sem, consequat at, commodo vitae, feugiat in, nunc. Morbi imperdiet augue quis tellus. Mauris a ante. Suspendisse quam sem, consequat at, commodo vitae, feugiat in, nunc. Morbi imperdiet augue quis tellus. Praesent mattis, massa quis luctus fermentum, turpis mi volutpat justo, eu volutpat enim diam eget metus.</p><p>Lorem ipsum dolor sit amet, adipiscing elit. Nullam dignissim convallis est. Quisque aliquam. This is emphasized. Donec faucibus. Nunc iaculis suscipit dui. Nam sit amet sem. Aliquam libero nisi, imperdiet at, tincidunt nec, gravida vehicula, nisl. Maecenas ornare tortor. Donec sed tellus eget sapien fringilla nonummy. Mauris a ante. Suspendisse quam sem, consequat at, commodo vitae, feugiat in, nunc. Morbi imperdiet augue quis tellus. Mauris a ante. Suspendisse quam sem, consequat at, commodo vitae, feugiat in, nunc. Morbi imperdiet augue quis tellus. Praesent mattis, massa quis luctus fermentum, turpis mi volutpat justo, eu volutpat enim diam eget metus.</p><p>Lorem ipsum dolor sit amet, adipiscing elit. Nullam dignissim convallis est. Quisque aliquam. This is emphasized. Donec faucibus. Nunc iaculis suscipit dui. Nam sit amet sem. Aliquam libero nisi, imperdiet at, tincidunt nec, gravida vehicula, nisl. Maecenas ornare tortor. Donec sed tellus eget sapien fringilla nonummy. Mauris a ante. Suspendisse quam sem, consequat at, commodo vitae, feugiat in, nunc. Morbi imperdiet augue quis tellus. Mauris a ante. Suspendisse quam sem, consequat at, commodo vitae, feugiat in, nunc. Morbi imperdiet augue quis tellus. Praesent mattis, massa quis luctus fermentum, turpis mi volutpat justo, eu volutpat enim diam eget metus.</p><p>Lorem ipsum dolor sit amet, adipiscing elit. Nullam dignissim convallis est. Quisque aliquam. This is emphasized. Donec faucibus. Nunc iaculis suscipit dui. Nam sit amet sem. Aliquam libero nisi, imperdiet at, tincidunt nec, gravida vehicula, nisl. Maecenas ornare tortor. Donec sed tellus eget sapien fringilla nonummy. Mauris a ante. Suspendisse quam sem, consequat at, commodo vitae, feugiat in, nunc. Morbi imperdiet augue quis tellus. Mauris a ante. Suspendisse quam sem, consequat at, commodo vitae, feugiat in, nunc. Morbi imperdiet augue quis tellus. Praesent mattis, massa quis luctus fermentum, turpis mi volutpat justo, eu volutpat enim diam eget metus.</p><p>Lorem ipsum dolor sit amet, adipiscing elit. Nullam dignissim convallis est. Quisque aliquam. This is emphasized. Donec faucibus. Nunc iaculis suscipit dui. Nam sit amet sem. Aliquam libero nisi, imperdiet at, tincidunt nec, gravida vehicula, nisl. Maecenas ornare tortor. Donec sed tellus eget sapien fringilla nonummy. Mauris a ante. Suspendisse quam sem, consequat at, commodo vitae, feugiat in, nunc. Morbi imperdiet augue quis tellus. Mauris a ante. Suspendisse quam sem, consequat at, commodo vitae, feugiat in, nunc. Morbi imperdiet augue quis tellus. Praesent mattis, massa quis luctus fermentum, turpis mi volutpat justo, eu volutpat enim diam eget metus.</p><p>Lorem ipsum dolor sit amet, adipiscing elit. Nullam dignissim convallis est. Quisque aliquam. This is emphasized. Donec faucibus. Nunc iaculis suscipit dui. Nam sit amet sem. Aliquam libero nisi, imperdiet at, tincidunt nec, gravida vehicula, nisl. Maecenas ornare tortor. Donec sed tellus eget sapien fringilla nonummy. Mauris a ante. Suspendisse quam sem, consequat at, commodo vitae, feugiat in, nunc. Morbi imperdiet augue quis tellus. Mauris a ante. Suspendisse quam sem, consequat at, commodo vitae, feugiat in, nunc. Morbi imperdiet augue quis tellus. Praesent mattis, massa quis luctus fermentum, turpis mi volutpat justo, eu volutpat enim diam eget metus.</p><p>Lorem ipsum dolor sit amet, adipiscing elit. Nullam dignissim convallis est. Quisque aliquam. This is emphasized. Donec faucibus. Nunc iaculis suscipit dui. Nam sit amet sem. Aliquam libero nisi, imperdiet at, tincidunt nec, gravida vehicula, nisl. Maecenas ornare tortor. Donec sed tellus eget sapien fringilla nonummy. Mauris a ante. Suspendisse quam sem, consequat at, commodo vitae, feugiat in, nunc. Morbi imperdiet augue quis tellus. Mauris a ante. Suspendisse quam sem, consequat at, commodo vitae, feugiat in, nunc. Morbi imperdiet augue quis tellus. Praesent mattis, massa quis luctus fermentum, turpis mi volutpat justo, eu volutpat enim diam eget metus.</p><p>Lorem ipsum dolor sit amet, adipiscing elit. Nullam dignissim convallis est. Quisque aliquam. This is emphasized. Donec faucibus. Nunc iaculis suscipit dui. Nam sit amet sem. Aliquam libero nisi, imperdiet at, tincidunt nec, gravida vehicula, nisl. Maecenas ornare tortor. Donec sed tellus eget sapien fringilla nonummy. Mauris a ante. Suspendisse quam sem, consequat at, commodo vitae, feugiat in, nunc. Morbi imperdiet augue quis tellus. Mauris a ante. Suspendisse quam sem, consequat at, commodo vitae, feugiat in, nunc. Morbi imperdiet augue quis tellus. Praesent mattis, massa quis luctus fermentum, turpis mi volutpat justo, eu volutpat enim diam eget metus.</p><p>Lorem ipsum dolor sit amet, adipiscing elit. Nullam dignissim convallis est. Quisque aliquam. This is emphasized. Donec faucibus. Nunc iaculis suscipit dui. Nam sit amet sem. Aliquam libero nisi, imperdiet at, tincidunt nec, gravida vehicula, nisl. Maecenas ornare tortor. Donec sed tellus eget sapien fringilla nonummy. Mauris a ante. Suspendisse quam sem, consequat at, commodo vitae, feugiat in, nunc. Morbi imperdiet augue quis tellus. Mauris a ante. Suspendisse quam sem, consequat at, commodo vitae, feugiat in, nunc. Morbi imperdiet augue quis tellus. Praesent mattis, massa quis luctus fermentum, turpis mi volutpat justo, eu volutpat enim diam eget metus.</p><p>Lorem ipsum dolor sit amet, adipiscing elit. Nullam dignissim convallis est. Quisque aliquam. This is emphasized. Donec faucibus. Nunc iaculis suscipit dui. Nam sit amet sem. Aliquam libero nisi, imperdiet at, tincidunt nec, gravida vehicula, nisl. Maecenas ornare tortor. Donec sed tellus eget sapien fringilla nonummy. Mauris a ante. Suspendisse quam sem, consequat at, commodo vitae, feugiat in, nunc. Morbi imperdiet augue quis tellus. Mauris a ante. Suspendisse quam sem, consequat at, commodo vitae, feugiat in, nunc. Morbi imperdiet augue quis tellus. Praesent mattis, massa quis luctus fermentum, turpis mi volutpat justo, eu volutpat enim diam eget metus.</p><p>Lorem ipsum dolor sit amet, adipiscing elit. Nullam dignissim convallis est. Quisque aliquam. This is emphasized. Donec faucibus. Nunc iaculis suscipit dui. Nam sit amet sem. Aliquam libero nisi, imperdiet at, tincidunt nec, gravida vehicula, nisl. Maecenas ornare tortor. Donec sed tellus eget sapien fringilla nonummy. Mauris a ante. Suspendisse quam sem, consequat at, commodo vitae, feugiat in, nunc. Morbi imperdiet augue quis tellus. Mauris a ante. Suspendisse quam sem, consequat at, commodo vitae, feugiat in, nunc. Morbi imperdiet augue quis tellus. Praesent mattis, massa quis luctus fermentum, turpis mi volutpat justo, eu volutpat enim diam eget metus.</p><p>Lorem ipsum dolor sit amet, adipiscing elit. Nullam dignissim convallis est. Quisque aliquam. This is emphasized. Donec faucibus. Nunc iaculis suscipit dui. Nam sit amet sem. Aliquam libero nisi, imperdiet at, tincidunt nec, gravida vehicula, nisl. Maecenas ornare tortor. Donec sed tellus eget sapien fringilla nonummy. Mauris a ante. Suspendisse quam sem, consequat at, commodo vitae, feugiat in, nunc. Morbi imperdiet augue quis tellus. Mauris a ante. Suspendisse quam sem, consequat at, commodo vitae, feugiat in, nunc. Morbi imperdiet augue quis tellus. Praesent mattis, massa quis luctus fermentum, turpis mi volutpat justo, eu volutpat enim diam eget metus.</p><p>Lorem ipsum dolor sit amet, adipiscing elit. Nullam dignissim convallis est. Quisque aliquam. This is emphasized. Donec faucibus. Nunc iaculis suscipit dui. Nam sit amet sem. Aliquam libero nisi, imperdiet at, tincidunt nec, gravida vehicula, nisl. Maecenas ornare tortor. Donec sed tellus eget sapien fringilla nonummy. Mauris a ante. Suspendisse quam sem, consequat at, commodo vitae, feugiat in, nunc. Morbi imperdiet augue quis tellus. Mauris a ante. Suspendisse quam sem, consequat at, commodo vitae, feugiat in, nunc. Morbi imperdiet augue quis tellus. Praesent mattis, massa quis luctus fermentum, turpis mi volutpat justo, eu volutpat enim diam eget metus.</p><p>Lorem ipsum dolor sit amet, adipiscing elit. Nullam dignissim convallis est. Quisque aliquam. This is emphasized. Donec faucibus. Nunc iaculis suscipit dui. Nam sit amet sem. Aliquam libero nisi, imperdiet at, tincidunt nec, gravida vehicula, nisl. Maecenas ornare tortor. Donec sed tellus eget sapien fringilla nonummy. Mauris a ante. Suspendisse quam sem, consequat at, commodo vitae, feugiat in, nunc. Morbi imperdiet augue quis tellus. Mauris a ante. Suspendisse quam sem, consequat at, commodo vitae, feugiat in, nunc. Morbi imperdiet augue quis tellus. Praesent mattis, massa quis luctus fermentum, turpis mi volutpat justo, eu volutpat enim diam eget metus.</p><p>Lorem ipsum dolor sit amet, adipiscing elit. Nullam dignissim convallis est. Quisque aliquam. This is emphasized. Donec faucibus. Nunc iaculis suscipit dui. Nam sit amet sem. Aliquam libero nisi, imperdiet at, tincidunt nec, gravida vehicula, nisl. Maecenas ornare tortor. Donec sed tellus eget sapien fringilla nonummy. Mauris a ante. Suspendisse quam sem, consequat at, commodo vitae, feugiat in, nunc. Morbi imperdiet augue quis tellus. Mauris a ante. Suspendisse quam sem, consequat at, commodo vitae, feugiat in, nunc. Morbi imperdiet augue quis tellus. Praesent mattis, massa quis luctus fermentum, turpis mi volutpat justo, eu volutpat enim diam eget metus.</p>]]></wp:comment_content>
			<wp:comment_approved><![CDATA[liveblog]]></wp:comment_approved>
			<wp:comment_type><![CDATA[liveblog]]></wp:comment_type>
			<wp:comment_parent>0</wp:comment_parent>
			<wp:comment_user_id>1</wp:comment_user_id>
			<wp:commentmeta>
				<wp:meta_key><![CDATA[liveblog_hide_authors]]></wp:meta_key>
				<wp:meta_value><![CDATA[]]></wp:meta_value>
			</wp:commentmeta>
		</wp:comment>
		<wp:comment>
			<wp:comment_id>63</wp:comment_id>
			<wp:comment_author><![CDATA[admin]]></wp:comment_author>
			<wp:comment_author_email><![CDATA[admin@local.test]]></wp:comment_author_email>
			<wp:comment_author_url></wp:comment_author_url>
			<wp:comment_author_IP><![CDATA[]]></wp:comment_author_IP>
			<wp:comment_date><![CDATA[2018-05-06 18:07:18]]></wp:comment_date>
			<wp:comment_date_gmt><![CDATA[2018-05-06 18:07:18]]></wp:comment_date_gmt>
			<wp:comment_content><![CDATA[<p>Lorem ipsum dolor sit amet, adipiscing elit.</p><p></p><p>Nullam dignissim convallis est. Quisque aliquam.</p><p></p><p>Donec faucibus.</p><p></p><p>Nunc iaculis suscipit dui.</p><p></p><p>Nam sit amet sem.</p><p></p><p>Aliquam libero nisi, imperdiet at, tincidunt nec, gravida vehicula, nisl.</p><p></p><p>Maecenas ornare tortor.</p><p></p><p>Donec sed tellus eget sapien fringilla nonummy.</p><p></p><p>Mauris a ante.</p><p></p><p>Suspendisse quam sem, consequat at, commodo vitae, feugiat in, nunc.</p><p></p><p>Morbi imperdiet augue quis tellus.</p><p></p><p>Mauris a ante.</p><p></p><p>Suspendisse quam sem, consequat at, commodo vitae, feugiat in, nunc.</p><p></p><p>Morbi imperdiet augue quis tellus.</p><p></p><p>Praesent mattis, massa quis luctus fermentum, turpis mi volutpat justo, eu volutpat enim diam eget metus.</p><p></p><p>Lorem ipsum dolor sit amet, adipiscing elit.</p><p></p><p>Nullam dignissim convallis est. Quisque aliquam.</p><p></p><p>Donec faucibus.</p><p></p><p>Nunc iaculis suscipit dui.</p><p></p><p>Nam sit amet sem.</p><p></p><p>Aliquam libero nisi, imperdiet at, tincidunt nec, gravida vehicula, nisl.</p><p></p><p>Maecenas ornare tortor.</p><p></p><p>Donec sed tellus eget sapien fringilla nonummy.</p><p></p><p>Mauris a ante.</p><p></p><p>Suspendisse quam sem, consequat at, commodo vitae, feugiat in, nunc.</p><p></p><p>Morbi imperdiet augue quis tellus.</p><p></p><p>Mauris a ante.</p><p></p><p>Suspendisse quam sem, consequat at, commodo vitae, feugiat in, nunc.</p><p></p><p>Morbi imperdiet augue quis tellus.</p><p></p><p>Praesent mattis, massa quis luctus fermentum, turpis mi volutpat justo, eu volutpat enim diam eget metus.</p><p></p><p>Lorem ipsum dolor sit amet, adipiscing elit.</p><p></p><p>Nullam dignissim convallis est. Quisque aliquam.</p><p></p><p>Donec faucibus.</p><p></p><p>Nunc iaculis suscipit dui.</p><p></p><p>Nam sit amet sem.</p><p></p><p>Aliquam libero nisi, imperdiet at, tincidunt nec, gravida vehicula, nisl.</p><p></p><p>Maecenas ornare tortor.</p><p></p><p>Donec sed tellus eget sapien fringilla nonummy.</p><p></p><p>Mauris a ante.</p><p></p><p>Suspendisse quam sem, consequat at, commodo vitae, feugiat in, nunc.</p><p></p><p>Morbi imperdiet augue quis tellus.</p><p></p><p>Mauris a ante.</p><p></p><p>Suspendisse quam sem, consequat at, commodo vitae, feugiat in, nunc.</p><p></p><p>Morbi imperdiet augue quis tellus.</p><p></p><p>Praesent mattis, massa quis luctus fermentum, turpis mi volutpat justo, eu volutpat enim diam eget metus.</p><p></p><p>Lorem ipsum dolor sit amet, adipiscing elit.</p><p></p><p>Nullam dignissim convallis est. Quisque aliquam.</p><p></p><p>Donec faucibus.</p><p></p><p>Nunc iaculis suscipit dui.</p><p></p><p>Nam sit amet sem.</p><p></p><p>Aliquam libero nisi, imperdiet at, tincidunt nec, gravida vehicula, nisl.</p><p></p><p>Maecenas ornare tortor.</p><p></p><p>Donec sed tellus eget sapien fringilla nonummy.</p><p></p><p>Mauris a ante.</p><p></p><p>Suspendisse quam sem, consequat at, commodo vitae, feugiat in, nunc.</p><p></p><p>Morbi imperdiet augue quis tellus.</p><p></p><p>Mauris a ante.</p><p></p><p>Suspendisse quam sem, consequat at, commodo vitae, feugiat in, nunc.</p><p></p><p>Morbi imperdiet augue quis tellus.</p><p></p><p>Praesent mattis, massa quis luctus fermentum, turpis mi volutpat justo, eu volutpat enim diam eget metus.</p><p></p><p>Lorem ipsum dolor sit amet, adipiscing elit.</p><p></p><p>Nullam dignissim convallis est. Quisque aliquam.</p><p></p><p>Donec faucibus.</p><p></p><p>Nunc iaculis suscipit dui.</p><p></p><p>Nam sit amet sem.</p><p></p><p>Aliquam libero nisi, imperdiet at, tincidunt nec, gravida vehicula, nisl.</p><p></p><p>Maecenas ornare tortor.</p><p></p><p>Donec sed tellus eget sapien fringilla nonummy.</p><p></p><p>Mauris a ante.</p><p></p><p>Suspendisse quam sem, consequat at, commodo vitae, feugiat in, nunc.</p><p></p><p>Morbi imperdiet augue quis tellus.</p><p></p><p>Mauris a ante.</p><p></p><p>Suspendisse quam sem, consequat at, commodo vitae, feugiat in, nunc.</p><p></p><p>Morbi imperdiet augue quis tellus.</p><p></p><p>Praesent mattis, massa quis luctus fermentum, turpis mi volutpat justo, eu volutpat enim diam eget metus.</p><p></p><p>Lorem ipsum dolor sit amet, adipiscing elit.</p><p></p><p>Nullam dignissim convallis est. Quisque aliquam.</p><p></p><p>Donec faucibus.</p><p></p><p>Nunc iaculis suscipit dui.</p><p></p><p>Nam sit amet sem.</p><p></p><p>Aliquam libero nisi, imperdiet at, tincidunt nec, gravida vehicula, nisl.</p><p></p><p>Maecenas ornare tortor.</p><p></p><p>Donec sed tellus eget sapien fringilla nonummy.</p><p></p><p>Mauris a ante.</p><p></p><p>Suspendisse quam sem, consequat at, commodo vitae, feugiat in, nunc.</p><p></p><p>Morbi imperdiet augue quis tellus.</p><p></p><p>Mauris a ante.</p><p></p><p>Suspendisse quam sem, consequat at, commodo vitae, feugiat in, nunc.</p><p></p><p>Morbi imperdiet augue quis tellus.</p><p></p><p>Praesent mattis, massa quis luctus fermentum, turpis mi volutpat justo, eu volutpat enim diam eget metus.</p><p></p><p>Lorem ipsum dolor sit amet, adipiscing elit.</p><p></p><p>Nullam dignissim convallis est. Quisque aliquam.</p><p></p><p>Donec faucibus.</p><p></p><p>Nunc iaculis suscipit dui.</p><p></p><p>Nam sit amet sem.</p><p></p><p>Aliquam libero nisi, imperdiet at, tincidunt nec, gravida vehicula, nisl.</p><p></p><p>Maecenas ornare tortor.</p><p></p><p>Donec sed tellus eget sapien fringilla nonummy.</p><p></p><p>Mauris a ante.</p><p></p><p>Suspendisse quam sem, consequat at, commodo vitae, feugiat in, nunc.</p><p></p><p>Morbi imperdiet augue quis tellus.</p><p></p><p>Mauris a ante.</p><p></p><p>Suspendisse quam sem, consequat at, commodo vitae, feugiat in, nunc.</p><p></p><p>Morbi imperdiet augue quis tellus.</p><p></p><p>Praesent mattis, massa quis luctus fermentum, turpis mi volutpat justo, eu volutpat enim diam eget metus.</p><p></p><p>Lorem ipsum dolor sit amet, adipiscing elit.</p><p></p><p>Nullam dignissim convallis est. Quisque aliquam.</p><p></p><p>Donec faucibus.</p><p></p><p>Nunc iaculis suscipit dui.</p><p></p><p>Nam sit amet sem.</p><p></p><p>Aliquam libero nisi, imperdiet at, tincidunt nec, gravida vehicula, nisl.</p><p></p><p>Maecenas ornare tortor.</p><p></p><p>Donec sed tellus eget sapien fringilla nonummy.</p><p></p><p>Mauris a ante.</p><p></p><p>Suspendisse quam sem, consequat at, commodo vitae, feugiat in, nunc.</p><p></p><p>Morbi imperdiet augue quis tellus.</p><p></p><p>Mauris a ante.</p><p></p><p>Suspendisse quam sem, consequat at, commodo vitae, feugiat in, nunc.</p><p></p><p>Morbi imperdiet augue quis tellus.</p><p></p><p>Praesent mattis, massa quis luctus fermentum, turpis mi volutpat justo, eu volutpat enim diam eget metus.</p><p></p><p>Lorem ipsum dolor sit amet, adipiscing elit.</p><p></p><p>Nullam dignissim convallis est. Quisque aliquam.</p><p></p><p>Donec faucibus.</p><p></p><p>Nunc iaculis suscipit dui.</p><p></p><p>Nam sit amet sem.</p><p></p><p>Aliquam libero nisi, imperdiet at, tincidunt nec, gravida vehicula, nisl.</p><p></p><p>Maecenas ornare tortor.</p><p></p><p>Donec sed tellus eget sapien fringilla nonummy.</p><p></p><p>Mauris a ante.</p><p></p><p>Suspendisse quam sem, consequat at, commodo vitae, feugiat in, nunc.</p><p></p><p>Morbi imperdiet augue quis tellus.</p><p></p><p>Mauris a ante.</p><p></p><p>Suspendisse quam sem, consequat at, commodo vitae, feugiat in, nunc.</p><p></p><p>Morbi imperdiet augue quis tellus.</p><p></p><p>Praesent mattis, massa quis luctus fermentum, turpis mi volutpat justo, eu volutpat enim diam eget metus.</p><p></p><p>Lorem ipsum dolor sit amet, adipiscing elit.</p><p></p><p>Nullam dignissim convallis est. Quisque aliquam.</p><p></p><p>Donec faucibus.</p><p></p><p>Nunc iaculis suscipit dui.</p><p></p><p>Nam sit amet sem.</p><p></p><p>Aliquam libero nisi, imperdiet at, tincidunt nec, gravida vehicula, nisl.</p><p></p><p>Maecenas ornare tortor.</p><p></p><p>Donec sed tellus eget sapien fringilla nonummy.</p><p></p><p>Mauris a ante.</p><p></p><p>Suspendisse quam sem, consequat at, commodo vitae, feugiat in, nunc.</p><p></p><p>Morbi imperdiet augue quis tellus.</p><p></p><p>Mauris a ante.</p><p></p><p>Suspendisse quam sem, consequat at, commodo vitae, feugiat in, nunc.</p><p></p><p>Morbi imperdiet augue quis tellus.</p><p></p><p>Praesent mattis, massa quis luctus fermentum, turpis mi volutpat justo, eu volutpat enim diam eget metus.</p><p></p><p>Lorem ipsum dolor sit amet, adipiscing elit.</p><p></p><p>Nullam dignissim convallis est. Quisque aliquam.</p><p></p><p>Donec faucibus.</p><p></p><p>Nunc iaculis suscipit dui.</p><p></p><p>Nam sit amet sem.</p><p></p><p>Aliquam libero nisi, imperdiet at, tincidunt nec, gravida vehicula, nisl.</p><p></p><p>Maecenas ornare tortor.</p><p></p><p>Donec sed tellus eget sapien fringilla nonummy.</p><p></p><p>Mauris a ante.</p><p></p><p>Suspendisse quam sem, consequat at, commodo vitae, feugiat in, nunc.</p><p></p><p>Morbi imperdiet augue quis tellus.</p><p></p><p>Mauris a ante.</p><p></p><p>Suspendisse quam sem, consequat at, commodo vitae, feugiat in, nunc.</p><p></p><p>Morbi imperdiet augue quis tellus.</p><p></p><p>Praesent mattis, massa quis luctus fermentum, turpis mi volutpat justo, eu volutpat enim diam eget metus.</p><p></p><p>Lorem ipsum dolor sit amet, adipiscing elit.</p><p></p><p>Nullam dignissim convallis est. Quisque aliquam.</p><p></p><p>Donec faucibus.</p><p></p><p>Nunc iaculis suscipit dui.</p><p></p><p>Nam sit amet sem.</p><p></p><p>Aliquam libero nisi, imperdiet at, tincidunt nec, gravida vehicula, nisl.</p><p></p><p>Maecenas ornare tortor.</p><p></p><p>Donec sed tellus eget sapien fringilla nonummy.</p><p></p><p>Mauris a ante.</p><p></p><p>Suspendisse quam sem, consequat at, commodo vitae, feugiat in, nunc.</p><p></p><p>Morbi imperdiet augue quis tellus.</p><p></p><p>Mauris a ante.</p><p></p><p>Suspendisse quam sem, consequat at, commodo vitae, feugiat in, nunc.</p><p></p><p>Morbi imperdiet augue quis tellus.</p><p></p><p>Praesent mattis, massa quis luctus fermentum, turpis mi volutpat justo, eu volutpat enim diam eget metus.</p><p></p><p>Lorem ipsum dolor sit amet, adipiscing elit.</p><p></p><p>Nullam dignissim convallis est. Quisque aliquam.</p><p></p><p>Donec faucibus.</p><p></p><p>Nunc iaculis suscipit dui.</p><p></p><p>Nam sit amet sem.</p><p></p><p>Aliquam libero nisi, imperdiet at, tincidunt nec, gravida vehicula, nisl.</p><p></p><p>Maecenas ornare tortor.</p><p></p><p>Donec sed tellus eget sapien fringilla nonummy.</p><p></p><p>Mauris a ante.</p><p></p><p>Suspendisse quam sem, consequat at, commodo vitae, feugiat in, nunc.</p><p></p><p>Morbi imperdiet augue quis tellus.</p><p></p><p>Mauris a ante.</p><p></p><p>Suspendisse quam sem, consequat at, commodo vitae, feugiat in, nunc.</p><p></p><p>Morbi imperdiet augue quis tellus.</p><p></p><p>Praesent mattis, massa quis luctus fermentum, turpis mi volutpat justo, eu volutpat enim diam eget metus.</p><p></p><p>Lorem ipsum dolor sit amet, adipiscing elit.</p><p></p><p>Nullam dignissim convallis est. Quisque aliquam.</p><p></p><p>Donec faucibus.</p><p></p><p>Nunc iaculis suscipit dui.</p><p></p><p>Nam sit amet sem.</p><p></p><p>Aliquam libero nisi, imperdiet at, tincidunt nec, gravida vehicula, nisl.</p><p></p><p>Maecenas ornare tortor.</p><p></p><p>Donec sed tellus eget sapien fringilla nonummy.</p><p></p><p>Mauris a ante.</p><p></p><p>Suspendisse quam sem, consequat at, commodo vitae, feugiat in, nunc.</p><p></p><p>Morbi imperdiet augue quis tellus.</p><p></p><p>Mauris a ante.</p><p></p><p>Suspendisse quam sem, consequat at, commodo vitae, feugiat in, nunc.</p><p></p><p>Morbi imperdiet augue quis tellus.</p><p></p><p>Praesent mattis, massa quis luctus fermentum, turpis mi volutpat justo, eu volutpat enim diam eget metus.</p><p></p><p>Lorem ipsum dolor sit amet, adipiscing elit.</p><p></p><p>Nullam dignissim convallis est. Quisque aliquam.</p><p></p><p>Donec faucibus.</p><p></p><p>Nunc iaculis suscipit dui.</p><p></p><p>Nam sit amet sem.</p><p></p><p>Aliquam libero nisi, imperdiet at, tincidunt nec, gravida vehicula, nisl.</p><p></p><p>Maecenas ornare tortor.</p><p></p><p>Donec sed tellus eget sapien fringilla nonummy.</p><p></p><p>Mauris a ante.</p><p></p><p>Suspendisse quam sem, consequat at, commodo vitae, feugiat in, nunc.</p><p></p><p>Morbi imperdiet augue quis tellus.</p><p></p><p>Mauris a ante.</p><p></p><p>Suspendisse quam sem, consequat at, commodo vitae, feugiat in, nunc.</p><p></p><p>Morbi imperdiet augue quis tellus.</p><p></p><p>Praesent mattis, massa quis luctus fermentum, turpis mi volutpat justo, eu volutpat enim diam eget metus.</p><p></p><p>Lorem ipsum dolor sit amet, adipiscing elit.</p><p></p><p>Nullam dignissim convallis est. Quisque aliquam.</p><p></p><p>Donec faucibus.</p><p></p><p>Nunc iaculis suscipit dui.</p><p></p><p>Nam sit amet sem.</p><p></p><p>Aliquam libero nisi, imperdiet at, tincidunt nec, gravida vehicula, nisl.</p><p></p><p>Maecenas ornare tortor.</p><p></p><p>Donec sed tellus eget sapien fringilla nonummy.</p><p></p><p>Mauris a ante.</p><p></p><p>Suspendisse quam sem, consequat at, commodo vitae, feugiat in, nunc.</p><p></p><p>Morbi imperdiet augue quis tellus.</p><p></p><p>Mauris a ante.</p><p></p><p>Suspendisse quam sem, consequat at, commodo vitae, feugiat in, nunc.</p><p></p><p>Morbi imperdiet augue quis tellus.</p><p></p><p>Praesent mattis, massa quis luctus fermentum, turpis mi volutpat justo, eu volutpat enim diam eget metus.</p><p></p><p>Lorem ipsum dolor sit amet, adipiscing elit.</p><p></p><p>Nullam dignissim convallis est. Quisque aliquam.</p><p></p><p>Donec faucibus.</p><p></p><p>Nunc iaculis suscipit dui.</p><p></p><p>Nam sit amet sem.</p><p></p><p>Aliquam libero nisi, imperdiet at, tincidunt nec, gravida vehicula, nisl.</p><p></p><p>Maecenas ornare tortor.</p><p></p><p>Donec sed tellus eget sapien fringilla nonummy.</p><p></p><p>Mauris a ante.</p><p></p><p>Suspendisse quam sem, consequat at, commodo vitae, feugiat in, nunc.</p><p></p><p>Morbi imperdiet augue quis tellus.</p><p></p><p>Mauris a ante.</p><p></p><p>Suspendisse quam sem, consequat at, commodo vitae, feugiat in, nunc.</p><p></p><p>Morbi imperdiet augue quis tellus.</p><p></p><p>Praesent mattis, massa quis luctus fermentum, turpis mi volutpat justo, eu volutpat enim diam eget metus.</p><p></p><p>Lorem ipsum dolor sit amet, adipiscing elit.</p><p></p><p>Nullam dignissim convallis est. Quisque aliquam.</p><p></p><p>Donec faucibus.</p><p></p><p>Nunc iaculis suscipit dui.</p><p></p><p>Nam sit amet sem.</p><p></p><p>Aliquam libero nisi, imperdiet at, tincidunt nec, gravida vehicula, nisl.</p><p></p><p>Maecenas ornare tortor.</p><p></p><p>Donec sed tellus eget sapien fringilla nonummy.</p><p></p><p>Mauris a ante.</p><p></p><p>Suspendisse quam sem, consequat at, commodo vitae, feugiat in, nunc.</p><p></p><p>Morbi imperdiet augue quis tellus.</p><p></p><p>Mauris a ante.</p><p></p><p>Suspendisse quam sem, consequat at, commodo vitae, feugiat in, nunc.</p><p></p><p>Morbi imperdiet augue quis tellus.</p><p></p><p>Praesent mattis, massa quis luctus fermentum, turpis mi volutpat justo, eu volutpat enim diam eget metus.</p><p></p><p>Lorem ipsum dolor sit amet, adipiscing elit.</p><p></p><p>Nullam dignissim convallis est. Quisque aliquam.</p><p></p><p>Donec faucibus.</p><p></p><p>Nunc iaculis suscipit dui.</p><p></p><p>Nam sit amet sem.</p><p></p><p>Aliquam libero nisi, imperdiet at, tincidunt nec, gravida vehicula, nisl.</p><p></p><p>Maecenas ornare tortor.</p><p></p><p>Donec sed tellus eget sapien fringilla nonummy.</p><p></p><p>Mauris a ante.</p><p></p><p>Suspendisse quam sem, consequat at, commodo vitae, feugiat in, nunc.</p><p></p><p>Morbi imperdiet augue quis tellus.</p><p></p><p>Mauris a ante.</p><p></p><p>Suspendisse quam sem, consequat at, commodo vitae, feugiat in, nunc.</p><p></p><p>Morbi imperdiet augue quis tellus.</p><p></p><p>Praesent mattis, massa quis luctus fermentum, turpis mi volutpat justo, eu volutpat enim diam eget metus.</p><p></p><p>Lorem ipsum dolor sit amet, adipiscing elit.</p><p></p><p>Nullam dignissim convallis est. Quisque aliquam.</p><p></p><p>Donec faucibus.</p><p></p><p>Nunc iaculis suscipit dui.</p><p></p><p>Nam sit amet sem.</p><p></p><p>Aliquam libero nisi, imperdiet at, tincidunt nec, gravida vehicula, nisl.</p><p></p><p>Maecenas ornare tortor.</p><p></p><p>Donec sed tellus eget sapien fringilla nonummy.</p><p></p><p>Mauris a ante.</p><p></p><p>Suspendisse quam sem, consequat at, commodo vitae, feugiat in, nunc.</p><p></p><p>Morbi imperdiet augue quis tellus.</p><p></p><p>Mauris a ante.</p><p></p><p>Suspendisse quam sem, consequat at, commodo vitae, feugiat in, nunc.</p><p></p><p>Morbi imperdiet augue quis tellus.</p><p></p><p>Praesent mattis, massa quis luctus fermentum, turpis mi volutpat justo, eu volutpat enim diam eget metus.</p><p></p><p>Lorem ipsum dolor sit amet, adipiscing elit.</p><p></p><p>Nullam dignissim convallis est. Quisque aliquam.</p><p></p><p>Donec faucibus.</p><p></p><p>Nunc iaculis suscipit dui.</p><p></p><p>Nam sit amet sem.</p><p></p><p>Aliquam libero nisi, imperdiet at, tincidunt nec, gravida vehicula, nisl.</p><p></p><p>Maecenas ornare tortor.</p><p></p><p>Donec sed tellus eget sapien fringilla nonummy.</p><p></p><p>Mauris a ante.</p><p></p><p>Suspendisse quam sem, consequat at, commodo vitae, feugiat in, nunc.</p><p></p><p>Morbi imperdiet augue quis tellus.</p><p></p><p>Mauris a ante.</p><p></p><p>Suspendisse quam sem, consequat at, commodo vitae, feugiat in, nunc.</p><p></p><p>Morbi imperdiet augue quis tellus.</p><p></p><p>Praesent mattis, massa quis luctus fermentum, turpis mi volutpat justo, eu volutpat enim diam eget metus.</p><p></p><p>Lorem ipsum dolor sit amet, adipiscing elit.</p><p></p><p>Nullam dignissim convallis est. Quisque aliquam.</p><p></p><p>Donec faucibus.</p><p></p><p>Nunc iaculis suscipit dui.</p><p></p><p>Nam sit amet sem.</p><p></p><p>Aliquam libero nisi, imperdiet at, tincidunt nec, gravida vehicula, nisl.</p><p></p><p>Maecenas ornare tortor.</p><p></p><p>Donec sed tellus eget sapien fringilla nonummy.</p><p></p><p>Mauris a ante.</p><p></p><p>Suspendisse quam sem, consequat at, commodo vitae, feugiat in, nunc.</p><p></p><p>Morbi imperdiet augue quis tellus.</p><p></p><p>Mauris a ante.</p><p></p><p>Suspendisse quam sem, consequat at, commodo vitae, feugiat in, nunc.</p><p></p><p>Morbi imperdiet augue quis tellus.</p><p></p><p>Praesent mattis, massa quis luctus fermentum, turpis mi volutpat justo, eu volutpat enim diam eget metus.</p><p></p><p>Lorem ipsum dolor sit amet, adipiscing elit.</p><p></p><p>Nullam dignissim convallis est. Quisque aliquam.</p><p></p><p>Donec faucibus.</p><p></p><p>Nunc iaculis suscipit dui.</p><p></p><p>Nam sit amet sem.</p><p></p><p>Aliquam libero nisi, imperdiet at, tincidunt nec, gravida vehicula, nisl.</p><p></p><p>Maecenas ornare tortor.</p><p></p><p>Donec sed tellus eget sapien fringilla nonummy.</p><p></p><p>Mauris a ante.</p><p></p><p>Suspendisse quam sem, consequat at, commodo vitae, feugiat in, nunc.</p><p></p><p>Morbi imperdiet augue quis tellus.</p><p></p><p>Mauris a ante.</p><p></p><p>Suspendisse quam sem, consequat at, commodo vitae, feugiat in, nunc.</p><p></p><p>Morbi imperdiet augue quis tellus.</p><p></p><p>Praesent mattis, massa quis luctus fermentum, turpis mi volutpat justo, eu volutpat enim diam eget metus.</p><p></p><p>Lorem ipsum dolor sit amet, adipiscing elit.</p><p></p><p>Nullam dignissim convallis est. Quisque aliquam.</p><p></p><p>Donec faucibus.</p><p></p><p>Nunc iaculis suscipit dui.</p><p></p><p>Nam sit amet sem.</p><p></p><p>Aliquam libero nisi, imperdiet at, tincidunt nec, gravida vehicula, nisl.</p><p></p><p>Maecenas ornare tortor.</p><p></p><p>Donec sed tellus eget sapien fringilla nonummy.</p><p></p><p>Mauris a ante.</p><p></p><p>Suspendisse quam sem, consequat at, commodo vitae, feugiat in, nunc.</p><p></p><p>Morbi imperdiet augue quis tellus.</p><p></p><p>Mauris a ante.</p><p></p><p>Suspendisse quam sem, consequat at, commodo vitae, feugiat in, nunc.</p><p></p><p>Morbi imperdiet augue quis tellus.</p><p></p><p>Praesent mattis, massa quis luctus fermentum, turpis mi volutpat justo, eu volutpat enim diam eget metus.</p><p></p><p>Lorem ipsum dolor sit amet, adipiscing elit.</p><p></p><p>Nullam dignissim convallis est. Quisque aliquam.</p><p></p><p>Donec faucibus.</p><p></p><p>Nunc iaculis suscipit dui.</p><p></p><p>Nam sit amet sem.</p><p></p><p>Aliquam libero nisi, imperdiet at, tincidunt nec, gravida vehicula, nisl.</p><p></p><p>Maecenas ornare tortor.</p><p></p><p>Donec sed tellus eget sapien fringilla nonummy.</p><p></p><p>Mauris a ante.</p><p></p><p>Suspendisse quam sem, consequat at, commodo vitae, feugiat in, nunc.</p><p></p><p>Morbi imperdiet augue quis tellus.</p><p></p><p>Mauris a ante.</p><p></p><p>Suspendisse quam sem, consequat at, commodo vitae, feugiat in, nunc.</p><p></p><p>Morbi imperdiet augue quis tellus.</p><p></p><p>Praesent mattis, massa quis luctus fermentum, turpis mi volutpat justo, eu volutpat enim diam eget metus.</p><p></p><p>Lorem ipsum dolor sit amet, adipiscing elit.</p><p></p><p>Nullam dignissim convallis est. Quisque aliquam.</p><p></p><p>Donec faucibus.</p><p></p><p>Nunc iaculis suscipit dui.</p><p></p><p>Nam sit amet sem.</p><p></p><p>Aliquam libero nisi, imperdiet at, tincidunt nec, gravida vehicula, nisl.</p><p></p><p>Maecenas ornare tortor.</p><p></p><p>Donec sed tellus eget sapien fringilla nonummy.</p><p></p><p>Mauris a ante.</p><p></p><p>Suspendisse quam sem, consequat at, commodo vitae, feugiat in, nunc.</p><p></p><p>Morbi imperdiet augue quis tellus.</p><p></p><p>Mauris a ante.</p><p></p><p>Suspendisse quam sem, consequat at, commodo vitae, feugiat in, nunc.</p><p></p><p>Morbi imperdiet augue quis tellus.</p><p></p><p>Praesent mattis, massa quis luctus fermentum, turpis mi volutpat justo, eu volutpat enim diam eget metus.</p><p></p><p>Lorem ipsum dolor sit amet, adipiscing elit.</p><p></p><p>Nullam dignissim convallis est. Quisque aliquam.</p><p></p><p>Donec faucibus.</p><p></p><p>Nunc iaculis suscipit dui.</p><p></p><p>Nam sit amet sem.</p><p></p><p>Aliquam libero nisi, imperdiet at, tincidunt nec, gravida vehicula, nisl.</p><p></p><p>Maecenas ornare tortor.</p><p></p><p>Donec sed tellus eget sapien fringilla nonummy.</p><p></p><p>Mauris a ante.</p><p></p><p>Suspendisse quam sem, consequat at, commodo vitae, feugiat in, nunc.</p><p></p><p>Morbi imperdiet augue quis tellus.</p><p></p><p>Mauris a ante.</p><p></p><p>Suspendisse quam sem, consequat at, commodo vitae, feugiat in, nunc.</p><p></p><p>Morbi imperdiet augue quis tellus.</p><p></p><p>Praesent mattis, massa quis luctus fermentum, turpis mi volutpat justo, eu volutpat enim diam eget metus.</p><p></p><p>Lorem ipsum dolor sit amet, adipiscing elit.</p><p></p><p>Nullam dignissim convallis est. Quisque aliquam.</p><p></p><p>Donec faucibus.</p><p></p><p>Nunc iaculis suscipit dui.</p><p></p><p>Nam sit amet sem.</p><p></p><p>Aliquam libero nisi, imperdiet at, tincidunt nec, gravida vehicula, nisl.</p><p></p><p>Maecenas ornare tortor.</p><p></p><p>Donec sed tellus eget sapien fringilla nonummy.</p><p></p><p>Mauris a ante.</p><p></p><p>Suspendisse quam sem, consequat at, commodo vitae, feugiat in, nunc.</p><p></p><p>Morbi imperdiet augue quis tellus.</p><p></p><p>Mauris a ante.</p><p></p><p>Suspendisse quam sem, consequat at, commodo vitae, feugiat in, nunc.</p><p></p><p>Morbi imperdiet augue quis tellus.</p><p></p><p>Praesent mattis, massa quis luctus fermentum, turpis mi volutpat justo, eu volutpat enim diam eget metus.</p><p></p><p>Lorem ipsum dolor sit amet, adipiscing elit.</p><p></p><p>Nullam dignissim convallis est. Quisque aliquam.</p><p></p><p>Donec faucibus.</p><p></p><p>Nunc iaculis suscipit dui.</p><p></p><p>Nam sit amet sem.</p><p></p><p>Aliquam libero nisi, imperdiet at, tincidunt nec, gravida vehicula, nisl.</p><p></p><p>Maecenas ornare tortor.</p><p></p><p>Donec sed tellus eget sapien fringilla nonummy.</p><p></p><p>Mauris a ante.</p><p></p><p>Suspendisse quam sem, consequat at, commodo vitae, feugiat in, nunc.</p><p></p><p>Morbi imperdiet augue quis tellus.</p><p></p><p>Mauris a ante.</p><p></p><p>Suspendisse quam sem, consequat at, commodo vitae, feugiat in, nunc.</p><p></p><p>Morbi imperdiet augue quis tellus.</p><p></p><p>Praesent mattis, massa quis luctus fermentum, turpis mi volutpat justo, eu volutpat enim diam eget metus.</p><p></p><p>Lorem ipsum dolor sit amet, adipiscing elit.</p><p></p><p>Nullam dignissim convallis est. Quisque aliquam.</p><p></p><p>Donec faucibus.</p><p></p><p>Nunc iaculis suscipit dui.</p><p></p><p>Nam sit amet sem.</p><p></p><p>Aliquam libero nisi, imperdiet at, tincidunt nec, gravida vehicula, nisl.</p><p></p><p>Maecenas ornare tortor.</p><p></p><p>Donec sed tellus eget sapien fringilla nonummy.</p><p></p><p>Mauris a ante.</p><p></p><p>Suspendisse quam sem, consequat at, commodo vitae, feugiat in, nunc.</p><p></p><p>Morbi imperdiet augue quis tellus.</p><p></p><p>Mauris a ante.</p><p></p><p>Suspendisse quam sem, consequat at, commodo vitae, feugiat in, nunc.</p><p></p><p>Morbi imperdiet augue quis tellus.</p><p></p><p>Praesent mattis, massa quis luctus fermentum, turpis mi volutpat justo, eu volutpat enim diam eget metus.</p><p></p><p>Lorem ipsum dolor sit amet, adipiscing elit.</p><p></p><p>Nullam dignissim convallis est. Quisque aliquam.</p><p></p><p>Donec faucibus.</p><p></p><p>Nunc iaculis suscipit dui.</p><p></p><p>Nam sit amet sem.</p><p></p><p>Aliquam libero nisi, imperdiet at, tincidunt nec, gravida vehicula, nisl.</p><p></p><p>Maecenas ornare tortor.</p><p></p><p>Donec sed tellus eget sapien fringilla nonummy.</p><p></p><p>Mauris a ante.</p><p></p><p>Suspendisse quam sem, consequat at, commodo vitae, feugiat in, nunc.</p><p></p><p>Morbi imperdiet augue quis tellus.</p><p></p><p>Mauris a ante.</p><p></p><p>Suspendisse quam sem, consequat at, commodo vitae, feugiat in, nunc.</p><p></p><p>Morbi imperdiet augue quis tellus.</p><p></p><p>Praesent mattis, massa quis luctus fermentum, turpis mi volutpat justo, eu volutpat enim diam eget metus.</p><p></p><p>Lorem ipsum dolor sit amet, adipiscing elit.</p><p></p><p>Nullam dignissim convallis est. Quisque aliquam.</p><p></p><p>Donec faucibus.</p><p></p><p>Nunc iaculis suscipit dui.</p><p></p><p>Nam sit amet sem.</p><p></p><p>Aliquam libero nisi, imperdiet at, tincidunt nec, gravida vehicula, nisl.</p><p></p><p>Maecenas ornare tortor.</p><p></p><p>Donec sed tellus eget sapien fringilla nonummy.</p><p></p><p>Mauris a ante.</p><p></p><p>Suspendisse quam sem, consequat at, commodo vitae, feugiat in, nunc.</p><p></p><p>Morbi imperdiet augue quis tellus.</p><p></p><p>Mauris a ante.</p><p></p><p>Suspendisse quam sem, consequat at, commodo vitae, feugiat in, nunc.</p><p></p><p>Morbi imperdiet augue quis tellus.</p><p></p><p>Praesent mattis, massa quis luctus fermentum, turpis mi volutpat justo, eu volutpat enim diam eget metus.</p><p></p><p>Lorem ipsum dolor sit amet, adipiscing elit.</p><p></p><p>Nullam dignissim convallis est. Quisque aliquam.</p><p></p><p>Donec faucibus.</p><p></p><p>Nunc iaculis suscipit dui.</p><p></p><p>Nam sit amet sem.</p><p></p><p>Aliquam libero nisi, imperdiet at, tincidunt nec, gravida vehicula, nisl.</p><p></p><p>Maecenas ornare tortor.</p><p></p><p>Donec sed tellus eget sapien fringilla nonummy.</p><p></p><p>Mauris a ante.</p><p></p><p>Suspendisse quam sem, consequat at, commodo vitae, feugiat in, nunc.</p><p></p><p>Morbi imperdiet augue quis tellus.</p><p></p><p>Mauris a ante.</p><p></p><p>Suspendisse quam sem, consequat at, commodo vitae, feugiat in, nunc.</p><p></p><p>Morbi imperdiet augue quis tellus.</p><p></p><p>Praesent mattis, massa quis luctus fermentum, turpis mi volutpat justo, eu volutpat enim diam eget metus.</p><p></p><p>Lorem ipsum dolor sit amet, adipiscing elit.</p><p></p><p>Nullam dignissim convallis est. Quisque aliquam.</p><p></p><p>Donec faucibus.</p><p></p><p>Nunc iaculis suscipit dui.</p><p></p><p>Nam sit amet sem.</p><p></p><p>Aliquam libero nisi, imperdiet at, tincidunt nec, gravida vehicula, nisl.</p><p></p><p>Maecenas ornare tortor.</p><p></p><p>Donec sed tellus eget sapien fringilla nonummy.</p><p></p><p>Mauris a ante.</p><p></p><p>Suspendisse quam sem, consequat at, commodo vitae, feugiat in, nunc.</p><p></p><p>Morbi imperdiet augue quis tellus.</p><p></p><p>Mauris a ante.</p><p></p><p>Suspendisse quam sem, consequat at, commodo vitae, feugiat in, nunc.</p><p></p><p>Morbi imperdiet augue quis tellus.</p><p></p><p>Praesent mattis, massa quis luctus fermentum, turpis mi volutpat justo, eu volutpat enim diam eget metus.</p><p></p><p>Lorem ipsum dolor sit amet, adipiscing elit.</p><p></p><p>Nullam dignissim convallis est. Quisque aliquam.</p><p></p><p>Donec faucibus.</p><p></p><p>Nunc iaculis suscipit dui.</p><p></p><p>Nam sit amet sem.</p><p></p><p>Aliquam libero nisi, imperdiet at, tincidunt nec, gravida vehicula, nisl.</p><p></p><p>Maecenas ornare tortor.</p><p></p><p>Donec sed tellus eget sapien fringilla nonummy.</p><p></p><p>Mauris a ante.</p><p></p><p>Suspendisse quam sem, consequat at, commodo vitae, feugiat in, nunc.</p><p></p><p>Morbi imperdiet augue quis tellus.</p><p></p><p>Mauris a ante.</p><p></p><p>Suspendisse quam sem, consequat at, commodo vitae, feugiat in, nunc.</p><p></p><p>Morbi imperdiet augue quis tellus.</p><p></p><p>Praesent mattis, massa quis luctus fermentum, turpis mi volutpat justo, eu volutpat enim diam eget metus.</p><p></p><p>Lorem ipsum dolor sit amet, adipiscing elit.</p><p></p><p>Nullam dignissim convallis est. Quisque aliquam.</p><p></p><p>Donec faucibus.</p><p></p><p>Nunc iaculis suscipit dui.</p><p></p><p>Nam sit amet sem.</p><p></p><p>Aliquam libero nisi, imperdiet at, tincidunt nec, gravida vehicula, nisl.</p><p></p><p>Maecenas ornare tortor.</p><p></p><p>Donec sed tellus eget sapien fringilla nonummy.</p><p></p><p>Mauris a ante.</p><p></p><p>Suspendisse quam sem, consequat at, commodo vitae, feugiat in, nunc.</p><p></p><p>Morbi imperdiet augue quis tellus.</p><p></p><p>Mauris a ante.</p><p></p><p>Suspendisse quam sem, consequat at, commodo vitae, feugiat in, nunc.</p><p></p><p>Morbi imperdiet augue quis tellus.</p><p></p><p>Praesent mattis, massa quis luctus fermentum, turpis mi volutpat justo, eu volutpat enim diam eget metus.</p><p></p><p>Lorem ipsum dolor sit amet, adipiscing elit.</p><p></p><p>Nullam dignissim convallis est. Quisque aliquam.</p><p></p><p>Donec faucibus.</p><p></p><p>Nunc iaculis suscipit dui.</p><p></p><p>Nam sit amet sem.</p><p></p><p>Aliquam libero nisi, imperdiet at, tincidunt nec, gravida vehicula, nisl.</p><p></p><p>Maecenas ornare tortor.</p><p></p><p>Donec sed tellus eget sapien fringilla nonummy.</p><p></p><p>Mauris a ante.</p><p></p><p>Suspendisse quam sem, consequat at, commodo vitae, feugiat in, nunc.</p><p></p><p>Morbi imperdiet augue quis tellus.</p><p></p><p>Mauris a ante.</p><p></p><p>Suspendisse quam sem, consequat at, commodo vitae, feugiat in, nunc.</p><p></p><p>Morbi imperdiet augue quis tellus.</p><p></p><p>Praesent mattis, massa quis luctus fermentum, turpis mi volutpat justo, eu volutpat enim diam eget metus.</p><p></p><p>Lorem ipsum dolor sit amet, adipiscing elit.</p><p></p><p>Nullam dignissim convallis est. Quisque aliquam.</p><p></p><p>Donec faucibus.</p><p></p><p>Nunc iaculis suscipit dui.</p><p></p><p>Nam sit amet sem.</p><p></p><p>Aliquam libero nisi, imperdiet at, tincidunt nec, gravida vehicula, nisl.</p><p></p><p>Maecenas ornare tortor.</p><p></p><p>Donec sed tellus eget sapien fringilla nonummy.</p><p></p><p>Mauris a ante.</p><p></p><p>Suspendisse quam sem, consequat at, commodo vitae, feugiat in, nunc.</p><p></p><p>Morbi imperdiet augue quis tellus.</p><p></p><p>Mauris a ante.</p><p></p><p>Suspendisse quam sem, consequat at, commodo vitae, feugiat in, nunc.</p><p></p><p>Morbi imperdiet augue quis tellus.</p><p></p><p>Praesent mattis, massa quis luctus fermentum, turpis mi volutpat justo, eu volutpat enim diam eget metus.</p>]]></wp:comment_content>
			<wp:comment_approved><![CDATA[liveblog]]></wp:comment_approved>
			<wp:comment_type><![CDATA[liveblog]]></wp:comment_type>
			<wp:comment_parent>0</wp:comment_parent>
			<wp:comment_user_id>1</wp:comment_user_id>
			<wp:commentmeta>
				<wp:meta_key><![CDATA[liveblog_hide_authors]]></wp:meta_key>
				<wp:meta_value><![CDATA[]]></wp:meta_value>
			</wp:commentmeta>
		</wp:comment>
		<wp:comment>
			<wp:comment_id>64</wp:comment_id>
			<wp:comment_author><![CDATA[admin]]></wp:comment_author>
			<wp:comment_author_email><![CDATA[admin@local.test]]></wp:comment_author_email>
			<wp:comment_author_url></wp:comment_author_url>
			<wp:comment_author_IP><![CDATA[]]></wp:comment_author_IP>
			<wp:comment_date><![CDATA[2018-05-06 18:08:06]]></wp:comment_date>
			<wp:comment_date_gmt><![CDATA[2018-05-06 18:08:06]]></wp:comment_date_gmt>
			<wp:comment_content><![CDATA[<p>Lorem ipsum dolor sit amet, adipiscing elit. Nullam dignissim convallis est. Quisque aliquam. This is emphasized. Donec faucibus. Nunc iaculis suscipit dui. Nam sit amet sem. Aliquam libero nisi, imperdiet at, tincidunt nec, gravida vehicula, nisl. Maecenas ornare tortor. Donec sed tellus eget sapien fringilla nonummy. Mauris a ante. Suspendisse quam sem, consequat at, commodo vitae, feugiat in, nunc. Morbi imperdiet augue quis tellus. Mauris a ante. Suspendisse quam sem, consequat at, commodo vitae, feugiat in, nunc. Morbi imperdiet augue quis tellus. Praesent mattis, massa quis luctus fermentum, turpis mi volutpat justo, eu volutpat enim diam eget metus.</p><p>Lorem ipsum dolor sit amet, adipiscing elit. Nullam dignissim convallis est. Quisque aliquam. This is emphasized. Donec faucibus. Nunc iaculis suscipit dui. Nam sit amet sem. Aliquam libero nisi, imperdiet at, tincidunt nec, gravida vehicula, nisl. Maecenas ornare tortor. Donec sed tellus eget sapien fringilla nonummy. Mauris a ante. Suspendisse quam sem, consequat at, commodo vitae, feugiat in, nunc. Morbi imperdiet augue quis tellus. Mauris a ante. Suspendisse quam sem, consequat at, commodo vitae, feugiat in, nunc. Morbi imperdiet augue quis tellus. Praesent mattis, massa quis luctus fermentum, turpis mi volutpat justo, eu volutpat enim diam eget metus.</p><p>Lorem ipsum dolor sit amet, adipiscing elit. Nullam dignissim convallis est. Quisque aliquam. This is emphasized. Donec faucibus. Nunc iaculis suscipit dui. Nam sit amet sem. Aliquam libero nisi, imperdiet at, tincidunt nec, gravida vehicula, nisl. Maecenas ornare tortor. Donec sed tellus eget sapien fringilla nonummy. Mauris a ante. Suspendisse quam sem, consequat at, commodo vitae, feugiat in, nunc. Morbi imperdiet augue quis tellus. Mauris a ante. Suspendisse quam sem, consequat at, commodo vitae, feugiat in, nunc. Morbi imperdiet augue quis tellus. Praesent mattis, massa quis luctus fermentum, turpis mi volutpat justo, eu volutpat enim diam eget metus.</p><p>Lorem ipsum dolor sit amet, adipiscing elit. Nullam dignissim convallis est. Quisque aliquam. This is emphasized. Donec faucibus. Nunc iaculis suscipit dui. Nam sit amet sem. Aliquam libero nisi, imperdiet at, tincidunt nec, gravida vehicula, nisl. Maecenas ornare tortor. Donec sed tellus eget sapien fringilla nonummy. Mauris a ante. Suspendisse quam sem, consequat at, commodo vitae, feugiat in, nunc. Morbi imperdiet augue quis tellus. Mauris a ante. Suspendisse quam sem, consequat at, commodo vitae, feugiat in, nunc. Morbi imperdiet augue quis tellus. Praesent mattis, massa quis luctus fermentum, turpis mi volutpat justo, eu volutpat enim diam eget metus.</p><p>Lorem ipsum dolor sit amet, adipiscing elit. Nullam dignissim convallis est. Quisque aliquam. This is emphasized. Donec faucibus. Nunc iaculis suscipit dui. Nam sit amet sem. Aliquam libero nisi, imperdiet at, tincidunt nec, gravida vehicula, nisl. Maecenas ornare tortor. Donec sed tellus eget sapien fringilla nonummy. Mauris a ante. Suspendisse quam sem, consequat at, commodo vitae, feugiat in, nunc. Morbi imperdiet augue quis tellus. Mauris a ante. Suspendisse quam sem, consequat at, commodo vitae, feugiat in, nunc. Morbi imperdiet augue quis tellus. Praesent mattis, massa quis luctus fermentum, turpis mi volutpat justo, eu volutpat enim diam eget metus.</p><p>Lorem ipsum dolor sit amet, adipiscing elit. Nullam dignissim convallis est. Quisque aliquam. This is emphasized. Donec faucibus. Nunc iaculis suscipit dui. Nam sit amet sem. Aliquam libero nisi, imperdiet at, tincidunt nec, gravida vehicula, nisl. Maecenas ornare tortor. Donec sed tellus eget sapien fringilla nonummy. Mauris a ante. Suspendisse quam sem, consequat at, commodo vitae, feugiat in, nunc. Morbi imperdiet augue quis tellus. Mauris a ante. Suspendisse quam sem, consequat at, commodo vitae, feugiat in, nunc. Morbi imperdiet augue quis tellus. Praesent mattis, massa quis luctus fermentum, turpis mi volutpat justo, eu volutpat enim diam eget metus.</p><p>Lorem ipsum dolor sit amet, adipiscing elit. Nullam dignissim convallis est. Quisque aliquam. This is emphasized. Donec faucibus. Nunc iaculis suscipit dui. Nam sit amet sem. Aliquam libero nisi, imperdiet at, tincidunt nec, gravida vehicula, nisl. Maecenas ornare tortor. Donec sed tellus eget sapien fringilla nonummy. Mauris a ante. Suspendisse quam sem, consequat at, commodo vitae, feugiat in, nunc. Morbi imperdiet augue quis tellus. Mauris a ante. Suspendisse quam sem, consequat at, commodo vitae, feugiat in, nunc. Morbi imperdiet augue quis tellus. Praesent mattis, massa quis luctus fermentum, turpis mi volutpat justo, eu volutpat enim diam eget metus.</p><p>Lorem ipsum dolor sit amet, adipiscing elit. Nullam dignissim convallis est. Quisque aliquam. This is emphasized. Donec faucibus. Nunc iaculis suscipit dui. Nam sit amet sem. Aliquam libero nisi, imperdiet at, tincidunt nec, gravida vehicula, nisl. Maecenas ornare tortor. Donec sed tellus eget sapien fringilla nonummy. Mauris a ante. Suspendisse quam sem, consequat at, commodo vitae, feugiat in, nunc. Morbi imperdiet augue quis tellus. Mauris a ante. Suspendisse quam sem, consequat at, commodo vitae, feugiat in, nunc. Morbi imperdiet augue quis tellus. Praesent mattis, massa quis luctus fermentum, turpis mi volutpat justo, eu volutpat enim diam eget metus.</p><p>Lorem ipsum dolor sit amet, adipiscing elit. Nullam dignissim convallis est. Quisque aliquam. This is emphasized. Donec faucibus. Nunc iaculis suscipit dui. Nam sit amet sem. Aliquam libero nisi, imperdiet at, tincidunt nec, gravida vehicula, nisl. Maecenas ornare tortor. Donec sed tellus eget sapien fringilla nonummy. Mauris a ante. Suspendisse quam sem, consequat at, commodo vitae, feugiat in, nunc. Morbi imperdiet augue quis tellus. Mauris a ante. Suspendisse quam sem, consequat at, commodo vitae, feugiat in, nunc. Morbi imperdiet augue quis tellus. Praesent mattis, massa quis luctus fermentum, turpis mi volutpat justo, eu volutpat enim diam eget metus.</p><p>Lorem ipsum dolor sit amet, adipiscing elit. Nullam dignissim convallis est. Quisque aliquam. This is emphasized. Donec faucibus. Nunc iaculis suscipit dui. Nam sit amet sem. Aliquam libero nisi, imperdiet at, tincidunt nec, gravida vehicula, nisl. Maecenas ornare tortor. Donec sed tellus eget sapien fringilla nonummy. Mauris a ante. Suspendisse quam sem, consequat at, commodo vitae, feugiat in, nunc. Morbi imperdiet augue quis tellus. Mauris a ante. Suspendisse quam sem, consequat at, commodo vitae, feugiat in, nunc. Morbi imperdiet augue quis tellus. Praesent mattis, massa quis luctus fermentum, turpis mi volutpat justo, eu volutpat enim diam eget metus.</p><p>Lorem ipsum dolor sit amet, adipiscing elit. Nullam dignissim convallis est. Quisque aliquam. This is emphasized. Donec faucibus. Nunc iaculis suscipit dui. Nam sit amet sem. Aliquam libero nisi, imperdiet at, tincidunt nec, gravida vehicula, nisl. Maecenas ornare tortor. Donec sed tellus eget sapien fringilla nonummy. Mauris a ante. Suspendisse quam sem, consequat at, commodo vitae, feugiat in, nunc. Morbi imperdiet augue quis tellus. Mauris a ante. Suspendisse quam sem, consequat at, commodo vitae, feugiat in, nunc. Morbi imperdiet augue quis tellus. Praesent mattis, massa quis luctus fermentum, turpis mi volutpat justo, eu volutpat enim diam eget metus.</p><p>Lorem ipsum dolor sit amet, adipiscing elit. Nullam dignissim convallis est. Quisque aliquam. This is emphasized. Donec faucibus. Nunc iaculis suscipit dui. Nam sit amet sem. Aliquam libero nisi, imperdiet at, tincidunt nec, gravida vehicula, nisl. Maecenas ornare tortor. Donec sed tellus eget sapien fringilla nonummy. Mauris a ante. Suspendisse quam sem, consequat at, commodo vitae, feugiat in, nunc. Morbi imperdiet augue quis tellus. Mauris a ante. Suspendisse quam sem, consequat at, commodo vitae, feugiat in, nunc. Morbi imperdiet augue quis tellus. Praesent mattis, massa quis luctus fermentum, turpis mi volutpat justo, eu volutpat enim diam eget metus.</p><p>Lorem ipsum dolor sit amet, adipiscing elit. Nullam dignissim convallis est. Quisque aliquam. This is emphasized. Donec faucibus. Nunc iaculis suscipit dui. Nam sit amet sem. Aliquam libero nisi, imperdiet at, tincidunt nec, gravida vehicula, nisl. Maecenas ornare tortor. Donec sed tellus eget sapien fringilla nonummy. Mauris a ante. Suspendisse quam sem, consequat at, commodo vitae, feugiat in, nunc. Morbi imperdiet augue quis tellus. Mauris a ante. Suspendisse quam sem, consequat at, commodo vitae, feugiat in, nunc. Morbi imperdiet augue quis tellus. Praesent mattis, massa quis luctus fermentum, turpis mi volutpat justo, eu volutpat enim diam eget metus.</p><p>Lorem ipsum dolor sit amet, adipiscing elit. Nullam dignissim convallis est. Quisque aliquam. This is emphasized. Donec faucibus. Nunc iaculis suscipit dui. Nam sit amet sem. Aliquam libero nisi, imperdiet at, tincidunt nec, gravida vehicula, nisl. Maecenas ornare tortor. Donec sed tellus eget sapien fringilla nonummy. Mauris a ante. Suspendisse quam sem, consequat at, commodo vitae, feugiat in, nunc. Morbi imperdiet augue quis tellus. Mauris a ante. Suspendisse quam sem, consequat at, commodo vitae, feugiat in, nunc. Morbi imperdiet augue quis tellus. Praesent mattis, massa quis luctus fermentum, turpis mi volutpat justo, eu volutpat enim diam eget metus.</p><p>Lorem ipsum dolor sit amet, adipiscing elit. Nullam dignissim convallis est. Quisque aliquam. This is emphasized. Donec faucibus. Nunc iaculis suscipit dui. Nam sit amet sem. Aliquam libero nisi, imperdiet at, tincidunt nec, gravida vehicula, nisl. Maecenas ornare tortor. Donec sed tellus eget sapien fringilla nonummy. Mauris a ante. Suspendisse quam sem, consequat at, commodo vitae, feugiat in, nunc. Morbi imperdiet augue quis tellus. Mauris a ante. Suspendisse quam sem, consequat at, commodo vitae, feugiat in, nunc. Morbi imperdiet augue quis tellus. Praesent mattis, massa quis luctus fermentum, turpis mi volutpat justo, eu volutpat enim diam eget metus.</p><p>Lorem ipsum dolor sit amet, adipiscing elit. Nullam dignissim convallis est. Quisque aliquam. This is emphasized. Donec faucibus. Nunc iaculis suscipit dui. Nam sit amet sem. Aliquam libero nisi, imperdiet at, tincidunt nec, gravida vehicula, nisl. Maecenas ornare tortor. Donec sed tellus eget sapien fringilla nonummy. Mauris a ante. Suspendisse quam sem, consequat at, commodo vitae, feugiat in, nunc. Morbi imperdiet augue quis tellus. Mauris a ante. Suspendisse quam sem, consequat at, commodo vitae, feugiat in, nunc. Morbi imperdiet augue quis tellus. Praesent mattis, massa quis luctus fermentum, turpis mi volutpat justo, eu volutpat enim diam eget metus.</p><p>Lorem ipsum dolor sit amet, adipiscing elit. Nullam dignissim convallis est. Quisque aliquam. This is emphasized. Donec faucibus. Nunc iaculis suscipit dui. Nam sit amet sem. Aliquam libero nisi, imperdiet at, tincidunt nec, gravida vehicula, nisl. Maecenas ornare tortor. Donec sed tellus eget sapien fringilla nonummy. Mauris a ante. Suspendisse quam sem, consequat at, commodo vitae, feugiat in, nunc. Morbi imperdiet augue quis tellus. Mauris a ante. Suspendisse quam sem, consequat at, commodo vitae, feugiat in, nunc. Morbi imperdiet augue quis tellus. Praesent mattis, massa quis luctus fermentum, turpis mi volutpat justo, eu volutpat enim diam eget metus.</p><p>Lorem ipsum dolor sit amet, adipiscing elit. Nullam dignissim convallis est. Quisque aliquam. This is emphasized. Donec faucibus. Nunc iaculis suscipit dui. Nam sit amet sem. Aliquam libero nisi, imperdiet at, tincidunt nec, gravida vehicula, nisl. Maecenas ornare tortor. Donec sed tellus eget sapien fringilla nonummy. Mauris a ante. Suspendisse quam sem, consequat at, commodo vitae, feugiat in, nunc. Morbi imperdiet augue quis tellus. Mauris a ante. Suspendisse quam sem, consequat at, commodo vitae, feugiat in, nunc. Morbi imperdiet augue quis tellus. Praesent mattis, massa quis luctus fermentum, turpis mi volutpat justo, eu volutpat enim diam eget metus.</p><p>Lorem ipsum dolor sit amet, adipiscing elit. Nullam dignissim convallis est. Quisque aliquam. This is emphasized. Donec faucibus. Nunc iaculis suscipit dui. Nam sit amet sem. Aliquam libero nisi, imperdiet at, tincidunt nec, gravida vehicula, nisl. Maecenas ornare tortor. Donec sed tellus eget sapien fringilla nonummy. Mauris a ante. Suspendisse quam sem, consequat at, commodo vitae, feugiat in, nunc. Morbi imperdiet augue quis tellus. Mauris a ante. Suspendisse quam sem, consequat at, commodo vitae, feugiat in, nunc. Morbi imperdiet augue quis tellus. Praesent mattis, massa quis luctus fermentum, turpis mi volutpat justo, eu volutpat enim diam eget metus.</p><p>Lorem ipsum dolor sit amet, adipiscing elit. Nullam dignissim convallis est. Quisque aliquam. This is emphasized. Donec faucibus. Nunc iaculis suscipit dui. Nam sit amet sem. Aliquam libero nisi, imperdiet at, tincidunt nec, gravida vehicula, nisl. Maecenas ornare tortor. Donec sed tellus eget sapien fringilla nonummy. Mauris a ante. Suspendisse quam sem, consequat at, commodo vitae, feugiat in, nunc. Morbi imperdiet augue quis tellus. Mauris a ante. Suspendisse quam sem, consequat at, commodo vitae, feugiat in, nunc. Morbi imperdiet augue quis tellus. Praesent mattis, massa quis luctus fermentum, turpis mi volutpat justo, eu volutpat enim diam eget metus.</p><p>Lorem ipsum dolor sit amet, adipiscing elit. Nullam dignissim convallis est. Quisque aliquam. This is emphasized. Donec faucibus. Nunc iaculis suscipit dui. Nam sit amet sem. Aliquam libero nisi, imperdiet at, tincidunt nec, gravida vehicula, nisl. Maecenas ornare tortor. Donec sed tellus eget sapien fringilla nonummy. Mauris a ante. Suspendisse quam sem, consequat at, commodo vitae, feugiat in, nunc. Morbi imperdiet augue quis tellus. Mauris a ante. Suspendisse quam sem, consequat at, commodo vitae, feugiat in, nunc. Morbi imperdiet augue quis tellus. Praesent mattis, massa quis luctus fermentum, turpis mi volutpat justo, eu volutpat enim diam eget metus.</p><p>Lorem ipsum dolor sit amet, adipiscing elit. Nullam dignissim convallis est. Quisque aliquam. This is emphasized. Donec faucibus. Nunc iaculis suscipit dui. Nam sit amet sem. Aliquam libero nisi, imperdiet at, tincidunt nec, gravida vehicula, nisl. Maecenas ornare tortor. Donec sed tellus eget sapien fringilla nonummy. Mauris a ante. Suspendisse quam sem, consequat at, commodo vitae, feugiat in, nunc. Morbi imperdiet augue quis tellus. Mauris a ante. Suspendisse quam sem, consequat at, commodo vitae, feugiat in, nunc. Morbi imperdiet augue quis tellus. Praesent mattis, massa quis luctus fermentum, turpis mi volutpat justo, eu volutpat enim diam eget metus.</p><p>Lorem ipsum dolor sit amet, adipiscing elit. Nullam dignissim convallis est. Quisque aliquam. This is emphasized. Donec faucibus. Nunc iaculis suscipit dui. Nam sit amet sem. Aliquam libero nisi, imperdiet at, tincidunt nec, gravida vehicula, nisl. Maecenas ornare tortor. Donec sed tellus eget sapien fringilla nonummy. Mauris a ante. Suspendisse quam sem, consequat at, commodo vitae, feugiat in, nunc. Morbi imperdiet augue quis tellus. Mauris a ante. Suspendisse quam sem, consequat at, commodo vitae, feugiat in, nunc. Morbi imperdiet augue quis tellus. Praesent mattis, massa quis luctus fermentum, turpis mi volutpat justo, eu volutpat enim diam eget metus.</p>]]></wp:comment_content>
			<wp:comment_approved><![CDATA[liveblog]]></wp:comment_approved>
			<wp:comment_type><![CDATA[liveblog]]></wp:comment_type>
			<wp:comment_parent>0</wp:comment_parent>
			<wp:comment_user_id>1</wp:comment_user_id>
			<wp:commentmeta>
				<wp:meta_key><![CDATA[liveblog_hide_authors]]></wp:meta_key>
				<wp:meta_value><![CDATA[]]></wp:meta_value>
			</wp:commentmeta>
		</wp:comment>
		<wp:comment>
			<wp:comment_id>65</wp:comment_id>
			<wp:comment_author><![CDATA[admin]]></wp:comment_author>
			<wp:comment_author_email><![CDATA[admin@local.test]]></wp:comment_author_email>
			<wp:comment_author_url></wp:comment_author_url>
			<wp:comment_author_IP><![CDATA[]]></wp:comment_author_IP>
			<wp:comment_date><![CDATA[2018-05-06 18:08:21]]></wp:comment_date>
			<wp:comment_date_gmt><![CDATA[2018-05-06 18:08:21]]></wp:comment_date_gmt>
			<wp:comment_content><![CDATA[<p>Lorem ipsum dolor sit amet, adipiscing elit.</p><p>Nullam dignissim convallis est. Quisque aliquam.</p><p>Donec faucibus.</p><p>Nunc iaculis suscipit dui.</p><p>Nam sit amet sem.</p><p>Aliquam libero nisi, imperdiet at, tincidunt nec, gravida vehicula, nisl.</p><p>Maecenas ornare tortor.</p><p>Donec sed tellus eget sapien fringilla nonummy.</p><p>Mauris a ante.</p><p>Suspendisse quam sem, consequat at, commodo vitae, feugiat in, nunc.</p><p>Morbi imperdiet augue quis tellus.</p><p>Mauris a ante.</p><p>Suspendisse quam sem, consequat at, commodo vitae, feugiat in, nunc.</p><p>Morbi imperdiet augue quis tellus.</p><p>Praesent mattis, massa quis luctus fermentum, turpis mi volutpat justo, eu volutpat enim diam eget metus.</p><p>Lorem ipsum dolor sit amet, adipiscing elit.</p><p>Nullam dignissim convallis est. Quisque aliquam.</p><p>Donec faucibus.</p><p>Nunc iaculis suscipit dui.</p><p>Nam sit amet sem.</p><p>Aliquam libero nisi, imperdiet at, tincidunt nec, gravida vehicula, nisl.</p><p>Maecenas ornare tortor.</p><p>Donec sed tellus eget sapien fringilla nonummy.</p><p>Mauris a ante.</p><p>Suspendisse quam sem, consequat at, commodo vitae, feugiat in, nunc.</p><p>Morbi imperdiet augue quis tellus.</p><p>Mauris a ante.</p><p>Suspendisse quam sem, consequat at, commodo vitae, feugiat in, nunc.</p><p>Morbi imperdiet augue quis tellus.</p><p>Praesent mattis, massa quis luctus fermentum, turpis mi volutpat justo, eu volutpat enim diam eget metus.</p><p>Lorem ipsum dolor sit amet, adipiscing elit.</p><p>Nullam dignissim convallis est. Quisque aliquam.</p><p>Donec faucibus.</p><p>Nunc iaculis suscipit dui.</p><p>Nam sit amet sem.</p><p>Aliquam libero nisi, imperdiet at, tincidunt nec, gravida vehicula, nisl.</p><p>Maecenas ornare tortor.</p><p>Donec sed tellus eget sapien fringilla nonummy.</p><p>Mauris a ante.</p><p>Suspendisse quam sem, consequat at, commodo vitae, feugiat in, nunc.</p><p>Morbi imperdiet augue quis tellus.</p><p>Mauris a ante.</p><p>Suspendisse quam sem, consequat at, commodo vitae, feugiat in, nunc.</p><p>Morbi imperdiet augue quis tellus.</p><p>Praesent mattis, massa quis luctus fermentum, turpis mi volutpat justo, eu volutpat enim diam eget metus.</p><p>Lorem ipsum dolor sit amet, adipiscing elit.</p><p>Nullam dignissim convallis est. Quisque aliquam.</p><p>Donec faucibus.</p><p>Nunc iaculis suscipit dui.</p><p>Nam sit amet sem.</p><p>Aliquam libero nisi, imperdiet at, tincidunt nec, gravida vehicula, nisl.</p><p>Maecenas ornare tortor.</p><p>Donec sed tellus eget sapien fringilla nonummy.</p><p>Mauris a ante.</p><p>Suspendisse quam sem, consequat at, commodo vitae, feugiat in, nunc.</p><p>Morbi imperdiet augue quis tellus.</p><p>Mauris a ante.</p><p>Suspendisse quam sem, consequat at, commodo vitae, feugiat in, nunc.</p><p>Morbi imperdiet augue quis tellus.</p><p>Praesent mattis, massa quis luctus fermentum, turpis mi volutpat justo, eu volutpat enim diam eget metus.</p><p>Lorem ipsum dolor sit amet, adipiscing elit.</p><p>Nullam dignissim convallis est. Quisque aliquam.</p><p>Donec faucibus.</p><p>Nunc iaculis suscipit dui.</p><p>Nam sit amet sem.</p><p>Aliquam libero nisi, imperdiet at, tincidunt nec, gravida vehicula, nisl.</p><p>Maecenas ornare tortor.</p><p>Donec sed tellus eget sapien fringilla nonummy.</p><p>Mauris a ante.</p><p>Suspendisse quam sem, consequat at, commodo vitae, feugiat in, nunc.</p><p>Morbi imperdiet augue quis tellus.</p><p>Mauris a ante.</p><p>Suspendisse quam sem, consequat at, commodo vitae, feugiat in, nunc.</p><p>Morbi imperdiet augue quis tellus.</p><p>Praesent mattis, massa quis luctus fermentum, turpis mi volutpat justo, eu volutpat enim diam eget metus.</p><p>Lorem ipsum dolor sit amet, adipiscing elit.</p><p>Nullam dignissim convallis est. Quisque aliquam.</p><p>Donec faucibus.</p><p>Nunc iaculis suscipit dui.</p><p>Nam sit amet sem.</p><p>Aliquam libero nisi, imperdiet at, tincidunt nec, gravida vehicula, nisl.</p><p>Maecenas ornare tortor.</p><p>Donec sed tellus eget sapien fringilla nonummy.</p><p>Mauris a ante.</p><p>Suspendisse quam sem, consequat at, commodo vitae, feugiat in, nunc.</p><p>Morbi imperdiet augue quis tellus.</p><p>Mauris a ante.</p><p>Suspendisse quam sem, consequat at, commodo vitae, feugiat in, nunc.</p><p>Morbi imperdiet augue quis tellus.</p><p>Praesent mattis, massa quis luctus fermentum, turpis mi volutpat justo, eu volutpat enim diam eget metus.</p><p>Lorem ipsum dolor sit amet, adipiscing elit.</p><p>Nullam dignissim convallis est. Quisque aliquam.</p><p>Donec faucibus.</p><p>Nunc iaculis suscipit dui.</p><p>Nam sit amet sem.</p><p>Aliquam libero nisi, imperdiet at, tincidunt nec, gravida vehicula, nisl.</p><p>Maecenas ornare tortor.</p><p>Donec sed tellus eget sapien fringilla nonummy.</p><p>Mauris a ante.</p><p>Suspendisse quam sem, consequat at, commodo vitae, feugiat in, nunc.</p><p>Morbi imperdiet augue quis tellus.</p><p>Mauris a ante.</p><p>Suspendisse quam sem, consequat at, commodo vitae, feugiat in, nunc.</p><p>Morbi imperdiet augue quis tellus.</p><p>Praesent mattis, massa quis luctus fermentum, turpis mi volutpat justo, eu volutpat enim diam eget metus.</p><p>Lorem ipsum dolor sit amet, adipiscing elit.</p><p>Nullam dignissim convallis est. Quisque aliquam.</p><p>Donec faucibus.</p><p>Nunc iaculis suscipit dui.</p><p>Nam sit amet sem.</p><p>Aliquam libero nisi, imperdiet at, tincidunt nec, gravida vehicula, nisl.</p><p>Maecenas ornare tortor.</p><p>Donec sed tellus eget sapien fringilla nonummy.</p><p>Mauris a ante.</p><p>Suspendisse quam sem, consequat at, commodo vitae, feugiat in, nunc.</p><p>Morbi imperdiet augue quis tellus.</p><p>Mauris a ante.</p><p>Suspendisse quam sem, consequat at, commodo vitae, feugiat in, nunc.</p><p>Morbi imperdiet augue quis tellus.</p><p>Praesent mattis, massa quis luctus fermentum, turpis mi volutpat justo, eu volutpat enim diam eget metus.</p><p>Lorem ipsum dolor sit amet, adipiscing elit.</p><p>Nullam dignissim convallis est. Quisque aliquam.</p><p>Donec faucibus.</p><p>Nunc iaculis suscipit dui.</p><p>Nam sit amet sem.</p><p>Aliquam libero nisi, imperdiet at, tincidunt nec, gravida vehicula, nisl.</p><p>Maecenas ornare tortor.</p><p>Donec sed tellus eget sapien fringilla nonummy.</p><p>Mauris a ante.</p><p>Suspendisse quam sem, consequat at, commodo vitae, feugiat in, nunc.</p><p>Morbi imperdiet augue quis tellus.</p><p>Mauris a ante.</p><p>Suspendisse quam sem, consequat at, commodo vitae, feugiat in, nunc.</p><p>Morbi imperdiet augue quis tellus.</p><p>Praesent mattis, massa quis luctus fermentum, turpis mi volutpat justo, eu volutpat enim diam eget metus.</p><p>Lorem ipsum dolor sit amet, adipiscing elit.</p><p>Nullam dignissim convallis est. Quisque aliquam.</p><p>Donec faucibus.</p><p>Nunc iaculis suscipit dui.</p><p>Nam sit amet sem.</p><p>Aliquam libero nisi, imperdiet at, tincidunt nec, gravida vehicula, nisl.</p><p>Maecenas ornare tortor.</p><p>Donec sed tellus eget sapien fringilla nonummy.</p><p>Mauris a ante.</p><p>Suspendisse quam sem, consequat at, commodo vitae, feugiat in, nunc.</p><p>Morbi imperdiet augue quis tellus.</p><p>Mauris a ante.</p><p>Suspendisse quam sem, consequat at, commodo vitae, feugiat in, nunc.</p><p>Morbi imperdiet augue quis tellus.</p><p>Praesent mattis, massa quis luctus fermentum, turpis mi volutpat justo, eu volutpat enim diam eget metus.</p><p>Lorem ipsum dolor sit amet, adipiscing elit.</p><p>Nullam dignissim convallis est. Quisque aliquam.</p><p>Donec faucibus.</p><p>Nunc iaculis suscipit dui.</p><p>Nam sit amet sem.</p><p>Aliquam libero nisi, imperdiet at, tincidunt nec, gravida vehicula, nisl.</p><p>Maecenas ornare tortor.</p><p>Donec sed tellus eget sapien fringilla nonummy.</p><p>Mauris a ante.</p><p>Suspendisse quam sem, consequat at, commodo vitae, feugiat in, nunc.</p><p>Morbi imperdiet augue quis tellus.</p><p>Mauris a ante.</p><p>Suspendisse quam sem, consequat at, commodo vitae, feugiat in, nunc.</p><p>Morbi imperdiet augue quis tellus.</p><p>Praesent mattis, massa quis luctus fermentum, turpis mi volutpat justo, eu volutpat enim diam eget metus.</p><p>Lorem ipsum dolor sit amet, adipiscing elit.</p><p>Nullam dignissim convallis est. Quisque aliquam.</p><p>Donec faucibus.</p><p>Nunc iaculis suscipit dui.</p><p>Nam sit amet sem.</p><p>Aliquam libero nisi, imperdiet at, tincidunt nec, gravida vehicula, nisl.</p><p>Maecenas ornare tortor.</p><p>Donec sed tellus eget sapien fringilla nonummy.</p><p>Mauris a ante.</p><p>Suspendisse quam sem, consequat at, commodo vitae, feugiat in, nunc.</p><p>Morbi imperdiet augue quis tellus.</p><p>Mauris a ante.</p><p>Suspendisse quam sem, consequat at, commodo vitae, feugiat in, nunc.</p><p>Morbi imperdiet augue quis tellus.</p><p>Praesent mattis, massa quis luctus fermentum, turpis mi volutpat justo, eu volutpat enim diam eget metus.</p><p>Lorem ipsum dolor sit amet, adipiscing elit.</p><p>Nullam dignissim convallis est. Quisque aliquam.</p><p>Donec faucibus.</p><p>Nunc iaculis suscipit dui.</p><p>Nam sit amet sem.</p><p>Aliquam libero nisi, imperdiet at, tincidunt nec, gravida vehicula, nisl.</p><p>Maecenas ornare tortor.</p><p>Donec sed tellus eget sapien fringilla nonummy.</p><p>Mauris a ante.</p><p>Suspendisse quam sem, consequat at, commodo vitae, feugiat in, nunc.</p><p>Morbi imperdiet augue quis tellus.</p><p>Mauris a ante.</p><p>Suspendisse quam sem, consequat at, commodo vitae, feugiat in, nunc.</p><p>Morbi imperdiet augue quis tellus.</p><p>Praesent mattis, massa quis luctus fermentum, turpis mi volutpat justo, eu volutpat enim diam eget metus.</p><p>Lorem ipsum dolor sit amet, adipiscing elit.</p><p>Nullam dignissim convallis est. Quisque aliquam.</p><p>Donec faucibus.</p><p>Nunc iaculis suscipit dui.</p><p>Nam sit amet sem.</p><p>Aliquam libero nisi, imperdiet at, tincidunt nec, gravida vehicula, nisl.</p><p>Maecenas ornare tortor.</p><p>Donec sed tellus eget sapien fringilla nonummy.</p><p>Mauris a ante.</p><p>Suspendisse quam sem, consequat at, commodo vitae, feugiat in, nunc.</p><p>Morbi imperdiet augue quis tellus.</p><p>Mauris a ante.</p><p>Suspendisse quam sem, consequat at, commodo vitae, feugiat in, nunc.</p><p>Morbi imperdiet augue quis tellus.</p><p>Praesent mattis, massa quis luctus fermentum, turpis mi volutpat justo, eu volutpat enim diam eget metus.</p><p>Lorem ipsum dolor sit amet, adipiscing elit.</p><p>Nullam dignissim convallis est. Quisque aliquam.</p><p>Donec faucibus.</p><p>Nunc iaculis suscipit dui.</p><p>Nam sit amet sem.</p><p>Aliquam libero nisi, imperdiet at, tincidunt nec, gravida vehicula, nisl.</p><p>Maecenas ornare tortor.</p><p>Donec sed tellus eget sapien fringilla nonummy.</p><p>Mauris a ante.</p><p>Suspendisse quam sem, consequat at, commodo vitae, feugiat in, nunc.</p><p>Morbi imperdiet augue quis tellus.</p><p>Mauris a ante.</p><p>Suspendisse quam sem, consequat at, commodo vitae, feugiat in, nunc.</p><p>Morbi imperdiet augue quis tellus.</p><p>Praesent mattis, massa quis luctus fermentum, turpis mi volutpat justo, eu volutpat enim diam eget metus.</p><p>Lorem ipsum dolor sit amet, adipiscing elit.</p><p>Nullam dignissim convallis est. Quisque aliquam.</p><p>Donec faucibus.</p><p>Nunc iaculis suscipit dui.</p><p>Nam sit amet sem.</p><p>Aliquam libero nisi, imperdiet at, tincidunt nec, gravida vehicula, nisl.</p><p>Maecenas ornare tortor.</p><p>Donec sed tellus eget sapien fringilla nonummy.</p><p>Mauris a ante.</p><p>Suspendisse quam sem, consequat at, commodo vitae, feugiat in, nunc.</p><p>Morbi imperdiet augue quis tellus.</p><p>Mauris a ante.</p><p>Suspendisse quam sem, consequat at, commodo vitae, feugiat in, nunc.</p><p>Morbi imperdiet augue quis tellus.</p><p>Praesent mattis, massa quis luctus fermentum, turpis mi volutpat justo, eu volutpat enim diam eget metus.</p><p>Lorem ipsum dolor sit amet, adipiscing elit.</p><p>Nullam dignissim convallis est. Quisque aliquam.</p><p>Donec faucibus.</p><p>Nunc iaculis suscipit dui.</p><p>Nam sit amet sem.</p><p>Aliquam libero nisi, imperdiet at, tincidunt nec, gravida vehicula, nisl.</p><p>Maecenas ornare tortor.</p><p>Donec sed tellus eget sapien fringilla nonummy.</p><p>Mauris a ante.</p><p>Suspendisse quam sem, consequat at, commodo vitae, feugiat in, nunc.</p><p>Morbi imperdiet augue quis tellus.</p><p>Mauris a ante.</p><p>Suspendisse quam sem, consequat at, commodo vitae, feugiat in, nunc.</p><p>Morbi imperdiet augue quis tellus.</p><p>Praesent mattis, massa quis luctus fermentum, turpis mi volutpat justo, eu volutpat enim diam eget metus.</p><p>Lorem ipsum dolor sit amet, adipiscing elit.</p><p>Nullam dignissim convallis est. Quisque aliquam.</p><p>Donec faucibus.</p><p>Nunc iaculis suscipit dui.</p><p>Nam sit amet sem.</p><p>Aliquam libero nisi, imperdiet at, tincidunt nec, gravida vehicula, nisl.</p><p>Maecenas ornare tortor.</p><p>Donec sed tellus eget sapien fringilla nonummy.</p><p>Mauris a ante.</p><p>Suspendisse quam sem, consequat at, commodo vitae, feugiat in, nunc.</p><p>Morbi imperdiet augue quis tellus.</p><p>Mauris a ante.</p><p>Suspendisse quam sem, consequat at, commodo vitae, feugiat in, nunc.</p><p>Morbi imperdiet augue quis tellus.</p><p>Praesent mattis, massa quis luctus fermentum, turpis mi volutpat justo, eu volutpat enim diam eget metus.</p><p>Lorem ipsum dolor sit amet, adipiscing elit.</p><p>Nullam dignissim convallis est. Quisque aliquam.</p><p>Donec faucibus.</p><p>Nunc iaculis suscipit dui.</p><p>Nam sit amet sem.</p><p>Aliquam libero nisi, imperdiet at, tincidunt nec, gravida vehicula, nisl.</p><p>Maecenas ornare tortor.</p><p>Donec sed tellus eget sapien fringilla nonummy.</p><p>Mauris a ante.</p><p>Suspendisse quam sem, consequat at, commodo vitae, feugiat in, nunc.</p><p>Morbi imperdiet augue quis tellus.</p><p>Mauris a ante.</p><p>Suspendisse quam sem, consequat at, commodo vitae, feugiat in, nunc.</p><p>Morbi imperdiet augue quis tellus.</p><p>Praesent mattis, massa quis luctus fermentum, turpis mi volutpat justo, eu volutpat enim diam eget metus.</p><p>Lorem ipsum dolor sit amet, adipiscing elit.</p><p>Nullam dignissim convallis est. Quisque aliquam.</p><p>Donec faucibus.</p><p>Nunc iaculis suscipit dui.</p><p>Nam sit amet sem.</p><p>Aliquam libero nisi, imperdiet at, tincidunt nec, gravida vehicula, nisl.</p><p>Maecenas ornare tortor.</p><p>Donec sed tellus eget sapien fringilla nonummy.</p><p>Mauris a ante.</p><p>Suspendisse quam sem, consequat at, commodo vitae, feugiat in, nunc.</p><p>Morbi imperdiet augue quis tellus.</p><p>Mauris a ante.</p><p>Suspendisse quam sem, consequat at, commodo vitae, feugiat in, nunc.</p><p>Morbi imperdiet augue quis tellus.</p><p>Praesent mattis, massa quis luctus fermentum, turpis mi volutpat justo, eu volutpat enim diam eget metus.</p><p>Lorem ipsum dolor sit amet, adipiscing elit.</p><p>Nullam dignissim convallis est. Quisque aliquam.</p><p>Donec faucibus.</p><p>Nunc iaculis suscipit dui.</p><p>Nam sit amet sem.</p><p>Aliquam libero nisi, imperdiet at, tincidunt nec, gravida vehicula, nisl.</p><p>Maecenas ornare tortor.</p><p>Donec sed tellus eget sapien fringilla nonummy.</p><p>Mauris a ante.</p><p>Suspendisse quam sem, consequat at, commodo vitae, feugiat in, nunc.</p><p>Morbi imperdiet augue quis tellus.</p><p>Mauris a ante.</p><p>Suspendisse quam sem, consequat at, commodo vitae, feugiat in, nunc.</p><p>Morbi imperdiet augue quis tellus.</p><p>Praesent mattis, massa quis luctus fermentum, turpis mi volutpat justo, eu volutpat enim diam eget metus.</p><p>Lorem ipsum dolor sit amet, adipiscing elit.</p><p>Nullam dignissim convallis est. Quisque aliquam.</p><p>Donec faucibus.</p><p>Nunc iaculis suscipit dui.</p><p>Nam sit amet sem.</p><p>Aliquam libero nisi, imperdiet at, tincidunt nec, gravida vehicula, nisl.</p><p>Maecenas ornare tortor.</p><p>Donec sed tellus eget sapien fringilla nonummy.</p><p>Mauris a ante.</p><p>Suspendisse quam sem, consequat at, commodo vitae, feugiat in, nunc.</p><p>Morbi imperdiet augue quis tellus.</p><p>Mauris a ante.</p><p>Suspendisse quam sem, consequat at, commodo vitae, feugiat in, nunc.</p><p>Morbi imperdiet augue quis tellus.</p><p>Praesent mattis, massa quis luctus fermentum, turpis mi volutpat justo, eu volutpat enim diam eget metus.</p><p>Lorem ipsum dolor sit amet, adipiscing elit.</p><p>Nullam dignissim convallis est. Quisque aliquam.</p><p>Donec faucibus.</p><p>Nunc iaculis suscipit dui.</p><p>Nam sit amet sem.</p><p>Aliquam libero nisi, imperdiet at, tincidunt nec, gravida vehicula, nisl.</p><p>Maecenas ornare tortor.</p><p>Donec sed tellus eget sapien fringilla nonummy.</p><p>Mauris a ante.</p><p>Suspendisse quam sem, consequat at, commodo vitae, feugiat in, nunc.</p><p>Morbi imperdiet augue quis tellus.</p><p>Mauris a ante.</p><p>Suspendisse quam sem, consequat at, commodo vitae, feugiat in, nunc.</p><p>Morbi imperdiet augue quis tellus.</p><p>Praesent mattis, massa quis luctus fermentum, turpis mi volutpat justo, eu volutpat enim diam eget metus.</p><p>Lorem ipsum dolor sit amet, adipiscing elit.</p><p>Nullam dignissim convallis est. Quisque aliquam.</p><p>Donec faucibus.</p><p>Nunc iaculis suscipit dui.</p><p>Nam sit amet sem.</p><p>Aliquam libero nisi, imperdiet at, tincidunt nec, gravida vehicula, nisl.</p><p>Maecenas ornare tortor.</p><p>Donec sed tellus eget sapien fringilla nonummy.</p><p>Mauris a ante.</p><p>Suspendisse quam sem, consequat at, commodo vitae, feugiat in, nunc.</p><p>Morbi imperdiet augue quis tellus.</p><p>Mauris a ante.</p><p>Suspendisse quam sem, consequat at, commodo vitae, feugiat in, nunc.</p><p>Morbi imperdiet augue quis tellus.</p><p>Praesent mattis, massa quis luctus fermentum, turpis mi volutpat justo, eu volutpat enim diam eget metus.</p><p>Lorem ipsum dolor sit amet, adipiscing elit.</p><p>Nullam dignissim convallis est. Quisque aliquam.</p><p>Donec faucibus.</p><p>Nunc iaculis suscipit dui.</p><p>Nam sit amet sem.</p><p>Aliquam libero nisi, imperdiet at, tincidunt nec, gravida vehicula, nisl.</p><p>Maecenas ornare tortor.</p><p>Donec sed tellus eget sapien fringilla nonummy.</p><p>Mauris a ante.</p><p>Suspendisse quam sem, consequat at, commodo vitae, feugiat in, nunc.</p><p>Morbi imperdiet augue quis tellus.</p><p>Mauris a ante.</p><p>Suspendisse quam sem, consequat at, commodo vitae, feugiat in, nunc.</p><p>Morbi imperdiet augue quis tellus.</p><p>Praesent mattis, massa quis luctus fermentum, turpis mi volutpat justo, eu volutpat enim diam eget metus.</p><p>Lorem ipsum dolor sit amet, adipiscing elit.</p><p>Nullam dignissim convallis est. Quisque aliquam.</p><p>Donec faucibus.</p><p>Nunc iaculis suscipit dui.</p><p>Nam sit amet sem.</p><p>Aliquam libero nisi, imperdiet at, tincidunt nec, gravida vehicula, nisl.</p><p>Maecenas ornare tortor.</p><p>Donec sed tellus eget sapien fringilla nonummy.</p><p>Mauris a ante.</p><p>Suspendisse quam sem, consequat at, commodo vitae, feugiat in, nunc.</p><p>Morbi imperdiet augue quis tellus.</p><p>Mauris a ante.</p><p>Suspendisse quam sem, consequat at, commodo vitae, feugiat in, nunc.</p><p>Morbi imperdiet augue quis tellus.</p><p>Praesent mattis, massa quis luctus fermentum, turpis mi volutpat justo, eu volutpat enim diam eget metus.</p><p>Lorem ipsum dolor sit amet, adipiscing elit.</p><p>Nullam dignissim convallis est. Quisque aliquam.</p><p>Donec faucibus.</p><p>Nunc iaculis suscipit dui.</p><p>Nam sit amet sem.</p><p>Aliquam libero nisi, imperdiet at, tincidunt nec, gravida vehicula, nisl.</p><p>Maecenas ornare tortor.</p><p>Donec sed tellus eget sapien fringilla nonummy.</p><p>Mauris a ante.</p><p>Suspendisse quam sem, consequat at, commodo vitae, feugiat in, nunc.</p><p>Morbi imperdiet augue quis tellus.</p><p>Mauris a ante.</p><p>Suspendisse quam sem, consequat at, commodo vitae, feugiat in, nunc.</p><p>Morbi imperdiet augue quis tellus.</p><p>Praesent mattis, massa quis luctus fermentum, turpis mi volutpat justo, eu volutpat enim diam eget metus.</p><p>Lorem ipsum dolor sit amet, adipiscing elit.</p><p>Nullam dignissim convallis est. Quisque aliquam.</p><p>Donec faucibus.</p><p>Nunc iaculis suscipit dui.</p><p>Nam sit amet sem.</p><p>Aliquam libero nisi, imperdiet at, tincidunt nec, gravida vehicula, nisl.</p><p>Maecenas ornare tortor.</p><p>Donec sed tellus eget sapien fringilla nonummy.</p><p>Mauris a ante.</p><p>Suspendisse quam sem, consequat at, commodo vitae, feugiat in, nunc.</p><p>Morbi imperdiet augue quis tellus.</p><p>Mauris a ante.</p><p>Suspendisse quam sem, consequat at, commodo vitae, feugiat in, nunc.</p><p>Morbi imperdiet augue quis tellus.</p><p>Praesent mattis, massa quis luctus fermentum, turpis mi volutpat justo, eu volutpat enim diam eget metus.</p><p>Lorem ipsum dolor sit amet, adipiscing elit.</p><p>Nullam dignissim convallis est. Quisque aliquam.</p><p>Donec faucibus.</p><p>Nunc iaculis suscipit dui.</p><p>Nam sit amet sem.</p><p>Aliquam libero nisi, imperdiet at, tincidunt nec, gravida vehicula, nisl.</p><p>Maecenas ornare tortor.</p><p>Donec sed tellus eget sapien fringilla nonummy.</p><p>Mauris a ante.</p><p>Suspendisse quam sem, consequat at, commodo vitae, feugiat in, nunc.</p><p>Morbi imperdiet augue quis tellus.</p><p>Mauris a ante.</p><p>Suspendisse quam sem, consequat at, commodo vitae, feugiat in, nunc.</p><p>Morbi imperdiet augue quis tellus.</p><p>Praesent mattis, massa quis luctus fermentum, turpis mi volutpat justo, eu volutpat enim diam eget metus.</p><p>Lorem ipsum dolor sit amet, adipiscing elit.</p><p>Nullam dignissim convallis est. Quisque aliquam.</p><p>Donec faucibus.</p><p>Nunc iaculis suscipit dui.</p><p>Nam sit amet sem.</p><p>Aliquam libero nisi, imperdiet at, tincidunt nec, gravida vehicula, nisl.</p><p>Maecenas ornare tortor.</p><p>Donec sed tellus eget sapien fringilla nonummy.</p><p>Mauris a ante.</p><p>Suspendisse quam sem, consequat at, commodo vitae, feugiat in, nunc.</p><p>Morbi imperdiet augue quis tellus.</p><p>Mauris a ante.</p><p>Suspendisse quam sem, consequat at, commodo vitae, feugiat in, nunc.</p><p>Morbi imperdiet augue quis tellus.</p><p>Praesent mattis, massa quis luctus fermentum, turpis mi volutpat justo, eu volutpat enim diam eget metus.</p><p>Lorem ipsum dolor sit amet, adipiscing elit.</p><p>Nullam dignissim convallis est. Quisque aliquam.</p><p>Donec faucibus.</p><p>Nunc iaculis suscipit dui.</p><p>Nam sit amet sem.</p><p>Aliquam libero nisi, imperdiet at, tincidunt nec, gravida vehicula, nisl.</p><p>Maecenas ornare tortor.</p><p>Donec sed tellus eget sapien fringilla nonummy.</p><p>Mauris a ante.</p><p>Suspendisse quam sem, consequat at, commodo vitae, feugiat in, nunc.</p><p>Morbi imperdiet augue quis tellus.</p><p>Mauris a ante.</p><p>Suspendisse quam sem, consequat at, commodo vitae, feugiat in, nunc.</p><p>Morbi imperdiet augue quis tellus.</p><p>Praesent mattis, massa quis luctus fermentum, turpis mi volutpat justo, eu volutpat enim diam eget metus.</p><p>Lorem ipsum dolor sit amet, adipiscing elit.</p><p>Nullam dignissim convallis est. Quisque aliquam.</p><p>Donec faucibus.</p><p>Nunc iaculis suscipit dui.</p><p>Nam sit amet sem.</p><p>Aliquam libero nisi, imperdiet at, tincidunt nec, gravida vehicula, nisl.</p><p>Maecenas ornare tortor.</p><p>Donec sed tellus eget sapien fringilla nonummy.</p><p>Mauris a ante.</p><p>Suspendisse quam sem, consequat at, commodo vitae, feugiat in, nunc.</p><p>Morbi imperdiet augue quis tellus.</p><p>Mauris a ante.</p><p>Suspendisse quam sem, consequat at, commodo vitae, feugiat in, nunc.</p><p>Morbi imperdiet augue quis tellus.</p><p>Praesent mattis, massa quis luctus fermentum, turpis mi volutpat justo, eu volutpat enim diam eget metus.</p><p>Lorem ipsum dolor sit amet, adipiscing elit.</p><p>Nullam dignissim convallis est. Quisque aliquam.</p><p>Donec faucibus.</p><p>Nunc iaculis suscipit dui.</p><p>Nam sit amet sem.</p><p>Aliquam libero nisi, imperdiet at, tincidunt nec, gravida vehicula, nisl.</p><p>Maecenas ornare tortor.</p><p>Donec sed tellus eget sapien fringilla nonummy.</p><p>Mauris a ante.</p><p>Suspendisse quam sem, consequat at, commodo vitae, feugiat in, nunc.</p><p>Morbi imperdiet augue quis tellus.</p><p>Mauris a ante.</p><p>Suspendisse quam sem, consequat at, commodo vitae, feugiat in, nunc.</p><p>Morbi imperdiet augue quis tellus.</p><p>Praesent mattis, massa quis luctus fermentum, turpis mi volutpat justo, eu volutpat enim diam eget metus.</p><p>Lorem ipsum dolor sit amet, adipiscing elit.</p><p>Nullam dignissim convallis est. Quisque aliquam.</p><p>Donec faucibus.</p><p>Nunc iaculis suscipit dui.</p><p>Nam sit amet sem.</p><p>Aliquam libero nisi, imperdiet at, tincidunt nec, gravida vehicula, nisl.</p><p>Maecenas ornare tortor.</p><p>Donec sed tellus eget sapien fringilla nonummy.</p><p>Mauris a ante.</p><p>Suspendisse quam sem, consequat at, commodo vitae, feugiat in, nunc.</p><p>Morbi imperdiet augue quis tellus.</p><p>Mauris a ante.</p><p>Suspendisse quam sem, consequat at, commodo vitae, feugiat in, nunc.</p><p>Morbi imperdiet augue quis tellus.</p><p>Praesent mattis, massa quis luctus fermentum, turpis mi volutpat justo, eu volutpat enim diam eget metus.</p><p>Lorem ipsum dolor sit amet, adipiscing elit.</p><p>Nullam dignissim convallis est. Quisque aliquam.</p><p>Donec faucibus.</p><p>Nunc iaculis suscipit dui.</p><p>Nam sit amet sem.</p><p>Aliquam libero nisi, imperdiet at, tincidunt nec, gravida vehicula, nisl.</p><p>Maecenas ornare tortor.</p><p>Donec sed tellus eget sapien fringilla nonummy.</p><p>Mauris a ante.</p><p>Suspendisse quam sem, consequat at, commodo vitae, feugiat in, nunc.</p><p>Morbi imperdiet augue quis tellus.</p><p>Mauris a ante.</p><p>Suspendisse quam sem, consequat at, commodo vitae, feugiat in, nunc.</p><p>Morbi imperdiet augue quis tellus.</p><p>Praesent mattis, massa quis luctus fermentum, turpis mi volutpat justo, eu volutpat enim diam eget metus.</p><p>Lorem ipsum dolor sit amet, adipiscing elit.</p><p>Nullam dignissim convallis est. Quisque aliquam.</p><p>Donec faucibus.</p><p>Nunc iaculis suscipit dui.</p><p>Nam sit amet sem.</p><p>Aliquam libero nisi, imperdiet at, tincidunt nec, gravida vehicula, nisl.</p><p>Maecenas ornare tortor.</p><p>Donec sed tellus eget sapien fringilla nonummy.</p><p>Mauris a ante.</p><p>Suspendisse quam sem, consequat at, commodo vitae, feugiat in, nunc.</p><p>Morbi imperdiet augue quis tellus.</p><p>Mauris a ante.</p><p>Suspendisse quam sem, consequat at, commodo vitae, feugiat in, nunc.</p><p>Morbi imperdiet augue quis tellus.</p><p>Praesent mattis, massa quis luctus fermentum, turpis mi volutpat justo, eu volutpat enim diam eget metus.</p><p>Lorem ipsum dolor sit amet, adipiscing elit.</p><p>Nullam dignissim convallis est. Quisque aliquam.</p><p>Donec faucibus.</p><p>Nunc iaculis suscipit dui.</p><p>Nam sit amet sem.</p><p>Aliquam libero nisi, imperdiet at, tincidunt nec, gravida vehicula, nisl.</p><p>Maecenas ornare tortor.</p><p>Donec sed tellus eget sapien fringilla nonummy.</p><p>Mauris a ante.</p><p>Suspendisse quam sem, consequat at, commodo vitae, feugiat in, nunc.</p><p>Morbi imperdiet augue quis tellus.</p><p>Mauris a ante.</p><p>Suspendisse quam sem, consequat at, commodo vitae, feugiat in, nunc.</p><p>Morbi imperdiet augue quis tellus.</p><p>Praesent mattis, massa quis luctus fermentum, turpis mi volutpat justo, eu volutpat enim diam eget metus.</p><p>Lorem ipsum dolor sit amet, adipiscing elit.</p><p>Nullam dignissim convallis est. Quisque aliquam.</p><p>Donec faucibus.</p><p>Nunc iaculis suscipit dui.</p><p>Nam sit amet sem.</p><p>Aliquam libero nisi, imperdiet at, tincidunt nec, gravida vehicula, nisl.</p><p>Maecenas ornare tortor.</p><p>Donec sed tellus eget sapien fringilla nonummy.</p><p>Mauris a ante.</p><p>Suspendisse quam sem, consequat at, commodo vitae, feugiat in, nunc.</p><p>Morbi imperdiet augue quis tellus.</p><p>Mauris a ante.</p><p>Suspendisse quam sem, consequat at, commodo vitae, feugiat in, nunc.</p><p>Morbi imperdiet augue quis tellus.</p><p>Praesent mattis, massa quis luctus fermentum, turpis mi volutpat justo, eu volutpat enim diam eget metus.</p>]]></wp:comment_content>
			<wp:comment_approved><![CDATA[liveblog]]></wp:comment_approved>
			<wp:comment_type><![CDATA[liveblog]]></wp:comment_type>
			<wp:comment_parent>0</wp:comment_parent>
			<wp:comment_user_id>1</wp:comment_user_id>
			<wp:commentmeta>
				<wp:meta_key><![CDATA[liveblog_hide_authors]]></wp:meta_key>
				<wp:meta_value><![CDATA[]]></wp:meta_value>
			</wp:commentmeta>
		</wp:comment>
		<wp:comment>
			<wp:comment_id>66</wp:comment_id>
			<wp:comment_author><![CDATA[admin]]></wp:comment_author>
			<wp:comment_author_email><![CDATA[admin@local.test]]></wp:comment_author_email>
			<wp:comment_author_url></wp:comment_author_url>
			<wp:comment_author_IP><![CDATA[]]></wp:comment_author_IP>
			<wp:comment_date><![CDATA[2018-05-06 18:08:35]]></wp:comment_date>
			<wp:comment_date_gmt><![CDATA[2018-05-06 18:08:35]]></wp:comment_date_gmt>
			<wp:comment_content><![CDATA[<p>Lorem ipsum dolor sit amet, adipiscing elit. Nullam dignissim convallis est. Quisque aliquam. This is emphasized. Donec faucibus. Nunc iaculis suscipit dui. Nam sit amet sem. Aliquam libero nisi, imperdiet at, tincidunt nec, gravida vehicula, nisl. Maecenas ornare tortor. Donec sed tellus eget sapien fringilla nonummy. Mauris a ante. Suspendisse quam sem, consequat at, commodo vitae, feugiat in, nunc. Morbi imperdiet augue quis tellus. Mauris a ante. Suspendisse quam sem, consequat at, commodo vitae, feugiat in, nunc. Morbi imperdiet augue quis tellus. Praesent mattis, massa quis luctus fermentum, turpis mi volutpat justo, eu volutpat enim diam eget metus.</p><p>Lorem ipsum dolor sit amet, adipiscing elit. Nullam dignissim convallis est. Quisque aliquam. This is emphasized. Donec faucibus. Nunc iaculis suscipit dui. Nam sit amet sem. Aliquam libero nisi, imperdiet at, tincidunt nec, gravida vehicula, nisl. Maecenas ornare tortor. Donec sed tellus eget sapien fringilla nonummy. Mauris a ante. Suspendisse quam sem, consequat at, commodo vitae, feugiat in, nunc. Morbi imperdiet augue quis tellus. Mauris a ante. Suspendisse quam sem, consequat at, commodo vitae, feugiat in, nunc. Morbi imperdiet augue quis tellus. Praesent mattis, massa quis luctus fermentum, turpis mi volutpat justo, eu volutpat enim diam eget metus.</p><p>Lorem ipsum dolor sit amet, adipiscing elit. Nullam dignissim convallis est. Quisque aliquam. This is emphasized. Donec faucibus. Nunc iaculis suscipit dui. Nam sit amet sem. Aliquam libero nisi, imperdiet at, tincidunt nec, gravida vehicula, nisl. Maecenas ornare tortor. Donec sed tellus eget sapien fringilla nonummy. Mauris a ante. Suspendisse quam sem, consequat at, commodo vitae, feugiat in, nunc. Morbi imperdiet augue quis tellus. Mauris a ante. Suspendisse quam sem, consequat at, commodo vitae, feugiat in, nunc. Morbi imperdiet augue quis tellus. Praesent mattis, massa quis luctus fermentum, turpis mi volutpat justo, eu volutpat enim diam eget metus.</p><p>Lorem ipsum dolor sit amet, adipiscing elit. Nullam dignissim convallis est. Quisque aliquam. This is emphasized. Donec faucibus. Nunc iaculis suscipit dui. Nam sit amet sem. Aliquam libero nisi, imperdiet at, tincidunt nec, gravida vehicula, nisl. Maecenas ornare tortor. Donec sed tellus eget sapien fringilla nonummy. Mauris a ante. Suspendisse quam sem, consequat at, commodo vitae, feugiat in, nunc. Morbi imperdiet augue quis tellus. Mauris a ante. Suspendisse quam sem, consequat at, commodo vitae, feugiat in, nunc. Morbi imperdiet augue quis tellus. Praesent mattis, massa quis luctus fermentum, turpis mi volutpat justo, eu volutpat enim diam eget metus.</p><p>Lorem ipsum dolor sit amet, adipiscing elit. Nullam dignissim convallis est. Quisque aliquam. This is emphasized. Donec faucibus. Nunc iaculis suscipit dui. Nam sit amet sem. Aliquam libero nisi, imperdiet at, tincidunt nec, gravida vehicula, nisl. Maecenas ornare tortor. Donec sed tellus eget sapien fringilla nonummy. Mauris a ante. Suspendisse quam sem, consequat at, commodo vitae, feugiat in, nunc. Morbi imperdiet augue quis tellus. Mauris a ante. Suspendisse quam sem, consequat at, commodo vitae, feugiat in, nunc. Morbi imperdiet augue quis tellus. Praesent mattis, massa quis luctus fermentum, turpis mi volutpat justo, eu volutpat enim diam eget metus.</p><p>Lorem ipsum dolor sit amet, adipiscing elit. Nullam dignissim convallis est. Quisque aliquam. This is emphasized. Donec faucibus. Nunc iaculis suscipit dui. Nam sit amet sem. Aliquam libero nisi, imperdiet at, tincidunt nec, gravida vehicula, nisl. Maecenas ornare tortor. Donec sed tellus eget sapien fringilla nonummy. Mauris a ante. Suspendisse quam sem, consequat at, commodo vitae, feugiat in, nunc. Morbi imperdiet augue quis tellus. Mauris a ante. Suspendisse quam sem, consequat at, commodo vitae, feugiat in, nunc. Morbi imperdiet augue quis tellus. Praesent mattis, massa quis luctus fermentum, turpis mi volutpat justo, eu volutpat enim diam eget metus.</p><p>Lorem ipsum dolor sit amet, adipiscing elit. Nullam dignissim convallis est. Quisque aliquam. This is emphasized. Donec faucibus. Nunc iaculis suscipit dui. Nam sit amet sem. Aliquam libero nisi, imperdiet at, tincidunt nec, gravida vehicula, nisl. Maecenas ornare tortor. Donec sed tellus eget sapien fringilla nonummy. Mauris a ante. Suspendisse quam sem, consequat at, commodo vitae, feugiat in, nunc. Morbi imperdiet augue quis tellus. Mauris a ante. Suspendisse quam sem, consequat at, commodo vitae, feugiat in, nunc. Morbi imperdiet augue quis tellus. Praesent mattis, massa quis luctus fermentum, turpis mi volutpat justo, eu volutpat enim diam eget metus.</p><p>Lorem ipsum dolor sit amet, adipiscing elit. Nullam dignissim convallis est. Quisque aliquam. This is emphasized. Donec faucibus. Nunc iaculis suscipit dui. Nam sit amet sem. Aliquam libero nisi, imperdiet at, tincidunt nec, gravida vehicula, nisl. Maecenas ornare tortor. Donec sed tellus eget sapien fringilla nonummy. Mauris a ante. Suspendisse quam sem, consequat at, commodo vitae, feugiat in, nunc. Morbi imperdiet augue quis tellus. Mauris a ante. Suspendisse quam sem, consequat at, commodo vitae, feugiat in, nunc. Morbi imperdiet augue quis tellus. Praesent mattis, massa quis luctus fermentum, turpis mi volutpat justo, eu volutpat enim diam eget metus.</p><p>Lorem ipsum dolor sit amet, adipiscing elit. Nullam dignissim convallis est. Quisque aliquam. This is emphasized. Donec faucibus. Nunc iaculis suscipit dui. Nam sit amet sem. Aliquam libero nisi, imperdiet at, tincidunt nec, gravida vehicula, nisl. Maecenas ornare tortor. Donec sed tellus eget sapien fringilla nonummy. Mauris a ante. Suspendisse quam sem, consequat at, commodo vitae, feugiat in, nunc. Morbi imperdiet augue quis tellus. Mauris a ante. Suspendisse quam sem, consequat at, commodo vitae, feugiat in, nunc. Morbi imperdiet augue quis tellus. Praesent mattis, massa quis luctus fermentum, turpis mi volutpat justo, eu volutpat enim diam eget metus.</p><p>Lorem ipsum dolor sit amet, adipiscing elit. Nullam dignissim convallis est. Quisque aliquam. This is emphasized. Donec faucibus. Nunc iaculis suscipit dui. Nam sit amet sem. Aliquam libero nisi, imperdiet at, tincidunt nec, gravida vehicula, nisl. Maecenas ornare tortor. Donec sed tellus eget sapien fringilla nonummy. Mauris a ante. Suspendisse quam sem, consequat at, commodo vitae, feugiat in, nunc. Morbi imperdiet augue quis tellus. Mauris a ante. Suspendisse quam sem, consequat at, commodo vitae, feugiat in, nunc. Morbi imperdiet augue quis tellus. Praesent mattis, massa quis luctus fermentum, turpis mi volutpat justo, eu volutpat enim diam eget metus.</p><p>Lorem ipsum dolor sit amet, adipiscing elit. Nullam dignissim convallis est. Quisque aliquam. This is emphasized. Donec faucibus. Nunc iaculis suscipit dui. Nam sit amet sem. Aliquam libero nisi, imperdiet at, tincidunt nec, gravida vehicula, nisl. Maecenas ornare tortor. Donec sed tellus eget sapien fringilla nonummy. Mauris a ante. Suspendisse quam sem, consequat at, commodo vitae, feugiat in, nunc. Morbi imperdiet augue quis tellus. Mauris a ante. Suspendisse quam sem, consequat at, commodo vitae, feugiat in, nunc. Morbi imperdiet augue quis tellus. Praesent mattis, massa quis luctus fermentum, turpis mi volutpat justo, eu volutpat enim diam eget metus.</p><p>Lorem ipsum dolor sit amet, adipiscing elit. Nullam dignissim convallis est. Quisque aliquam. This is emphasized. Donec faucibus. Nunc iaculis suscipit dui. Nam sit amet sem. Aliquam libero nisi, imperdiet at, tincidunt nec, gravida vehicula, nisl. Maecenas ornare tortor. Donec sed tellus eget sapien fringilla nonummy. Mauris a ante. Suspendisse quam sem, consequat at, commodo vitae, feugiat in, nunc. Morbi imperdiet augue quis tellus. Mauris a ante. Suspendisse quam sem, consequat at, commodo vitae, feugiat in, nunc. Morbi imperdiet augue quis tellus. Praesent mattis, massa quis luctus fermentum, turpis mi volutpat justo, eu volutpat enim diam eget metus.</p><p>Lorem ipsum dolor sit amet, adipiscing elit. Nullam dignissim convallis est. Quisque aliquam. This is emphasized. Donec faucibus. Nunc iaculis suscipit dui. Nam sit amet sem. Aliquam libero nisi, imperdiet at, tincidunt nec, gravida vehicula, nisl. Maecenas ornare tortor. Donec sed tellus eget sapien fringilla nonummy. Mauris a ante. Suspendisse quam sem, consequat at, commodo vitae, feugiat in, nunc. Morbi imperdiet augue quis tellus. Mauris a ante. Suspendisse quam sem, consequat at, commodo vitae, feugiat in, nunc. Morbi imperdiet augue quis tellus. Praesent mattis, massa quis luctus fermentum, turpis mi volutpat justo, eu volutpat enim diam eget metus.</p><p>Lorem ipsum dolor sit amet, adipiscing elit. Nullam dignissim convallis est. Quisque aliquam. This is emphasized. Donec faucibus. Nunc iaculis suscipit dui. Nam sit amet sem. Aliquam libero nisi, imperdiet at, tincidunt nec, gravida vehicula, nisl. Maecenas ornare tortor. Donec sed tellus eget sapien fringilla nonummy. Mauris a ante. Suspendisse quam sem, consequat at, commodo vitae, feugiat in, nunc. Morbi imperdiet augue quis tellus. Mauris a ante. Suspendisse quam sem, consequat at, commodo vitae, feugiat in, nunc. Morbi imperdiet augue quis tellus. Praesent mattis, massa quis luctus fermentum, turpis mi volutpat justo, eu volutpat enim diam eget metus.</p><p>Lorem ipsum dolor sit amet, adipiscing elit. Nullam dignissim convallis est. Quisque aliquam. This is emphasized. Donec faucibus. Nunc iaculis suscipit dui. Nam sit amet sem. Aliquam libero nisi, imperdiet at, tincidunt nec, gravida vehicula, nisl. Maecenas ornare tortor. Donec sed tellus eget sapien fringilla nonummy. Mauris a ante. Suspendisse quam sem, consequat at, commodo vitae, feugiat in, nunc. Morbi imperdiet augue quis tellus. Mauris a ante. Suspendisse quam sem, consequat at, commodo vitae, feugiat in, nunc. Morbi imperdiet augue quis tellus. Praesent mattis, massa quis luctus fermentum, turpis mi volutpat justo, eu volutpat enim diam eget metus.</p><p>Lorem ipsum dolor sit amet, adipiscing elit. Nullam dignissim convallis est. Quisque aliquam. This is emphasized. Donec faucibus. Nunc iaculis suscipit dui. Nam sit amet sem. Aliquam libero nisi, imperdiet at, tincidunt nec, gravida vehicula, nisl. Maecenas ornare tortor. Donec sed tellus eget sapien fringilla nonummy. Mauris a ante. Suspendisse quam sem, consequat at, commodo vitae, feugiat in, nunc. Morbi imperdiet augue quis tellus. Mauris a ante. Suspendisse quam sem, consequat at, commodo vitae, feugiat in, nunc. Morbi imperdiet augue quis tellus. Praesent mattis, massa quis luctus fermentum, turpis mi volutpat justo, eu volutpat enim diam eget metus.</p><p>Lorem ipsum dolor sit amet, adipiscing elit. Nullam dignissim convallis est. Quisque aliquam. This is emphasized. Donec faucibus. Nunc iaculis suscipit dui. Nam sit amet sem. Aliquam libero nisi, imperdiet at, tincidunt nec, gravida vehicula, nisl. Maecenas ornare tortor. Donec sed tellus eget sapien fringilla nonummy. Mauris a ante. Suspendisse quam sem, consequat at, commodo vitae, feugiat in, nunc. Morbi imperdiet augue quis tellus. Mauris a ante. Suspendisse quam sem, consequat at, commodo vitae, feugiat in, nunc. Morbi imperdiet augue quis tellus. Praesent mattis, massa quis luctus fermentum, turpis mi volutpat justo, eu volutpat enim diam eget metus.</p><p>Lorem ipsum dolor sit amet, adipiscing elit. Nullam dignissim convallis est. Quisque aliquam. This is emphasized. Donec faucibus. Nunc iaculis suscipit dui. Nam sit amet sem. Aliquam libero nisi, imperdiet at, tincidunt nec, gravida vehicula, nisl. Maecenas ornare tortor. Donec sed tellus eget sapien fringilla nonummy. Mauris a ante. Suspendisse quam sem, consequat at, commodo vitae, feugiat in, nunc. Morbi imperdiet augue quis tellus. Mauris a ante. Suspendisse quam sem, consequat at, commodo vitae, feugiat in, nunc. Morbi imperdiet augue quis tellus. Praesent mattis, massa quis luctus fermentum, turpis mi volutpat justo, eu volutpat enim diam eget metus.</p><p>Lorem ipsum dolor sit amet, adipiscing elit. Nullam dignissim convallis est. Quisque aliquam. This is emphasized. Donec faucibus. Nunc iaculis suscipit dui. Nam sit amet sem. Aliquam libero nisi, imperdiet at, tincidunt nec, gravida vehicula, nisl. Maecenas ornare tortor. Donec sed tellus eget sapien fringilla nonummy. Mauris a ante. Suspendisse quam sem, consequat at, commodo vitae, feugiat in, nunc. Morbi imperdiet augue quis tellus. Mauris a ante. Suspendisse quam sem, consequat at, commodo vitae, feugiat in, nunc. Morbi imperdiet augue quis tellus. Praesent mattis, massa quis luctus fermentum, turpis mi volutpat justo, eu volutpat enim diam eget metus.</p><p>Lorem ipsum dolor sit amet, adipiscing elit. Nullam dignissim convallis est. Quisque aliquam. This is emphasized. Donec faucibus. Nunc iaculis suscipit dui. Nam sit amet sem. Aliquam libero nisi, imperdiet at, tincidunt nec, gravida vehicula, nisl. Maecenas ornare tortor. Donec sed tellus eget sapien fringilla nonummy. Mauris a ante. Suspendisse quam sem, consequat at, commodo vitae, feugiat in, nunc. Morbi imperdiet augue quis tellus. Mauris a ante. Suspendisse quam sem, consequat at, commodo vitae, feugiat in, nunc. Morbi imperdiet augue quis tellus. Praesent mattis, massa quis luctus fermentum, turpis mi volutpat justo, eu volutpat enim diam eget metus.</p><p>Lorem ipsum dolor sit amet, adipiscing elit. Nullam dignissim convallis est. Quisque aliquam. This is emphasized. Donec faucibus. Nunc iaculis suscipit dui. Nam sit amet sem. Aliquam libero nisi, imperdiet at, tincidunt nec, gravida vehicula, nisl. Maecenas ornare tortor. Donec sed tellus eget sapien fringilla nonummy. Mauris a ante. Suspendisse quam sem, consequat at, commodo vitae, feugiat in, nunc. Morbi imperdiet augue quis tellus. Mauris a ante. Suspendisse quam sem, consequat at, commodo vitae, feugiat in, nunc. Morbi imperdiet augue quis tellus. Praesent mattis, massa quis luctus fermentum, turpis mi volutpat justo, eu volutpat enim diam eget metus.</p><p>Lorem ipsum dolor sit amet, adipiscing elit. Nullam dignissim convallis est. Quisque aliquam. This is emphasized. Donec faucibus. Nunc iaculis suscipit dui. Nam sit amet sem. Aliquam libero nisi, imperdiet at, tincidunt nec, gravida vehicula, nisl. Maecenas ornare tortor. Donec sed tellus eget sapien fringilla nonummy. Mauris a ante. Suspendisse quam sem, consequat at, commodo vitae, feugiat in, nunc. Morbi imperdiet augue quis tellus. Mauris a ante. Suspendisse quam sem, consequat at, commodo vitae, feugiat in, nunc. Morbi imperdiet augue quis tellus. Praesent mattis, massa quis luctus fermentum, turpis mi volutpat justo, eu volutpat enim diam eget metus.</p><p>Lorem ipsum dolor sit amet, adipiscing elit. Nullam dignissim convallis est. Quisque aliquam. This is emphasized. Donec faucibus. Nunc iaculis suscipit dui. Nam sit amet sem. Aliquam libero nisi, imperdiet at, tincidunt nec, gravida vehicula, nisl. Maecenas ornare tortor. Donec sed tellus eget sapien fringilla nonummy. Mauris a ante. Suspendisse quam sem, consequat at, commodo vitae, feugiat in, nunc. Morbi imperdiet augue quis tellus. Mauris a ante. Suspendisse quam sem, consequat at, commodo vitae, feugiat in, nunc. Morbi imperdiet augue quis tellus. Praesent mattis, massa quis luctus fermentum, turpis mi volutpat justo, eu volutpat enim diam eget metus.</p>]]></wp:comment_content>
			<wp:comment_approved><![CDATA[liveblog]]></wp:comment_approved>
			<wp:comment_type><![CDATA[liveblog]]></wp:comment_type>
			<wp:comment_parent>0</wp:comment_parent>
			<wp:comment_user_id>1</wp:comment_user_id>
			<wp:commentmeta>
				<wp:meta_key><![CDATA[liveblog_hide_authors]]></wp:meta_key>
				<wp:meta_value><![CDATA[]]></wp:meta_value>
			</wp:commentmeta>
		</wp:comment>
		<wp:comment>
			<wp:comment_id>67</wp:comment_id>
			<wp:comment_author><![CDATA[admin]]></wp:comment_author>
			<wp:comment_author_email><![CDATA[admin@local.test]]></wp:comment_author_email>
			<wp:comment_author_url></wp:comment_author_url>
			<wp:comment_author_IP><![CDATA[]]></wp:comment_author_IP>
			<wp:comment_date><![CDATA[2018-05-06 18:09:03]]></wp:comment_date>
			<wp:comment_date_gmt><![CDATA[2018-05-06 18:09:03]]></wp:comment_date_gmt>
			<wp:comment_content><![CDATA[<p>Lorem ipsum dolor sit amet, adipiscing elit.</p><p>Nullam dignissim convallis est. Quisque aliquam.</p><p>Donec faucibus.</p><p>Nunc iaculis suscipit dui.</p><p>Nam sit amet sem.</p><p>Aliquam libero nisi, imperdiet at, tincidunt nec, gravida vehicula, nisl.</p><p>Maecenas ornare tortor.</p><p>Donec sed tellus eget sapien fringilla nonummy.</p><p>Mauris a ante.</p><p>Suspendisse quam sem, consequat at, commodo vitae, feugiat in, nunc.</p><p>Morbi imperdiet augue quis tellus.</p><p>Mauris a ante.</p><p>Suspendisse quam sem, consequat at, commodo vitae, feugiat in, nunc.</p><p>Morbi imperdiet augue quis tellus.</p><p>Praesent mattis, massa quis luctus fermentum, turpis mi volutpat justo, eu volutpat enim diam eget metus.</p><p>Lorem ipsum dolor sit amet, adipiscing elit.</p><p>Nullam dignissim convallis est. Quisque aliquam.</p><p>Donec faucibus.</p><p>Nunc iaculis suscipit dui.</p><p>Nam sit amet sem.</p><p>Aliquam libero nisi, imperdiet at, tincidunt nec, gravida vehicula, nisl.</p><p>Maecenas ornare tortor.</p><p>Donec sed tellus eget sapien fringilla nonummy.</p><p>Mauris a ante.</p><p>Suspendisse quam sem, consequat at, commodo vitae, feugiat in, nunc.</p><p>Morbi imperdiet augue quis tellus.</p><p>Mauris a ante.</p><p>Suspendisse quam sem, consequat at, commodo vitae, feugiat in, nunc.</p><p>Morbi imperdiet augue quis tellus.</p><p>Praesent mattis, massa quis luctus fermentum, turpis mi volutpat justo, eu volutpat enim diam eget metus.</p><p>Lorem ipsum dolor sit amet, adipiscing elit.</p><p>Nullam dignissim convallis est. Quisque aliquam.</p><p>Donec faucibus.</p><p>Nunc iaculis suscipit dui.</p><p>Nam sit amet sem.</p><p>Aliquam libero nisi, imperdiet at, tincidunt nec, gravida vehicula, nisl.</p><p>Maecenas ornare tortor.</p><p>Donec sed tellus eget sapien fringilla nonummy.</p><p>Mauris a ante.</p><p>Suspendisse quam sem, consequat at, commodo vitae, feugiat in, nunc.</p><p>Morbi imperdiet augue quis tellus.</p><p>Mauris a ante.</p><p>Suspendisse quam sem, consequat at, commodo vitae, feugiat in, nunc.</p><p>Morbi imperdiet augue quis tellus.</p><p>Praesent mattis, massa quis luctus fermentum, turpis mi volutpat justo, eu volutpat enim diam eget metus.</p><p>Lorem ipsum dolor sit amet, adipiscing elit.</p><p>Nullam dignissim convallis est. Quisque aliquam.</p><p>Donec faucibus.</p><p>Nunc iaculis suscipit dui.</p><p>Nam sit amet sem.</p><p>Aliquam libero nisi, imperdiet at, tincidunt nec, gravida vehicula, nisl.</p><p>Maecenas ornare tortor.</p><p>Donec sed tellus eget sapien fringilla nonummy.</p><p>Mauris a ante.</p><p>Suspendisse quam sem, consequat at, commodo vitae, feugiat in, nunc.</p><p>Morbi imperdiet augue quis tellus.</p><p>Mauris a ante.</p><p>Suspendisse quam sem, consequat at, commodo vitae, feugiat in, nunc.</p><p>Morbi imperdiet augue quis tellus.</p><p>Praesent mattis, massa quis luctus fermentum, turpis mi volutpat justo, eu volutpat enim diam eget metus.</p><p>Lorem ipsum dolor sit amet, adipiscing elit.</p><p>Nullam dignissim convallis est. Quisque aliquam.</p><p>Donec faucibus.</p><p>Nunc iaculis suscipit dui.</p><p>Nam sit amet sem.</p><p>Aliquam libero nisi, imperdiet at, tincidunt nec, gravida vehicula, nisl.</p><p>Maecenas ornare tortor.</p><p>Donec sed tellus eget sapien fringilla nonummy.</p><p>Mauris a ante.</p><p>Suspendisse quam sem, consequat at, commodo vitae, feugiat in, nunc.</p><p>Morbi imperdiet augue quis tellus.</p><p>Mauris a ante.</p><p>Suspendisse quam sem, consequat at, commodo vitae, feugiat in, nunc.</p><p>Morbi imperdiet augue quis tellus.</p><p>Praesent mattis, massa quis luctus fermentum, turpis mi volutpat justo, eu volutpat enim diam eget metus.</p><p>Lorem ipsum dolor sit amet, adipiscing elit.</p><p>Nullam dignissim convallis est. Quisque aliquam.</p><p>Donec faucibus.</p><p>Nunc iaculis suscipit dui.</p><p>Nam sit amet sem.</p><p>Aliquam libero nisi, imperdiet at, tincidunt nec, gravida vehicula, nisl.</p><p>Maecenas ornare tortor.</p><p>Donec sed tellus eget sapien fringilla nonummy.</p><p>Mauris a ante.</p><p>Suspendisse quam sem, consequat at, commodo vitae, feugiat in, nunc.</p><p>Morbi imperdiet augue quis tellus.</p><p>Mauris a ante.</p><p>Suspendisse quam sem, consequat at, commodo vitae, feugiat in, nunc.</p><p>Morbi imperdiet augue quis tellus.</p><p>Praesent mattis, massa quis luctus fermentum, turpis mi volutpat justo, eu volutpat enim diam eget metus.</p><p>Lorem ipsum dolor sit amet, adipiscing elit.</p><p>Nullam dignissim convallis est. Quisque aliquam.</p><p>Donec faucibus.</p><p>Nunc iaculis suscipit dui.</p><p>Nam sit amet sem.</p><p>Aliquam libero nisi, imperdiet at, tincidunt nec, gravida vehicula, nisl.</p><p>Maecenas ornare tortor.</p><p>Donec sed tellus eget sapien fringilla nonummy.</p><p>Mauris a ante.</p><p>Suspendisse quam sem, consequat at, commodo vitae, feugiat in, nunc.</p><p>Morbi imperdiet augue quis tellus.</p><p>Mauris a ante.</p><p>Suspendisse quam sem, consequat at, commodo vitae, feugiat in, nunc.</p><p>Morbi imperdiet augue quis tellus.</p><p>Praesent mattis, massa quis luctus fermentum, turpis mi volutpat justo, eu volutpat enim diam eget metus.</p><p>Lorem ipsum dolor sit amet, adipiscing elit.</p><p>Nullam dignissim convallis est. Quisque aliquam.</p><p>Donec faucibus.</p><p>Nunc iaculis suscipit dui.</p><p>Nam sit amet sem.</p><p>Aliquam libero nisi, imperdiet at, tincidunt nec, gravida vehicula, nisl.</p><p>Maecenas ornare tortor.</p><p>Donec sed tellus eget sapien fringilla nonummy.</p><p>Mauris a ante.</p><p>Suspendisse quam sem, consequat at, commodo vitae, feugiat in, nunc.</p><p>Morbi imperdiet augue quis tellus.</p><p>Mauris a ante.</p><p>Suspendisse quam sem, consequat at, commodo vitae, feugiat in, nunc.</p><p>Morbi imperdiet augue quis tellus.</p><p>Praesent mattis, massa quis luctus fermentum, turpis mi volutpat justo, eu volutpat enim diam eget metus.</p><p>Lorem ipsum dolor sit amet, adipiscing elit.</p><p>Nullam dignissim convallis est. Quisque aliquam.</p><p>Donec faucibus.</p><p>Nunc iaculis suscipit dui.</p><p>Nam sit amet sem.</p><p>Aliquam libero nisi, imperdiet at, tincidunt nec, gravida vehicula, nisl.</p><p>Maecenas ornare tortor.</p><p>Donec sed tellus eget sapien fringilla nonummy.</p><p>Mauris a ante.</p><p>Suspendisse quam sem, consequat at, commodo vitae, feugiat in, nunc.</p><p>Morbi imperdiet augue quis tellus.</p><p>Mauris a ante.</p><p>Suspendisse quam sem, consequat at, commodo vitae, feugiat in, nunc.</p><p>Morbi imperdiet augue quis tellus.</p><p>Praesent mattis, massa quis luctus fermentum, turpis mi volutpat justo, eu volutpat enim diam eget metus.</p><p>Lorem ipsum dolor sit amet, adipiscing elit.</p><p>Nullam dignissim convallis est. Quisque aliquam.</p><p>Donec faucibus.</p><p>Nunc iaculis suscipit dui.</p><p>Nam sit amet sem.</p><p>Aliquam libero nisi, imperdiet at, tincidunt nec, gravida vehicula, nisl.</p><p>Maecenas ornare tortor.</p><p>Donec sed tellus eget sapien fringilla nonummy.</p><p>Mauris a ante.</p><p>Suspendisse quam sem, consequat at, commodo vitae, feugiat in, nunc.</p><p>Morbi imperdiet augue quis tellus.</p><p>Mauris a ante.</p><p>Suspendisse quam sem, consequat at, commodo vitae, feugiat in, nunc.</p><p>Morbi imperdiet augue quis tellus.</p><p>Praesent mattis, massa quis luctus fermentum, turpis mi volutpat justo, eu volutpat enim diam eget metus.</p><p>Lorem ipsum dolor sit amet, adipiscing elit.</p><p>Nullam dignissim convallis est. Quisque aliquam.</p><p>Donec faucibus.</p><p>Nunc iaculis suscipit dui.</p><p>Nam sit amet sem.</p><p>Aliquam libero nisi, imperdiet at, tincidunt nec, gravida vehicula, nisl.</p><p>Maecenas ornare tortor.</p><p>Donec sed tellus eget sapien fringilla nonummy.</p><p>Mauris a ante.</p><p>Suspendisse quam sem, consequat at, commodo vitae, feugiat in, nunc.</p><p>Morbi imperdiet augue quis tellus.</p><p>Mauris a ante.</p><p>Suspendisse quam sem, consequat at, commodo vitae, feugiat in, nunc.</p><p>Morbi imperdiet augue quis tellus.</p><p>Praesent mattis, massa quis luctus fermentum, turpis mi volutpat justo, eu volutpat enim diam eget metus.</p><p>Lorem ipsum dolor sit amet, adipiscing elit.</p><p>Nullam dignissim convallis est. Quisque aliquam.</p><p>Donec faucibus.</p><p>Nunc iaculis suscipit dui.</p><p>Nam sit amet sem.</p><p>Aliquam libero nisi, imperdiet at, tincidunt nec, gravida vehicula, nisl.</p><p>Maecenas ornare tortor.</p><p>Donec sed tellus eget sapien fringilla nonummy.</p><p>Mauris a ante.</p><p>Suspendisse quam sem, consequat at, commodo vitae, feugiat in, nunc.</p><p>Morbi imperdiet augue quis tellus.</p><p>Mauris a ante.</p><p>Suspendisse quam sem, consequat at, commodo vitae, feugiat in, nunc.</p><p>Morbi imperdiet augue quis tellus.</p><p>Praesent mattis, massa quis luctus fermentum, turpis mi volutpat justo, eu volutpat enim diam eget metus.</p><p>Lorem ipsum dolor sit amet, adipiscing elit.</p><p>Nullam dignissim convallis est. Quisque aliquam.</p><p>Donec faucibus.</p><p>Nunc iaculis suscipit dui.</p><p>Nam sit amet sem.</p><p>Aliquam libero nisi, imperdiet at, tincidunt nec, gravida vehicula, nisl.</p><p>Maecenas ornare tortor.</p><p>Donec sed tellus eget sapien fringilla nonummy.</p><p>Mauris a ante.</p><p>Suspendisse quam sem, consequat at, commodo vitae, feugiat in, nunc.</p><p>Morbi imperdiet augue quis tellus.</p><p>Mauris a ante.</p><p>Suspendisse quam sem, consequat at, commodo vitae, feugiat in, nunc.</p><p>Morbi imperdiet augue quis tellus.</p><p>Praesent mattis, massa quis luctus fermentum, turpis mi volutpat justo, eu volutpat enim diam eget metus.</p><p>Lorem ipsum dolor sit amet, adipiscing elit.</p><p>Nullam dignissim convallis est. Quisque aliquam.</p><p>Donec faucibus.</p><p>Nunc iaculis suscipit dui.</p><p>Nam sit amet sem.</p><p>Aliquam libero nisi, imperdiet at, tincidunt nec, gravida vehicula, nisl.</p><p>Maecenas ornare tortor.</p><p>Donec sed tellus eget sapien fringilla nonummy.</p><p>Mauris a ante.</p><p>Suspendisse quam sem, consequat at, commodo vitae, feugiat in, nunc.</p><p>Morbi imperdiet augue quis tellus.</p><p>Mauris a ante.</p><p>Suspendisse quam sem, consequat at, commodo vitae, feugiat in, nunc.</p><p>Morbi imperdiet augue quis tellus.</p><p>Praesent mattis, massa quis luctus fermentum, turpis mi volutpat justo, eu volutpat enim diam eget metus.</p><p>Lorem ipsum dolor sit amet, adipiscing elit.</p><p>Nullam dignissim convallis est. Quisque aliquam.</p><p>Donec faucibus.</p><p>Nunc iaculis suscipit dui.</p><p>Nam sit amet sem.</p><p>Aliquam libero nisi, imperdiet at, tincidunt nec, gravida vehicula, nisl.</p><p>Maecenas ornare tortor.</p><p>Donec sed tellus eget sapien fringilla nonummy.</p><p>Mauris a ante.</p><p>Suspendisse quam sem, consequat at, commodo vitae, feugiat in, nunc.</p><p>Morbi imperdiet augue quis tellus.</p><p>Mauris a ante.</p><p>Suspendisse quam sem, consequat at, commodo vitae, feugiat in, nunc.</p><p>Morbi imperdiet augue quis tellus.</p><p>Praesent mattis, massa quis luctus fermentum, turpis mi volutpat justo, eu volutpat enim diam eget metus.</p><p>Lorem ipsum dolor sit amet, adipiscing elit.</p><p>Nullam dignissim convallis est. Quisque aliquam.</p><p>Donec faucibus.</p><p>Nunc iaculis suscipit dui.</p><p>Nam sit amet sem.</p><p>Aliquam libero nisi, imperdiet at, tincidunt nec, gravida vehicula, nisl.</p><p>Maecenas ornare tortor.</p><p>Donec sed tellus eget sapien fringilla nonummy.</p><p>Mauris a ante.</p><p>Suspendisse quam sem, consequat at, commodo vitae, feugiat in, nunc.</p><p>Morbi imperdiet augue quis tellus.</p><p>Mauris a ante.</p><p>Suspendisse quam sem, consequat at, commodo vitae, feugiat in, nunc.</p><p>Morbi imperdiet augue quis tellus.</p><p>Praesent mattis, massa quis luctus fermentum, turpis mi volutpat justo, eu volutpat enim diam eget metus.</p><p>Lorem ipsum dolor sit amet, adipiscing elit.</p><p>Nullam dignissim convallis est. Quisque aliquam.</p><p>Donec faucibus.</p><p>Nunc iaculis suscipit dui.</p><p>Nam sit amet sem.</p><p>Aliquam libero nisi, imperdiet at, tincidunt nec, gravida vehicula, nisl.</p><p>Maecenas ornare tortor.</p><p>Donec sed tellus eget sapien fringilla nonummy.</p><p>Mauris a ante.</p><p>Suspendisse quam sem, consequat at, commodo vitae, feugiat in, nunc.</p><p>Morbi imperdiet augue quis tellus.</p><p>Mauris a ante.</p><p>Suspendisse quam sem, consequat at, commodo vitae, feugiat in, nunc.</p><p>Morbi imperdiet augue quis tellus.</p><p>Praesent mattis, massa quis luctus fermentum, turpis mi volutpat justo, eu volutpat enim diam eget metus.</p><p>Lorem ipsum dolor sit amet, adipiscing elit.</p><p>Nullam dignissim convallis est. Quisque aliquam.</p><p>Donec faucibus.</p><p>Nunc iaculis suscipit dui.</p><p>Nam sit amet sem.</p><p>Aliquam libero nisi, imperdiet at, tincidunt nec, gravida vehicula, nisl.</p><p>Maecenas ornare tortor.</p><p>Donec sed tellus eget sapien fringilla nonummy.</p><p>Mauris a ante.</p><p>Suspendisse quam sem, consequat at, commodo vitae, feugiat in, nunc.</p><p>Morbi imperdiet augue quis tellus.</p><p>Mauris a ante.</p><p>Suspendisse quam sem, consequat at, commodo vitae, feugiat in, nunc.</p><p>Morbi imperdiet augue quis tellus.</p><p>Praesent mattis, massa quis luctus fermentum, turpis mi volutpat justo, eu volutpat enim diam eget metus.</p><p>Lorem ipsum dolor sit amet, adipiscing elit.</p><p>Nullam dignissim convallis est. Quisque aliquam.</p><p>Donec faucibus.</p><p>Nunc iaculis suscipit dui.</p><p>Nam sit amet sem.</p><p>Aliquam libero nisi, imperdiet at, tincidunt nec, gravida vehicula, nisl.</p><p>Maecenas ornare tortor.</p><p>Donec sed tellus eget sapien fringilla nonummy.</p><p>Mauris a ante.</p><p>Suspendisse quam sem, consequat at, commodo vitae, feugiat in, nunc.</p><p>Morbi imperdiet augue quis tellus.</p><p>Mauris a ante.</p><p>Suspendisse quam sem, consequat at, commodo vitae, feugiat in, nunc.</p><p>Morbi imperdiet augue quis tellus.</p><p>Praesent mattis, massa quis luctus fermentum, turpis mi volutpat justo, eu volutpat enim diam eget metus.</p><p>Lorem ipsum dolor sit amet, adipiscing elit.</p><p>Nullam dignissim convallis est. Quisque aliquam.</p><p>Donec faucibus.</p><p>Nunc iaculis suscipit dui.</p><p>Nam sit amet sem.</p><p>Aliquam libero nisi, imperdiet at, tincidunt nec, gravida vehicula, nisl.</p><p>Maecenas ornare tortor.</p><p>Donec sed tellus eget sapien fringilla nonummy.</p><p>Mauris a ante.</p><p>Suspendisse quam sem, consequat at, commodo vitae, feugiat in, nunc.</p><p>Morbi imperdiet augue quis tellus.</p><p>Mauris a ante.</p><p>Suspendisse quam sem, consequat at, commodo vitae, feugiat in, nunc.</p><p>Morbi imperdiet augue quis tellus.</p><p>Praesent mattis, massa quis luctus fermentum, turpis mi volutpat justo, eu volutpat enim diam eget metus.</p><p>Lorem ipsum dolor sit amet, adipiscing elit.</p><p>Nullam dignissim convallis est. Quisque aliquam.</p><p>Donec faucibus.</p><p>Nunc iaculis suscipit dui.</p><p>Nam sit amet sem.</p><p>Aliquam libero nisi, imperdiet at, tincidunt nec, gravida vehicula, nisl.</p><p>Maecenas ornare tortor.</p><p>Donec sed tellus eget sapien fringilla nonummy.</p><p>Mauris a ante.</p><p>Suspendisse quam sem, consequat at, commodo vitae, feugiat in, nunc.</p><p>Morbi imperdiet augue quis tellus.</p><p>Mauris a ante.</p><p>Suspendisse quam sem, consequat at, commodo vitae, feugiat in, nunc.</p><p>Morbi imperdiet augue quis tellus.</p><p>Praesent mattis, massa quis luctus fermentum, turpis mi volutpat justo, eu volutpat enim diam eget metus.</p><p>Lorem ipsum dolor sit amet, adipiscing elit.</p><p>Nullam dignissim convallis est. Quisque aliquam.</p><p>Donec faucibus.</p><p>Nunc iaculis suscipit dui.</p><p>Nam sit amet sem.</p><p>Aliquam libero nisi, imperdiet at, tincidunt nec, gravida vehicula, nisl.</p><p>Maecenas ornare tortor.</p><p>Donec sed tellus eget sapien fringilla nonummy.</p><p>Mauris a ante.</p><p>Suspendisse quam sem, consequat at, commodo vitae, feugiat in, nunc.</p><p>Morbi imperdiet augue quis tellus.</p><p>Mauris a ante.</p><p>Suspendisse quam sem, consequat at, commodo vitae, feugiat in, nunc.</p><p>Morbi imperdiet augue quis tellus.</p><p>Praesent mattis, massa quis luctus fermentum, turpis mi volutpat justo, eu volutpat enim diam eget metus.</p><p>Lorem ipsum dolor sit amet, adipiscing elit.</p><p>Nullam dignissim convallis est. Quisque aliquam.</p><p>Donec faucibus.</p><p>Nunc iaculis suscipit dui.</p><p>Nam sit amet sem.</p><p>Aliquam libero nisi, imperdiet at, tincidunt nec, gravida vehicula, nisl.</p><p>Maecenas ornare tortor.</p><p>Donec sed tellus eget sapien fringilla nonummy.</p><p>Mauris a ante.</p><p>Suspendisse quam sem, consequat at, commodo vitae, feugiat in, nunc.</p><p>Morbi imperdiet augue quis tellus.</p><p>Mauris a ante.</p><p>Suspendisse quam sem, consequat at, commodo vitae, feugiat in, nunc.</p><p>Morbi imperdiet augue quis tellus.</p><p>Praesent mattis, massa quis luctus fermentum, turpis mi volutpat justo, eu volutpat enim diam eget metus.</p><p>Lorem ipsum dolor sit amet, adipiscing elit.</p><p>Nullam dignissim convallis est. Quisque aliquam.</p><p>Donec faucibus.</p><p>Nunc iaculis suscipit dui.</p><p>Nam sit amet sem.</p><p>Aliquam libero nisi, imperdiet at, tincidunt nec, gravida vehicula, nisl.</p><p>Maecenas ornare tortor.</p><p>Donec sed tellus eget sapien fringilla nonummy.</p><p>Mauris a ante.</p><p>Suspendisse quam sem, consequat at, commodo vitae, feugiat in, nunc.</p><p>Morbi imperdiet augue quis tellus.</p><p>Mauris a ante.</p><p>Suspendisse quam sem, consequat at, commodo vitae, feugiat in, nunc.</p><p>Morbi imperdiet augue quis tellus.</p><p>Praesent mattis, massa quis luctus fermentum, turpis mi volutpat justo, eu volutpat enim diam eget metus.</p><p>Lorem ipsum dolor sit amet, adipiscing elit.</p><p>Nullam dignissim convallis est. Quisque aliquam.</p><p>Donec faucibus.</p><p>Nunc iaculis suscipit dui.</p><p>Nam sit amet sem.</p><p>Aliquam libero nisi, imperdiet at, tincidunt nec, gravida vehicula, nisl.</p><p>Maecenas ornare tortor.</p><p>Donec sed tellus eget sapien fringilla nonummy.</p><p>Mauris a ante.</p><p>Suspendisse quam sem, consequat at, commodo vitae, feugiat in, nunc.</p><p>Morbi imperdiet augue quis tellus.</p><p>Mauris a ante.</p><p>Suspendisse quam sem, consequat at, commodo vitae, feugiat in, nunc.</p><p>Morbi imperdiet augue quis tellus.</p><p>Praesent mattis, massa quis luctus fermentum, turpis mi volutpat justo, eu volutpat enim diam eget metus.</p><p>Lorem ipsum dolor sit amet, adipiscing elit.</p><p>Nullam dignissim convallis est. Quisque aliquam.</p><p>Donec faucibus.</p><p>Nunc iaculis suscipit dui.</p><p>Nam sit amet sem.</p><p>Aliquam libero nisi, imperdiet at, tincidunt nec, gravida vehicula, nisl.</p><p>Maecenas ornare tortor.</p><p>Donec sed tellus eget sapien fringilla nonummy.</p><p>Mauris a ante.</p><p>Suspendisse quam sem, consequat at, commodo vitae, feugiat in, nunc.</p><p>Morbi imperdiet augue quis tellus.</p><p>Mauris a ante.</p><p>Suspendisse quam sem, consequat at, commodo vitae, feugiat in, nunc.</p><p>Morbi imperdiet augue quis tellus.</p><p>Praesent mattis, massa quis luctus fermentum, turpis mi volutpat justo, eu volutpat enim diam eget metus.</p><p>Lorem ipsum dolor sit amet, adipiscing elit.</p><p>Nullam dignissim convallis est. Quisque aliquam.</p><p>Donec faucibus.</p><p>Nunc iaculis suscipit dui.</p><p>Nam sit amet sem.</p><p>Aliquam libero nisi, imperdiet at, tincidunt nec, gravida vehicula, nisl.</p><p>Maecenas ornare tortor.</p><p>Donec sed tellus eget sapien fringilla nonummy.</p><p>Mauris a ante.</p><p>Suspendisse quam sem, consequat at, commodo vitae, feugiat in, nunc.</p><p>Morbi imperdiet augue quis tellus.</p><p>Mauris a ante.</p><p>Suspendisse quam sem, consequat at, commodo vitae, feugiat in, nunc.</p><p>Morbi imperdiet augue quis tellus.</p><p>Praesent mattis, massa quis luctus fermentum, turpis mi volutpat justo, eu volutpat enim diam eget metus.</p><p>Lorem ipsum dolor sit amet, adipiscing elit.</p><p>Nullam dignissim convallis est. Quisque aliquam.</p><p>Donec faucibus.</p><p>Nunc iaculis suscipit dui.</p><p>Nam sit amet sem.</p><p>Aliquam libero nisi, imperdiet at, tincidunt nec, gravida vehicula, nisl.</p><p>Maecenas ornare tortor.</p><p>Donec sed tellus eget sapien fringilla nonummy.</p><p>Mauris a ante.</p><p>Suspendisse quam sem, consequat at, commodo vitae, feugiat in, nunc.</p><p>Morbi imperdiet augue quis tellus.</p><p>Mauris a ante.</p><p>Suspendisse quam sem, consequat at, commodo vitae, feugiat in, nunc.</p><p>Morbi imperdiet augue quis tellus.</p><p>Praesent mattis, massa quis luctus fermentum, turpis mi volutpat justo, eu volutpat enim diam eget metus.</p><p>Lorem ipsum dolor sit amet, adipiscing elit.</p><p>Nullam dignissim convallis est. Quisque aliquam.</p><p>Donec faucibus.</p><p>Nunc iaculis suscipit dui.</p><p>Nam sit amet sem.</p><p>Aliquam libero nisi, imperdiet at, tincidunt nec, gravida vehicula, nisl.</p><p>Maecenas ornare tortor.</p><p>Donec sed tellus eget sapien fringilla nonummy.</p><p>Mauris a ante.</p><p>Suspendisse quam sem, consequat at, commodo vitae, feugiat in, nunc.</p><p>Morbi imperdiet augue quis tellus.</p><p>Mauris a ante.</p><p>Suspendisse quam sem, consequat at, commodo vitae, feugiat in, nunc.</p><p>Morbi imperdiet augue quis tellus.</p><p>Praesent mattis, massa quis luctus fermentum, turpis mi volutpat justo, eu volutpat enim diam eget metus.</p><p>Lorem ipsum dolor sit amet, adipiscing elit.</p><p>Nullam dignissim convallis est. Quisque aliquam.</p><p>Donec faucibus.</p><p>Nunc iaculis suscipit dui.</p><p>Nam sit amet sem.</p><p>Aliquam libero nisi, imperdiet at, tincidunt nec, gravida vehicula, nisl.</p><p>Maecenas ornare tortor.</p><p>Donec sed tellus eget sapien fringilla nonummy.</p><p>Mauris a ante.</p><p>Suspendisse quam sem, consequat at, commodo vitae, feugiat in, nunc.</p><p>Morbi imperdiet augue quis tellus.</p><p>Mauris a ante.</p><p>Suspendisse quam sem, consequat at, commodo vitae, feugiat in, nunc.</p><p>Morbi imperdiet augue quis tellus.</p><p>Praesent mattis, massa quis luctus fermentum, turpis mi volutpat justo, eu volutpat enim diam eget metus.</p><p>Lorem ipsum dolor sit amet, adipiscing elit.</p><p>Nullam dignissim convallis est. Quisque aliquam.</p><p>Donec faucibus.</p><p>Nunc iaculis suscipit dui.</p><p>Nam sit amet sem.</p><p>Aliquam libero nisi, imperdiet at, tincidunt nec, gravida vehicula, nisl.</p><p>Maecenas ornare tortor.</p><p>Donec sed tellus eget sapien fringilla nonummy.</p><p>Mauris a ante.</p><p>Suspendisse quam sem, consequat at, commodo vitae, feugiat in, nunc.</p><p>Morbi imperdiet augue quis tellus.</p><p>Mauris a ante.</p><p>Suspendisse quam sem, consequat at, commodo vitae, feugiat in, nunc.</p><p>Morbi imperdiet augue quis tellus.</p><p>Praesent mattis, massa quis luctus fermentum, turpis mi volutpat justo, eu volutpat enim diam eget metus.</p><p>Lorem ipsum dolor sit amet, adipiscing elit.</p><p>Nullam dignissim convallis est. Quisque aliquam.</p><p>Donec faucibus.</p><p>Nunc iaculis suscipit dui.</p><p>Nam sit amet sem.</p><p>Aliquam libero nisi, imperdiet at, tincidunt nec, gravida vehicula, nisl.</p><p>Maecenas ornare tortor.</p><p>Donec sed tellus eget sapien fringilla nonummy.</p><p>Mauris a ante.</p><p>Suspendisse quam sem, consequat at, commodo vitae, feugiat in, nunc.</p><p>Morbi imperdiet augue quis tellus.</p><p>Mauris a ante.</p><p>Suspendisse quam sem, consequat at, commodo vitae, feugiat in, nunc.</p><p>Morbi imperdiet augue quis tellus.</p><p>Praesent mattis, massa quis luctus fermentum, turpis mi volutpat justo, eu volutpat enim diam eget metus.</p><p>Lorem ipsum dolor sit amet, adipiscing elit.</p><p>Nullam dignissim convallis est. Quisque aliquam.</p><p>Donec faucibus.</p><p>Nunc iaculis suscipit dui.</p><p>Nam sit amet sem.</p><p>Aliquam libero nisi, imperdiet at, tincidunt nec, gravida vehicula, nisl.</p><p>Maecenas ornare tortor.</p><p>Donec sed tellus eget sapien fringilla nonummy.</p><p>Mauris a ante.</p><p>Suspendisse quam sem, consequat at, commodo vitae, feugiat in, nunc.</p><p>Morbi imperdiet augue quis tellus.</p><p>Mauris a ante.</p><p>Suspendisse quam sem, consequat at, commodo vitae, feugiat in, nunc.</p><p>Morbi imperdiet augue quis tellus.</p><p>Praesent mattis, massa quis luctus fermentum, turpis mi volutpat justo, eu volutpat enim diam eget metus.</p><p>Lorem ipsum dolor sit amet, adipiscing elit.</p><p>Nullam dignissim convallis est. Quisque aliquam.</p><p>Donec faucibus.</p><p>Nunc iaculis suscipit dui.</p><p>Nam sit amet sem.</p><p>Aliquam libero nisi, imperdiet at, tincidunt nec, gravida vehicula, nisl.</p><p>Maecenas ornare tortor.</p><p>Donec sed tellus eget sapien fringilla nonummy.</p><p>Mauris a ante.</p><p>Suspendisse quam sem, consequat at, commodo vitae, feugiat in, nunc.</p><p>Morbi imperdiet augue quis tellus.</p><p>Mauris a ante.</p><p>Suspendisse quam sem, consequat at, commodo vitae, feugiat in, nunc.</p><p>Morbi imperdiet augue quis tellus.</p><p>Praesent mattis, massa quis luctus fermentum, turpis mi volutpat justo, eu volutpat enim diam eget metus.</p><p>Lorem ipsum dolor sit amet, adipiscing elit.</p><p>Nullam dignissim convallis est. Quisque aliquam.</p><p>Donec faucibus.</p><p>Nunc iaculis suscipit dui.</p><p>Nam sit amet sem.</p><p>Aliquam libero nisi, imperdiet at, tincidunt nec, gravida vehicula, nisl.</p><p>Maecenas ornare tortor.</p><p>Donec sed tellus eget sapien fringilla nonummy.</p><p>Mauris a ante.</p><p>Suspendisse quam sem, consequat at, commodo vitae, feugiat in, nunc.</p><p>Morbi imperdiet augue quis tellus.</p><p>Mauris a ante.</p><p>Suspendisse quam sem, consequat at, commodo vitae, feugiat in, nunc.</p><p>Morbi imperdiet augue quis tellus.</p><p>Praesent mattis, massa quis luctus fermentum, turpis mi volutpat justo, eu volutpat enim diam eget metus.</p><p>Lorem ipsum dolor sit amet, adipiscing elit.</p><p>Nullam dignissim convallis est. Quisque aliquam.</p><p>Donec faucibus.</p><p>Nunc iaculis suscipit dui.</p><p>Nam sit amet sem.</p><p>Aliquam libero nisi, imperdiet at, tincidunt nec, gravida vehicula, nisl.</p><p>Maecenas ornare tortor.</p><p>Donec sed tellus eget sapien fringilla nonummy.</p><p>Mauris a ante.</p><p>Suspendisse quam sem, consequat at, commodo vitae, feugiat in, nunc.</p><p>Morbi imperdiet augue quis tellus.</p><p>Mauris a ante.</p><p>Suspendisse quam sem, consequat at, commodo vitae, feugiat in, nunc.</p><p>Morbi imperdiet augue quis tellus.</p><p>Praesent mattis, massa quis luctus fermentum, turpis mi volutpat justo, eu volutpat enim diam eget metus.</p><p>Lorem ipsum dolor sit amet, adipiscing elit.</p><p>Nullam dignissim convallis est. Quisque aliquam.</p><p>Donec faucibus.</p><p>Nunc iaculis suscipit dui.</p><p>Nam sit amet sem.</p><p>Aliquam libero nisi, imperdiet at, tincidunt nec, gravida vehicula, nisl.</p><p>Maecenas ornare tortor.</p><p>Donec sed tellus eget sapien fringilla nonummy.</p><p>Mauris a ante.</p><p>Suspendisse quam sem, consequat at, commodo vitae, feugiat in, nunc.</p><p>Morbi imperdiet augue quis tellus.</p><p>Mauris a ante.</p><p>Suspendisse quam sem, consequat at, commodo vitae, feugiat in, nunc.</p><p>Morbi imperdiet augue quis tellus.</p><p>Praesent mattis, massa quis luctus fermentum, turpis mi volutpat justo, eu volutpat enim diam eget metus.</p><p>Lorem ipsum dolor sit amet, adipiscing elit.</p><p>Nullam dignissim convallis est. Quisque aliquam.</p><p>Donec faucibus.</p><p>Nunc iaculis suscipit dui.</p><p>Nam sit amet sem.</p><p>Aliquam libero nisi, imperdiet at, tincidunt nec, gravida vehicula, nisl.</p><p>Maecenas ornare tortor.</p><p>Donec sed tellus eget sapien fringilla nonummy.</p><p>Mauris a ante.</p><p>Suspendisse quam sem, consequat at, commodo vitae, feugiat in, nunc.</p><p>Morbi imperdiet augue quis tellus.</p><p>Mauris a ante.</p><p>Suspendisse quam sem, consequat at, commodo vitae, feugiat in, nunc.</p><p>Morbi imperdiet augue quis tellus.</p><p>Praesent mattis, massa quis luctus fermentum, turpis mi volutpat justo, eu volutpat enim diam eget metus.</p>]]></wp:comment_content>
			<wp:comment_approved><![CDATA[liveblog]]></wp:comment_approved>
			<wp:comment_type><![CDATA[liveblog]]></wp:comment_type>
			<wp:comment_parent>0</wp:comment_parent>
			<wp:comment_user_id>1</wp:comment_user_id>
			<wp:commentmeta>
				<wp:meta_key><![CDATA[liveblog_hide_authors]]></wp:meta_key>
				<wp:meta_value><![CDATA[]]></wp:meta_value>
			</wp:commentmeta>
		</wp:comment>
	</item>
</channel>
</rss>
